{"C:\\Users\\gitav\\Downloads\\cuidar-bem\\backend\\src\\app.module.ts": {"path":"C:\\Users\\gitav\\Downloads\\cuidar-bem\\backend\\src\\app.module.ts","statementMap":{"0":{"start":{"line":1,"column":0},"end":{"line":1,"column":54}},"1":{"start":{"line":2,"column":0},"end":{"line":2,"column":46}},"2":{"start":{"line":3,"column":0},"end":{"line":3,"column":50}},"3":{"start":{"line":4,"column":0},"end":{"line":4,"column":48}},"4":{"start":{"line":5,"column":0},"end":{"line":5,"column":51}},"5":{"start":{"line":6,"column":0},"end":{"line":6,"column":66}},"6":{"start":{"line":7,"column":0},"end":{"line":7,"column":60}},"7":{"start":{"line":8,"column":0},"end":{"line":8,"column":57}},"8":{"start":{"line":9,"column":0},"end":{"line":9,"column":60}},"9":{"start":{"line":10,"column":0},"end":{"line":10,"column":51}},"10":{"start":{"line":11,"column":0},"end":{"line":11,"column":60}},"11":{"start":{"line":12,"column":0},"end":{"line":12,"column":62}},"12":{"start":{"line":13,"column":0},"end":{"line":13,"column":62}},"13":{"start":{"line":14,"column":0},"end":{"line":14,"column":66}},"14":{"start":{"line":15,"column":0},"end":{"line":15,"column":48}},"15":{"start":{"line":16,"column":0},"end":{"line":16,"column":63}},"16":{"start":{"line":17,"column":0},"end":{"line":17,"column":60}},"17":{"start":{"line":18,"column":0},"end":{"line":18,"column":66}},"18":{"start":{"line":19,"column":0},"end":{"line":19,"column":51}},"19":{"start":{"line":20,"column":0},"end":{"line":20,"column":51}},"20":{"start":{"line":21,"column":0},"end":{"line":21,"column":50}},"21":{"start":{"line":47,"column":7},"end":{"line":56,"column":null}},"22":{"start":{"line":49,"column":12},"end":{"line":49,"column":29}},"23":{"start":{"line":50,"column":12},"end":{"line":50,"column":29}},"24":{"start":{"line":54,"column":4},"end":{"line":54,"column":66}},"25":{"start":{"line":47,"column":13},"end":{"line":47,"column":22}},"26":{"start":{"line":47,"column":13},"end":{"line":56,"column":null}}},"fnMap":{"0":{"name":"(anonymous_2)","decl":{"start":{"line":48,"column":2},"end":{"line":48,"column":null}},"loc":{"start":{"line":50,"column":44},"end":{"line":51,"column":6}}},"1":{"name":"(anonymous_3)","decl":{"start":{"line":53,"column":2},"end":{"line":53,"column":14}},"loc":{"start":{"line":53,"column":14},"end":{"line":55,"column":3}}}},"branchMap":{"0":{"loc":{"start":{"line":28,"column":6},"end":{"line":28,"column":71}},"type":"binary-expr","locations":[{"start":{"line":28,"column":6},"end":{"line":28,"column":29}},{"start":{"line":28,"column":33},"end":{"line":28,"column":71}}]}},"s":{"0":0,"1":0,"2":0,"3":0,"4":0,"5":0,"6":0,"7":0,"8":0,"9":0,"10":0,"11":0,"12":0,"13":0,"14":0,"15":0,"16":0,"17":0,"18":0,"19":0,"20":0,"21":0,"22":0,"23":0,"24":0,"25":0,"26":0},"f":{"0":0,"1":0},"b":{"0":[0,0]}}
,"C:\\Users\\gitav\\Downloads\\cuidar-bem\\backend\\src\\create-admin.ts": {"path":"C:\\Users\\gitav\\Downloads\\cuidar-bem\\backend\\src\\create-admin.ts","statementMap":{"0":{"start":{"line":1,"column":0},"end":{"line":1,"column":26}},"1":{"start":{"line":2,"column":0},"end":{"line":2,"column":35}},"2":{"start":{"line":3,"column":0},"end":{"line":3,"column":25}},"3":{"start":{"line":4,"column":0},"end":{"line":4,"column":37}},"4":{"start":{"line":5,"column":0},"end":{"line":5,"column":29}},"5":{"start":{"line":7,"column":0},"end":{"line":7,"column":63}},"6":{"start":{"line":20,"column":14},"end":{"line":33,"column":8}},"7":{"start":{"line":35,"column":54},"end":{"line":43,"column":2}},"8":{"start":{"line":46,"column":25},"end":{"line":46,"column":58}},"9":{"start":{"line":47,"column":21},"end":{"line":50,"column":4}},"10":{"start":{"line":52,"column":2},"end":{"line":92,"column":3}},"11":{"start":{"line":53,"column":4},"end":{"line":55,"column":5}},"12":{"start":{"line":54,"column":6},"end":{"line":54,"column":15}},"13":{"start":{"line":57,"column":20},"end":{"line":57,"column":52}},"14":{"start":{"line":58,"column":46},"end":{"line":58,"column":48}},"15":{"start":{"line":60,"column":4},"end":{"line":85,"column":5}},"16":{"start":{"line":61,"column":26},"end":{"line":61,"column":37}},"17":{"start":{"line":63,"column":6},"end":{"line":65,"column":7}},"18":{"start":{"line":64,"column":8},"end":{"line":64,"column":17}},"19":{"start":{"line":67,"column":29},"end":{"line":67,"column":53}},"20":{"start":{"line":69,"column":6},"end":{"line":71,"column":7}},"21":{"start":{"line":70,"column":8},"end":{"line":70,"column":17}},"22":{"start":{"line":73,"column":18},"end":{"line":73,"column":61}},"23":{"start":{"line":74,"column":18},"end":{"line":74,"column":62}},"24":{"start":{"line":77,"column":8},"end":{"line":78,"column":54}},"25":{"start":{"line":80,"column":6},"end":{"line":82,"column":7}},"26":{"start":{"line":81,"column":8},"end":{"line":81,"column":35}},"27":{"start":{"line":84,"column":6},"end":{"line":84,"column":29}},"28":{"start":{"line":87,"column":4},"end":{"line":91,"column":5}},"29":{"start":{"line":88,"column":6},"end":{"line":90,"column":7}},"30":{"start":{"line":89,"column":8},"end":{"line":89,"column":33}},"31":{"start":{"line":96,"column":32},"end":{"line":96,"column":34}},"32":{"start":{"line":97,"column":35},"end":{"line":97,"column":37}},"33":{"start":{"line":99,"column":2},"end":{"line":133,"column":3}},"34":{"start":{"line":99,"column":19},"end":{"line":99,"column":20}},"35":{"start":{"line":100,"column":16},"end":{"line":100,"column":27}},"36":{"start":{"line":102,"column":4},"end":{"line":105,"column":5}},"37":{"start":{"line":103,"column":6},"end":{"line":103,"column":25}},"38":{"start":{"line":104,"column":6},"end":{"line":104,"column":22}},"39":{"start":{"line":107,"column":27},"end":{"line":107,"column":43}},"40":{"start":{"line":108,"column":19},"end":{"line":108,"column":77}},"41":{"start":{"line":110,"column":6},"end":{"line":110,"column":71}},"42":{"start":{"line":111,"column":21},"end":{"line":111,"column":40}},"43":{"start":{"line":113,"column":4},"end":{"line":120,"column":5}},"44":{"start":{"line":114,"column":6},"end":{"line":117,"column":7}},"45":{"start":{"line":115,"column":8},"end":{"line":115,"column":33}},"46":{"start":{"line":116,"column":8},"end":{"line":116,"column":17}},"47":{"start":{"line":119,"column":6},"end":{"line":119,"column":61}},"48":{"start":{"line":122,"column":18},"end":{"line":122,"column":48}},"49":{"start":{"line":124,"column":4},"end":{"line":126,"column":5}},"50":{"start":{"line":125,"column":6},"end":{"line":125,"column":62}},"51":{"start":{"line":128,"column":4},"end":{"line":130,"column":5}},"52":{"start":{"line":129,"column":6},"end":{"line":129,"column":17}},"53":{"start":{"line":132,"column":4},"end":{"line":132,"column":33}},"54":{"start":{"line":135,"column":2},"end":{"line":137,"column":3}},"55":{"start":{"line":136,"column":4},"end":{"line":136,"column":41}},"56":{"start":{"line":139,"column":2},"end":{"line":141,"column":3}},"57":{"start":{"line":140,"column":4},"end":{"line":140,"column":44}},"58":{"start":{"line":143,"column":2},"end":{"line":145,"column":3}},"59":{"start":{"line":144,"column":4},"end":{"line":144,"column":40}},"60":{"start":{"line":147,"column":2},"end":{"line":151,"column":3}},"61":{"start":{"line":148,"column":4},"end":{"line":150,"column":6}},"62":{"start":{"line":153,"column":2},"end":{"line":153,"column":20}},"63":{"start":{"line":157,"column":15},"end":{"line":157,"column":47}},"64":{"start":{"line":158,"column":16},"end":{"line":160,"column":18}},"65":{"start":{"line":161,"column":19},"end":{"line":161,"column":68}},"66":{"start":{"line":162,"column":15},"end":{"line":163,"column":11}},"67":{"start":{"line":164,"column":16},"end":{"line":164,"column":63}},"68":{"start":{"line":166,"column":2},"end":{"line":168,"column":3}},"69":{"start":{"line":167,"column":4},"end":{"line":167,"column":62}},"70":{"start":{"line":170,"column":2},"end":{"line":172,"column":3}},"71":{"start":{"line":171,"column":4},"end":{"line":171,"column":53}},"72":{"start":{"line":174,"column":2},"end":{"line":176,"column":3}},"73":{"start":{"line":175,"column":4},"end":{"line":175,"column":62}},"74":{"start":{"line":178,"column":2},"end":{"line":180,"column":3}},"75":{"start":{"line":179,"column":4},"end":{"line":179,"column":70}},"76":{"start":{"line":182,"column":2},"end":{"line":184,"column":3}},"77":{"start":{"line":183,"column":4},"end":{"line":183,"column":61}},"78":{"start":{"line":186,"column":2},"end":{"line":191,"column":4}},"79":{"start":{"line":195,"column":24},"end":{"line":195,"column":71}},"80":{"start":{"line":197,"column":2},"end":{"line":197,"column":67}},"81":{"start":{"line":201,"column":20},"end":{"line":201,"column":34}},"82":{"start":{"line":202,"column":25},"end":{"line":202,"column":62}},"83":{"start":{"line":203,"column":23},"end":{"line":203,"column":70}},"84":{"start":{"line":205,"column":2},"end":{"line":220,"column":3}},"85":{"start":{"line":206,"column":4},"end":{"line":206,"column":35}},"86":{"start":{"line":207,"column":4},"end":{"line":207,"column":43}},"87":{"start":{"line":208,"column":4},"end":{"line":208,"column":32}},"88":{"start":{"line":209,"column":4},"end":{"line":209,"column":33}},"89":{"start":{"line":210,"column":4},"end":{"line":210,"column":34}},"90":{"start":{"line":211,"column":4},"end":{"line":211,"column":45}},"91":{"start":{"line":213,"column":4},"end":{"line":215,"column":5}},"92":{"start":{"line":214,"column":6},"end":{"line":214,"column":39}},"93":{"start":{"line":217,"column":4},"end":{"line":217,"column":30}},"94":{"start":{"line":218,"column":4},"end":{"line":218,"column":62}},"95":{"start":{"line":219,"column":4},"end":{"line":219,"column":11}},"96":{"start":{"line":222,"column":2},"end":{"line":231,"column":5}},"97":{"start":{"line":233,"column":2},"end":{"line":233,"column":56}},"98":{"start":{"line":237,"column":2},"end":{"line":237,"column":17}},"99":{"start":{"line":239,"column":16},"end":{"line":239,"column":30}},"100":{"start":{"line":240,"column":19},"end":{"line":240,"column":84}},"101":{"start":{"line":242,"column":2},"end":{"line":242,"column":35}},"102":{"start":{"line":243,"column":2},"end":{"line":243,"column":27}},"103":{"start":{"line":244,"column":2},"end":{"line":244,"column":30}},"104":{"start":{"line":247,"column":0},"end":{"line":260,"column":3}},"105":{"start":{"line":248,"column":2},"end":{"line":248,"column":30}},"106":{"start":{"line":250,"column":2},"end":{"line":255,"column":3}},"107":{"start":{"line":251,"column":4},"end":{"line":251,"column":40}},"108":{"start":{"line":252,"column":4},"end":{"line":252,"column":22}},"109":{"start":{"line":253,"column":4},"end":{"line":253,"column":25}},"110":{"start":{"line":254,"column":4},"end":{"line":254,"column":20}},"111":{"start":{"line":257,"column":2},"end":{"line":257,"column":61}},"112":{"start":{"line":258,"column":2},"end":{"line":258,"column":23}},"113":{"start":{"line":259,"column":2},"end":{"line":259,"column":18}}},"fnMap":{"0":{"name":"loadEnvFiles","decl":{"start":{"line":45,"column":9},"end":{"line":45,"column":21}},"loc":{"start":{"line":45,"column":21},"end":{"line":93,"column":1}}},"1":{"name":"parseArgs","decl":{"start":{"line":95,"column":9},"end":{"line":95,"column":18}},"loc":{"start":{"line":95,"column":33},"end":{"line":154,"column":1}}},"2":{"name":"resolveInput","decl":{"start":{"line":156,"column":9},"end":{"line":156,"column":21}},"loc":{"start":{"line":156,"column":21},"end":{"line":192,"column":1}}},"3":{"name":"getUserModel","decl":{"start":{"line":194,"column":9},"end":{"line":194,"column":21}},"loc":{"start":{"line":194,"column":21},"end":{"line":198,"column":1}}},"4":{"name":"upsertAdmin","decl":{"start":{"line":200,"column":15},"end":{"line":200,"column":26}},"loc":{"start":{"line":200,"column":44},"end":{"line":234,"column":1}}},"5":{"name":"main","decl":{"start":{"line":236,"column":15},"end":{"line":236,"column":19}},"loc":{"start":{"line":236,"column":19},"end":{"line":245,"column":1}}},"6":{"name":"(anonymous_15)","decl":{"start":{"line":247,"column":13},"end":{"line":247,"column":18}},"loc":{"start":{"line":247,"column":29},"end":{"line":260,"column":1}}}},"branchMap":{"0":{"loc":{"start":{"line":53,"column":4},"end":{"line":55,"column":5}},"type":"if","locations":[{"start":{"line":53,"column":4},"end":{"line":55,"column":5}}]},"1":{"loc":{"start":{"line":63,"column":6},"end":{"line":65,"column":7}},"type":"if","locations":[{"start":{"line":63,"column":6},"end":{"line":65,"column":7}}]},"2":{"loc":{"start":{"line":63,"column":10},"end":{"line":63,"column":53}},"type":"binary-expr","locations":[{"start":{"line":63,"column":10},"end":{"line":63,"column":22}},{"start":{"line":63,"column":26},"end":{"line":63,"column":53}}]},"3":{"loc":{"start":{"line":69,"column":6},"end":{"line":71,"column":7}},"type":"if","locations":[{"start":{"line":69,"column":6},"end":{"line":71,"column":7}}]},"4":{"loc":{"start":{"line":77,"column":8},"end":{"line":78,"column":54}},"type":"binary-expr","locations":[{"start":{"line":77,"column":9},"end":{"line":77,"column":30}},{"start":{"line":77,"column":34},"end":{"line":77,"column":53}},{"start":{"line":78,"column":9},"end":{"line":78,"column":30}},{"start":{"line":78,"column":34},"end":{"line":78,"column":53}}]},"5":{"loc":{"start":{"line":80,"column":6},"end":{"line":82,"column":7}},"type":"if","locations":[{"start":{"line":80,"column":6},"end":{"line":82,"column":7}}]},"6":{"loc":{"start":{"line":88,"column":6},"end":{"line":90,"column":7}},"type":"if","locations":[{"start":{"line":88,"column":6},"end":{"line":90,"column":7}}]},"7":{"loc":{"start":{"line":102,"column":4},"end":{"line":105,"column":5}},"type":"if","locations":[{"start":{"line":102,"column":4},"end":{"line":105,"column":5}}]},"8":{"loc":{"start":{"line":102,"column":8},"end":{"line":102,"column":40}},"type":"binary-expr","locations":[{"start":{"line":102,"column":8},"end":{"line":102,"column":24}},{"start":{"line":102,"column":28},"end":{"line":102,"column":40}}]},"9":{"loc":{"start":{"line":108,"column":19},"end":{"line":108,"column":77}},"type":"cond-expr","locations":[{"start":{"line":108,"column":43},"end":{"line":108,"column":46}},{"start":{"line":108,"column":49},"end":{"line":108,"column":77}}]},"10":{"loc":{"start":{"line":110,"column":6},"end":{"line":110,"column":71}},"type":"cond-expr","locations":[{"start":{"line":110,"column":30},"end":{"line":110,"column":39}},{"start":{"line":110,"column":42},"end":{"line":110,"column":71}}]},"11":{"loc":{"start":{"line":113,"column":4},"end":{"line":120,"column":5}},"type":"if","locations":[{"start":{"line":113,"column":4},"end":{"line":120,"column":5}}]},"12":{"loc":{"start":{"line":114,"column":6},"end":{"line":117,"column":7}},"type":"if","locations":[{"start":{"line":114,"column":6},"end":{"line":117,"column":7}}]},"13":{"loc":{"start":{"line":122,"column":18},"end":{"line":122,"column":48}},"type":"binary-expr","locations":[{"start":{"line":122,"column":18},"end":{"line":122,"column":29}},{"start":{"line":122,"column":33},"end":{"line":122,"column":48}}]},"14":{"loc":{"start":{"line":124,"column":4},"end":{"line":126,"column":5}},"type":"if","locations":[{"start":{"line":124,"column":4},"end":{"line":126,"column":5}}]},"15":{"loc":{"start":{"line":124,"column":8},"end":{"line":124,"column":70}},"type":"binary-expr","locations":[{"start":{"line":124,"column":8},"end":{"line":124,"column":14}},{"start":{"line":124,"column":19},"end":{"line":124,"column":44}},{"start":{"line":124,"column":48},"end":{"line":124,"column":69}}]},"16":{"loc":{"start":{"line":128,"column":4},"end":{"line":130,"column":5}},"type":"if","locations":[{"start":{"line":128,"column":4},"end":{"line":130,"column":5}}]},"17":{"loc":{"start":{"line":135,"column":2},"end":{"line":137,"column":3}},"type":"if","locations":[{"start":{"line":135,"column":2},"end":{"line":137,"column":3}}]},"18":{"loc":{"start":{"line":135,"column":6},"end":{"line":135,"column":44}},"type":"binary-expr","locations":[{"start":{"line":135,"column":6},"end":{"line":135,"column":23}},{"start":{"line":135,"column":27},"end":{"line":135,"column":44}}]},"19":{"loc":{"start":{"line":139,"column":2},"end":{"line":141,"column":3}},"type":"if","locations":[{"start":{"line":139,"column":2},"end":{"line":141,"column":3}}]},"20":{"loc":{"start":{"line":139,"column":6},"end":{"line":139,"column":47}},"type":"binary-expr","locations":[{"start":{"line":139,"column":6},"end":{"line":139,"column":26}},{"start":{"line":139,"column":30},"end":{"line":139,"column":47}}]},"21":{"loc":{"start":{"line":143,"column":2},"end":{"line":145,"column":3}},"type":"if","locations":[{"start":{"line":143,"column":2},"end":{"line":145,"column":3}}]},"22":{"loc":{"start":{"line":143,"column":6},"end":{"line":143,"column":43}},"type":"binary-expr","locations":[{"start":{"line":143,"column":6},"end":{"line":143,"column":22}},{"start":{"line":143,"column":26},"end":{"line":143,"column":43}}]},"23":{"loc":{"start":{"line":147,"column":2},"end":{"line":151,"column":3}},"type":"if","locations":[{"start":{"line":147,"column":2},"end":{"line":151,"column":3}}]},"24":{"loc":{"start":{"line":158,"column":17},"end":{"line":158,"column":60}},"type":"binary-expr","locations":[{"start":{"line":158,"column":17},"end":{"line":158,"column":27}},{"start":{"line":158,"column":31},"end":{"line":158,"column":54}},{"start":{"line":158,"column":58},"end":{"line":158,"column":60}}]},"25":{"loc":{"start":{"line":161,"column":19},"end":{"line":161,"column":68}},"type":"binary-expr","locations":[{"start":{"line":161,"column":19},"end":{"line":161,"column":32}},{"start":{"line":161,"column":36},"end":{"line":161,"column":62}},{"start":{"line":161,"column":66},"end":{"line":161,"column":68}}]},"26":{"loc":{"start":{"line":162,"column":16},"end":{"line":162,"column":80}},"type":"binary-expr","locations":[{"start":{"line":162,"column":16},"end":{"line":162,"column":25}},{"start":{"line":162,"column":29},"end":{"line":162,"column":51}},{"start":{"line":162,"column":55},"end":{"line":162,"column":80}}]},"27":{"loc":{"start":{"line":164,"column":17},"end":{"line":164,"column":54}},"type":"binary-expr","locations":[{"start":{"line":164,"column":17},"end":{"line":164,"column":27}},{"start":{"line":164,"column":31},"end":{"line":164,"column":54}}]},"28":{"loc":{"start":{"line":166,"column":2},"end":{"line":168,"column":3}},"type":"if","locations":[{"start":{"line":166,"column":2},"end":{"line":168,"column":3}}]},"29":{"loc":{"start":{"line":170,"column":2},"end":{"line":172,"column":3}},"type":"if","locations":[{"start":{"line":170,"column":2},"end":{"line":172,"column":3}}]},"30":{"loc":{"start":{"line":174,"column":2},"end":{"line":176,"column":3}},"type":"if","locations":[{"start":{"line":174,"column":2},"end":{"line":176,"column":3}}]},"31":{"loc":{"start":{"line":178,"column":2},"end":{"line":180,"column":3}},"type":"if","locations":[{"start":{"line":178,"column":2},"end":{"line":180,"column":3}}]},"32":{"loc":{"start":{"line":182,"column":2},"end":{"line":184,"column":3}},"type":"if","locations":[{"start":{"line":182,"column":2},"end":{"line":184,"column":3}}]},"33":{"loc":{"start":{"line":190,"column":8},"end":{"line":190,"column":30}},"type":"cond-expr","locations":[{"start":{"line":190,"column":16},"end":{"line":190,"column":25}},{"start":{"line":190,"column":28},"end":{"line":190,"column":30}}]},"34":{"loc":{"start":{"line":197,"column":9},"end":{"line":197,"column":66}},"type":"binary-expr","locations":[{"start":{"line":197,"column":9},"end":{"line":197,"column":22}},{"start":{"line":197,"column":26},"end":{"line":197,"column":66}}]},"35":{"loc":{"start":{"line":205,"column":2},"end":{"line":220,"column":3}},"type":"if","locations":[{"start":{"line":205,"column":2},"end":{"line":220,"column":3}}]},"36":{"loc":{"start":{"line":213,"column":4},"end":{"line":215,"column":5}},"type":"if","locations":[{"start":{"line":213,"column":4},"end":{"line":215,"column":5}}]},"37":{"loc":{"start":{"line":240,"column":19},"end":{"line":240,"column":84}},"type":"binary-expr","locations":[{"start":{"line":240,"column":19},"end":{"line":240,"column":42}},{"start":{"line":240,"column":46},"end":{"line":240,"column":84}}]},"38":{"loc":{"start":{"line":250,"column":2},"end":{"line":255,"column":3}},"type":"if","locations":[{"start":{"line":250,"column":2},"end":{"line":255,"column":3}}]}},"s":{"0":0,"1":0,"2":0,"3":0,"4":0,"5":0,"6":0,"7":0,"8":0,"9":0,"10":0,"11":0,"12":0,"13":0,"14":0,"15":0,"16":0,"17":0,"18":0,"19":0,"20":0,"21":0,"22":0,"23":0,"24":0,"25":0,"26":0,"27":0,"28":0,"29":0,"30":0,"31":0,"32":0,"33":0,"34":0,"35":0,"36":0,"37":0,"38":0,"39":0,"40":0,"41":0,"42":0,"43":0,"44":0,"45":0,"46":0,"47":0,"48":0,"49":0,"50":0,"51":0,"52":0,"53":0,"54":0,"55":0,"56":0,"57":0,"58":0,"59":0,"60":0,"61":0,"62":0,"63":0,"64":0,"65":0,"66":0,"67":0,"68":0,"69":0,"70":0,"71":0,"72":0,"73":0,"74":0,"75":0,"76":0,"77":0,"78":0,"79":0,"80":0,"81":0,"82":0,"83":0,"84":0,"85":0,"86":0,"87":0,"88":0,"89":0,"90":0,"91":0,"92":0,"93":0,"94":0,"95":0,"96":0,"97":0,"98":0,"99":0,"100":0,"101":0,"102":0,"103":0,"104":0,"105":0,"106":0,"107":0,"108":0,"109":0,"110":0,"111":0,"112":0,"113":0},"f":{"0":0,"1":0,"2":0,"3":0,"4":0,"5":0,"6":0},"b":{"0":[0],"1":[0],"2":[0,0],"3":[0],"4":[0,0,0,0],"5":[0],"6":[0],"7":[0],"8":[0,0],"9":[0,0],"10":[0,0],"11":[0],"12":[0],"13":[0,0],"14":[0],"15":[0,0,0],"16":[0],"17":[0],"18":[0,0],"19":[0],"20":[0,0],"21":[0],"22":[0,0],"23":[0],"24":[0,0,0],"25":[0,0,0],"26":[0,0,0],"27":[0,0],"28":[0],"29":[0],"30":[0],"31":[0],"32":[0],"33":[0,0],"34":[0,0],"35":[0],"36":[0],"37":[0,0],"38":[0]}}
,"C:\\Users\\gitav\\Downloads\\cuidar-bem\\backend\\src\\redis-io.adapter.ts": {"path":"C:\\Users\\gitav\\Downloads\\cuidar-bem\\backend\\src\\redis-io.adapter.ts","statementMap":{"0":{"start":{"line":1,"column":0},"end":{"line":1,"column":55}},"1":{"start":{"line":3,"column":0},"end":{"line":3,"column":57}},"2":{"start":{"line":4,"column":0},"end":{"line":4,"column":37}},"3":{"start":{"line":11,"column":21},"end":{"line":11,"column":70}},"4":{"start":{"line":13,"column":4},"end":{"line":13,"column":120}},"5":{"start":{"line":17,"column":22},"end":{"line":17,"column":53}},"6":{"start":{"line":18,"column":22},"end":{"line":18,"column":43}},"7":{"start":{"line":20,"column":4},"end":{"line":20,"column":82}},"8":{"start":{"line":20,"column":35},"end":{"line":20,"column":80}},"9":{"start":{"line":21,"column":4},"end":{"line":21,"column":82}},"10":{"start":{"line":21,"column":35},"end":{"line":21,"column":80}},"11":{"start":{"line":23,"column":4},"end":{"line":23,"column":86}},"12":{"start":{"line":23,"column":34},"end":{"line":23,"column":84}},"13":{"start":{"line":24,"column":4},"end":{"line":24,"column":86}},"14":{"start":{"line":24,"column":34},"end":{"line":24,"column":84}},"15":{"start":{"line":27,"column":4},"end":{"line":27,"column":66}},"16":{"start":{"line":29,"column":4},"end":{"line":29,"column":66}},"17":{"start":{"line":33,"column":19},"end":{"line":33,"column":54}},"18":{"start":{"line":34,"column":4},"end":{"line":34,"column":44}},"19":{"start":{"line":35,"column":4},"end":{"line":35,"column":18}},"20":{"start":{"line":6,"column":0},"end":{"line":6,"column":13}}},"fnMap":{"0":{"name":"(anonymous_0)","decl":{"start":{"line":9,"column":2},"end":{"line":9,"column":7}},"loc":{"start":{"line":9,"column":22},"end":{"line":30,"column":3}}},"1":{"name":"(anonymous_1)","decl":{"start":{"line":20,"column":26},"end":{"line":20,"column":27}},"loc":{"start":{"line":20,"column":35},"end":{"line":20,"column":80}}},"2":{"name":"(anonymous_2)","decl":{"start":{"line":21,"column":26},"end":{"line":21,"column":27}},"loc":{"start":{"line":21,"column":35},"end":{"line":21,"column":80}}},"3":{"name":"(anonymous_3)","decl":{"start":{"line":23,"column":28},"end":{"line":23,"column":31}},"loc":{"start":{"line":23,"column":34},"end":{"line":23,"column":84}}},"4":{"name":"(anonymous_4)","decl":{"start":{"line":24,"column":28},"end":{"line":24,"column":31}},"loc":{"start":{"line":24,"column":34},"end":{"line":24,"column":84}}},"5":{"name":"(anonymous_5)","decl":{"start":{"line":32,"column":11},"end":{"line":32,"column":25}},"loc":{"start":{"line":32,"column":63},"end":{"line":36,"column":3}}}},"branchMap":{"0":{"loc":{"start":{"line":11,"column":21},"end":{"line":11,"column":70}},"type":"binary-expr","locations":[{"start":{"line":11,"column":21},"end":{"line":11,"column":42}},{"start":{"line":11,"column":46},"end":{"line":11,"column":70}}]},"1":{"loc":{"start":{"line":13,"column":58},"end":{"line":13,"column":116}},"type":"cond-expr","locations":[{"start":{"line":13,"column":83},"end":{"line":13,"column":105}},{"start":{"line":13,"column":108},"end":{"line":13,"column":116}}]}},"s":{"0":0,"1":0,"2":0,"3":0,"4":0,"5":0,"6":0,"7":0,"8":0,"9":0,"10":0,"11":0,"12":0,"13":0,"14":0,"15":0,"16":0,"17":0,"18":0,"19":0,"20":0},"f":{"0":0,"1":0,"2":0,"3":0,"4":0,"5":0},"b":{"0":[0,0],"1":[0,0]}}
,"C:\\Users\\gitav\\Downloads\\cuidar-bem\\backend\\src\\seed.ts": {"path":"C:\\Users\\gitav\\Downloads\\cuidar-bem\\backend\\src\\seed.ts","statementMap":{"0":{"start":{"line":1,"column":0},"end":{"line":1,"column":43}},"1":{"start":{"line":2,"column":0},"end":{"line":2,"column":41}},"2":{"start":{"line":3,"column":0},"end":{"line":3,"column":49}},"3":{"start":{"line":4,"column":0},"end":{"line":4,"column":35}},"4":{"start":{"line":6,"column":44},"end":{"line":14,"column":2}},"5":{"start":{"line":17,"column":15},"end":{"line":17,"column":33}},"6":{"start":{"line":18,"column":16},"end":{"line":18,"column":60}},"7":{"start":{"line":19,"column":14},"end":{"line":19,"column":53}},"8":{"start":{"line":20,"column":2},"end":{"line":20,"column":35}},"9":{"start":{"line":29,"column":27},"end":{"line":32,"column":null}},"10":{"start":{"line":31,"column":24},"end":{"line":31,"column":44}},"11":{"start":{"line":32,"column":27},"end":{"line":32,"column":48}},"12":{"start":{"line":35,"column":16},"end":{"line":35,"column":26}},"13":{"start":{"line":36,"column":2},"end":{"line":36,"column":29}},"14":{"start":{"line":38,"column":2},"end":{"line":49,"column":8}},"15":{"start":{"line":40,"column":22},"end":{"line":40,"column":37}},"16":{"start":{"line":41,"column":6},"end":{"line":41,"column":47}},"17":{"start":{"line":42,"column":6},"end":{"line":42,"column":21}},"18":{"start":{"line":44,"column":22},"end":{"line":44,"column":57}},"19":{"start":{"line":45,"column":20},"end":{"line":49,"column":6}},"20":{"start":{"line":53,"column":14},"end":{"line":53,"column":67}},"21":{"start":{"line":55,"column":20},"end":{"line":55,"column":50}},"22":{"start":{"line":56,"column":25},"end":{"line":56,"column":60}},"23":{"start":{"line":58,"column":2},"end":{"line":58,"column":33}},"24":{"start":{"line":59,"column":2},"end":{"line":59,"column":38}},"25":{"start":{"line":61,"column":19},"end":{"line":61,"column":50}},"26":{"start":{"line":63,"column":25},"end":{"line":70,"column":4}},"27":{"start":{"line":72,"column":2},"end":{"line":78,"column":5}},"28":{"start":{"line":80,"column":2},"end":{"line":88,"column":5}},"29":{"start":{"line":90,"column":2},"end":{"line":199,"column":5}},"30":{"start":{"line":201,"column":2},"end":{"line":201,"column":47}},"31":{"start":{"line":202,"column":2},"end":{"line":202,"column":67}},"32":{"start":{"line":203,"column":2},"end":{"line":203,"column":66}},"33":{"start":{"line":204,"column":2},"end":{"line":204,"column":67}},"34":{"start":{"line":205,"column":2},"end":{"line":205,"column":20}},"35":{"start":{"line":208,"column":0},"end":{"line":208,"column":7}}},"fnMap":{"0":{"name":"formatDate","decl":{"start":{"line":16,"column":9},"end":{"line":16,"column":19}},"loc":{"start":{"line":16,"column":30},"end":{"line":21,"column":1}}},"1":{"name":"buildUpcomingAvailability","decl":{"start":{"line":23,"column":9},"end":{"line":23,"column":34}},"loc":{"start":{"line":27,"column":16},"end":{"line":50,"column":1}}},"2":{"name":"(anonymous_11)","decl":{"start":{"line":31,"column":11},"end":{"line":31,"column":12}},"loc":{"start":{"line":31,"column":24},"end":{"line":31,"column":44}}},"3":{"name":"(anonymous_12)","decl":{"start":{"line":32,"column":14},"end":{"line":32,"column":15}},"loc":{"start":{"line":32,"column":27},"end":{"line":32,"column":48}}},"4":{"name":"(anonymous_13)","decl":{"start":{"line":39,"column":9},"end":{"line":39,"column":10}},"loc":{"start":{"line":39,"column":22},"end":{"line":43,"column":5}}},"5":{"name":"(anonymous_14)","decl":{"start":{"line":44,"column":12},"end":{"line":44,"column":13}},"loc":{"start":{"line":44,"column":22},"end":{"line":44,"column":57}}},"6":{"name":"(anonymous_15)","decl":{"start":{"line":45,"column":9},"end":{"line":45,"column":10}},"loc":{"start":{"line":45,"column":20},"end":{"line":49,"column":6}}},"7":{"name":"seed","decl":{"start":{"line":52,"column":15},"end":{"line":52,"column":19}},"loc":{"start":{"line":52,"column":19},"end":{"line":206,"column":1}}}},"branchMap":{"0":{"loc":{"start":{"line":25,"column":2},"end":{"line":25,"column":21}},"type":"default-arg","locations":[{"start":{"line":25,"column":14},"end":{"line":25,"column":21}}]},"1":{"loc":{"start":{"line":26,"column":2},"end":{"line":26,"column":19}},"type":"default-arg","locations":[{"start":{"line":26,"column":12},"end":{"line":26,"column":19}}]},"2":{"loc":{"start":{"line":27,"column":2},"end":{"line":27,"column":16}},"type":"default-arg","locations":[{"start":{"line":27,"column":14},"end":{"line":27,"column":16}}]}},"s":{"0":0,"1":0,"2":0,"3":0,"4":0,"5":0,"6":0,"7":0,"8":0,"9":0,"10":0,"11":0,"12":0,"13":0,"14":0,"15":0,"16":0,"17":0,"18":0,"19":0,"20":0,"21":0,"22":0,"23":0,"24":0,"25":0,"26":0,"27":0,"28":0,"29":0,"30":0,"31":0,"32":0,"33":0,"34":0,"35":0},"f":{"0":0,"1":0,"2":0,"3":0,"4":0,"5":0,"6":0,"7":0},"b":{"0":[0],"1":[0],"2":[0]}}
,"C:\\Users\\gitav\\Downloads\\cuidar-bem\\backend\\src\\auth\\admin.guard.ts": {"path":"C:\\Users\\gitav\\Downloads\\cuidar-bem\\backend\\src\\auth\\admin.guard.ts","statementMap":{"0":{"start":{"line":1,"column":0},"end":{"line":1,"column":null}},"1":{"start":{"line":9,"column":7},"end":{"line":20,"column":null}},"2":{"start":{"line":11,"column":20},"end":{"line":11,"column":55}},"3":{"start":{"line":12,"column":17},"end":{"line":12,"column":35}},"4":{"start":{"line":14,"column":4},"end":{"line":16,"column":5}},"5":{"start":{"line":15,"column":6},"end":{"line":15,"column":72}},"6":{"start":{"line":18,"column":4},"end":{"line":18,"column":16}},"7":{"start":{"line":9,"column":13},"end":{"line":9,"column":23}},"8":{"start":{"line":9,"column":13},"end":{"line":20,"column":null}}},"fnMap":{"0":{"name":"(anonymous_1)","decl":{"start":{"line":10,"column":2},"end":{"line":10,"column":13}},"loc":{"start":{"line":10,"column":39},"end":{"line":19,"column":3}}}},"branchMap":{"0":{"loc":{"start":{"line":14,"column":4},"end":{"line":16,"column":5}},"type":"if","locations":[{"start":{"line":14,"column":4},"end":{"line":16,"column":5}}]}},"s":{"0":1,"1":1,"2":2,"3":2,"4":2,"5":1,"6":1,"7":1,"8":1},"f":{"0":2},"b":{"0":[1]}}
,"C:\\Users\\gitav\\Downloads\\cuidar-bem\\backend\\src\\auth\\auth.controller.ts": {"path":"C:\\Users\\gitav\\Downloads\\cuidar-bem\\backend\\src\\auth\\auth.controller.ts","statementMap":{"0":{"start":{"line":1,"column":0},"end":{"line":1,"column":67}},"1":{"start":{"line":2,"column":0},"end":{"line":2,"column":null}},"2":{"start":{"line":7,"column":0},"end":{"line":7,"column":45}},"3":{"start":{"line":8,"column":0},"end":{"line":8,"column":61}},"4":{"start":{"line":9,"column":0},"end":{"line":9,"column":62}},"5":{"start":{"line":10,"column":0},"end":{"line":10,"column":43}},"6":{"start":{"line":11,"column":0},"end":{"line":11,"column":67}},"7":{"start":{"line":12,"column":0},"end":{"line":12,"column":60}},"8":{"start":{"line":13,"column":0},"end":{"line":13,"column":71}},"9":{"start":{"line":14,"column":0},"end":{"line":14,"column":62}},"10":{"start":{"line":15,"column":0},"end":{"line":15,"column":59}},"11":{"start":{"line":19,"column":7},"end":{"line":69,"column":null}},"12":{"start":{"line":20,"column":31},"end":{"line":20,"column":44}},"13":{"start":{"line":26,"column":4},"end":{"line":26,"column":52}},"14":{"start":{"line":35,"column":4},"end":{"line":35,"column":69}},"15":{"start":{"line":44,"column":4},"end":{"line":44,"column":60}},"16":{"start":{"line":51,"column":4},"end":{"line":51,"column":66}},"17":{"start":{"line":58,"column":4},"end":{"line":58,"column":67}},"18":{"start":{"line":67,"column":4},"end":{"line":67,"column":69}},"19":{"start":{"line":19,"column":13},"end":{"line":19,"column":27}},"20":{"start":{"line":25,"column":2},"end":{"line":27,"column":null}},"21":{"start":{"line":34,"column":2},"end":{"line":36,"column":null}},"22":{"start":{"line":43,"column":2},"end":{"line":45,"column":null}},"23":{"start":{"line":50,"column":2},"end":{"line":52,"column":null}},"24":{"start":{"line":57,"column":2},"end":{"line":59,"column":null}},"25":{"start":{"line":66,"column":2},"end":{"line":68,"column":null}},"26":{"start":{"line":19,"column":13},"end":{"line":69,"column":null}}},"fnMap":{"0":{"name":"(anonymous_4)","decl":{"start":{"line":20,"column":2},"end":{"line":20,"column":31}},"loc":{"start":{"line":20,"column":55},"end":{"line":20,"column":59}}},"1":{"name":"(anonymous_5)","decl":{"start":{"line":25,"column":2},"end":{"line":25,"column":10}},"loc":{"start":{"line":25,"column":47},"end":{"line":27,"column":3}}},"2":{"name":"(anonymous_6)","decl":{"start":{"line":34,"column":2},"end":{"line":34,"column":7}},"loc":{"start":{"line":34,"column":34},"end":{"line":36,"column":3}}},"3":{"name":"(anonymous_7)","decl":{"start":{"line":43,"column":2},"end":{"line":43,"column":16}},"loc":{"start":{"line":43,"column":47},"end":{"line":45,"column":3}}},"4":{"name":"(anonymous_8)","decl":{"start":{"line":50,"column":2},"end":{"line":50,"column":20}},"loc":{"start":{"line":50,"column":55},"end":{"line":52,"column":3}}},"5":{"name":"(anonymous_9)","decl":{"start":{"line":57,"column":2},"end":{"line":57,"column":15}},"loc":{"start":{"line":57,"column":45},"end":{"line":59,"column":3}}},"6":{"name":"(anonymous_10)","decl":{"start":{"line":66,"column":2},"end":{"line":66,"column":18}},"loc":{"start":{"line":66,"column":51},"end":{"line":68,"column":3}}}},"branchMap":{},"s":{"0":0,"1":0,"2":0,"3":0,"4":0,"5":0,"6":0,"7":0,"8":0,"9":0,"10":0,"11":0,"12":0,"13":0,"14":0,"15":0,"16":0,"17":0,"18":0,"19":0,"20":0,"21":0,"22":0,"23":0,"24":0,"25":0,"26":0},"f":{"0":0,"1":0,"2":0,"3":0,"4":0,"5":0,"6":0},"b":{}}
,"C:\\Users\\gitav\\Downloads\\cuidar-bem\\backend\\src\\auth\\auth.module.ts": {"path":"C:\\Users\\gitav\\Downloads\\cuidar-bem\\backend\\src\\auth\\auth.module.ts","statementMap":{"0":{"start":{"line":1,"column":0},"end":{"line":1,"column":52}},"1":{"start":{"line":2,"column":0},"end":{"line":2,"column":40}},"2":{"start":{"line":3,"column":0},"end":{"line":3,"column":50}},"3":{"start":{"line":4,"column":0},"end":{"line":4,"column":61}},"4":{"start":{"line":5,"column":0},"end":{"line":5,"column":45}},"5":{"start":{"line":6,"column":0},"end":{"line":6,"column":51}},"6":{"start":{"line":7,"column":0},"end":{"line":7,"column":45}},"7":{"start":{"line":8,"column":0},"end":{"line":8,"column":52}},"8":{"start":{"line":9,"column":0},"end":{"line":9,"column":52}},"9":{"start":{"line":10,"column":0},"end":{"line":10,"column":53}},"10":{"start":{"line":31,"column":7},"end":{"line":31,"column":null}},"11":{"start":{"line":31,"column":13},"end":{"line":31,"column":23}},"12":{"start":{"line":31,"column":13},"end":{"line":31,"column":null}},"13":{"start":{"line":20,"column":46},"end":{"line":23,"column":8}}},"fnMap":{"0":{"name":"(anonymous_1)","decl":{"start":{"line":20,"column":18},"end":{"line":20,"column":19}},"loc":{"start":{"line":20,"column":46},"end":{"line":23,"column":8}}}},"branchMap":{},"s":{"0":0,"1":0,"2":0,"3":0,"4":0,"5":0,"6":0,"7":0,"8":0,"9":0,"10":0,"11":0,"12":0,"13":0},"f":{"0":0},"b":{}}
,"C:\\Users\\gitav\\Downloads\\cuidar-bem\\backend\\src\\auth\\auth.service.ts": {"path":"C:\\Users\\gitav\\Downloads\\cuidar-bem\\backend\\src\\auth\\auth.service.ts","statementMap":{"0":{"start":{"line":1,"column":0},"end":{"line":1,"column":null}},"1":{"start":{"line":8,"column":0},"end":{"line":8,"column":49}},"2":{"start":{"line":9,"column":0},"end":{"line":9,"column":41}},"3":{"start":{"line":10,"column":0},"end":{"line":10,"column":35}},"4":{"start":{"line":11,"column":0},"end":{"line":11,"column":54}},"5":{"start":{"line":14,"column":0},"end":{"line":14,"column":57}},"6":{"start":{"line":17,"column":24},"end":{"line":211,"column":null}},"7":{"start":{"line":21,"column":12},"end":{"line":21,"column":26}},"8":{"start":{"line":22,"column":12},"end":{"line":22,"column":24}},"9":{"start":{"line":23,"column":12},"end":{"line":23,"column":27}},"10":{"start":{"line":18,"column":19},"end":{"line":18,"column":57}},"11":{"start":{"line":27,"column":16},"end":{"line":27,"column":74}},"12":{"start":{"line":28,"column":4},"end":{"line":28,"column":54}},"13":{"start":{"line":32,"column":24},"end":{"line":32,"column":75}},"14":{"start":{"line":33,"column":4},"end":{"line":33,"column":79}},"15":{"start":{"line":37,"column":4},"end":{"line":37,"column":60}},"16":{"start":{"line":41,"column":4},"end":{"line":43,"column":5}},"17":{"start":{"line":42,"column":6},"end":{"line":42,"column":19}},"18":{"start":{"line":45,"column":19},"end":{"line":50,"column":28}},"19":{"start":{"line":52,"column":4},"end":{"line":52,"column":23}},"20":{"start":{"line":56,"column":4},"end":{"line":58,"column":5}},"21":{"start":{"line":57,"column":6},"end":{"line":57,"column":96}},"22":{"start":{"line":60,"column":17},"end":{"line":60,"column":62}},"23":{"start":{"line":61,"column":20},"end":{"line":61,"column":76}},"24":{"start":{"line":64,"column":4},"end":{"line":72,"column":5}},"25":{"start":{"line":65,"column":6},"end":{"line":69,"column":9}},"26":{"start":{"line":71,"column":6},"end":{"line":71,"column":60}},"27":{"start":{"line":74,"column":4},"end":{"line":85,"column":6}},"28":{"start":{"line":89,"column":17},"end":{"line":89,"column":59}},"29":{"start":{"line":90,"column":4},"end":{"line":92,"column":5}},"30":{"start":{"line":91,"column":6},"end":{"line":91,"column":63}},"31":{"start":{"line":94,"column":28},"end":{"line":94,"column":73}},"32":{"start":{"line":95,"column":4},"end":{"line":97,"column":5}},"33":{"start":{"line":96,"column":6},"end":{"line":96,"column":63}},"34":{"start":{"line":99,"column":4},"end":{"line":107,"column":5}},"35":{"start":{"line":100,"column":21},"end":{"line":100,"column":85}},"36":{"start":{"line":101,"column":6},"end":{"line":106,"column":9}},"37":{"start":{"line":109,"column":4},"end":{"line":109,"column":73}},"38":{"start":{"line":111,"column":20},"end":{"line":111,"column":76}},"39":{"start":{"line":112,"column":4},"end":{"line":123,"column":6}},"40":{"start":{"line":127,"column":4},"end":{"line":127,"column":62}},"41":{"start":{"line":131,"column":25},"end":{"line":135,"column":6}},"42":{"start":{"line":137,"column":17},"end":{"line":137,"column":80}},"43":{"start":{"line":138,"column":4},"end":{"line":140,"column":5}},"44":{"start":{"line":139,"column":6},"end":{"line":139,"column":26}},"45":{"start":{"line":142,"column":21},"end":{"line":142,"column":52}},"46":{"start":{"line":143,"column":22},"end":{"line":143,"column":59}},"47":{"start":{"line":144,"column":29},"end":{"line":144,"column":69}},"48":{"start":{"line":145,"column":22},"end":{"line":145,"column":73}},"49":{"start":{"line":147,"column":4},"end":{"line":151,"column":6}},"50":{"start":{"line":153,"column":19},"end":{"line":158,"column":6}},"51":{"start":{"line":160,"column":4},"end":{"line":160,"column":24}},"52":{"start":{"line":164,"column":17},"end":{"line":165,"column":null}},"53":{"start":{"line":168,"column":4},"end":{"line":172,"column":5}},"54":{"start":{"line":169,"column":6},"end":{"line":171,"column":8}},"55":{"start":{"line":174,"column":4},"end":{"line":176,"column":6}},"56":{"start":{"line":180,"column":4},"end":{"line":182,"column":5}},"57":{"start":{"line":181,"column":6},"end":{"line":181,"column":69}},"58":{"start":{"line":184,"column":17},"end":{"line":185,"column":null}},"59":{"start":{"line":188,"column":4},"end":{"line":192,"column":5}},"60":{"start":{"line":189,"column":6},"end":{"line":191,"column":8}},"61":{"start":{"line":194,"column":27},"end":{"line":194,"column":72}},"62":{"start":{"line":195,"column":4},"end":{"line":199,"column":5}},"63":{"start":{"line":196,"column":6},"end":{"line":198,"column":8}},"64":{"start":{"line":201,"column":4},"end":{"line":204,"column":6}},"65":{"start":{"line":206,"column":4},"end":{"line":209,"column":6}},"66":{"start":{"line":17,"column":13},"end":{"line":17,"column":24}},"67":{"start":{"line":17,"column":13},"end":{"line":211,"column":null}}},"fnMap":{"0":{"name":"(anonymous_11)","decl":{"start":{"line":20,"column":2},"end":{"line":20,"column":null}},"loc":{"start":{"line":23,"column":40},"end":{"line":24,"column":6}}},"1":{"name":"(anonymous_12)","decl":{"start":{"line":26,"column":10},"end":{"line":26,"column":43}},"loc":{"start":{"line":26,"column":43},"end":{"line":29,"column":3}}},"2":{"name":"(anonymous_13)","decl":{"start":{"line":31,"column":10},"end":{"line":31,"column":31}},"loc":{"start":{"line":31,"column":45},"end":{"line":34,"column":3}}},"3":{"name":"(anonymous_14)","decl":{"start":{"line":36,"column":10},"end":{"line":36,"column":32}},"loc":{"start":{"line":36,"column":46},"end":{"line":38,"column":3}}},"4":{"name":"(anonymous_15)","decl":{"start":{"line":40,"column":10},"end":{"line":40,"column":26}},"loc":{"start":{"line":40,"column":43},"end":{"line":53,"column":3}}},"5":{"name":"(anonymous_16)","decl":{"start":{"line":55,"column":2},"end":{"line":55,"column":7}},"loc":{"start":{"line":55,"column":45},"end":{"line":86,"column":3}}},"6":{"name":"(anonymous_17)","decl":{"start":{"line":88,"column":2},"end":{"line":88,"column":7}},"loc":{"start":{"line":88,"column":45},"end":{"line":124,"column":3}}},"7":{"name":"(anonymous_18)","decl":{"start":{"line":126,"column":2},"end":{"line":126,"column":7}},"loc":{"start":{"line":126,"column":56},"end":{"line":128,"column":3}}},"8":{"name":"(anonymous_19)","decl":{"start":{"line":130,"column":2},"end":{"line":130,"column":7}},"loc":{"start":{"line":130,"column":42},"end":{"line":161,"column":3}}},"9":{"name":"(anonymous_20)","decl":{"start":{"line":163,"column":2},"end":{"line":163,"column":7}},"loc":{"start":{"line":163,"column":48},"end":{"line":177,"column":3}}},"10":{"name":"(anonymous_21)","decl":{"start":{"line":179,"column":2},"end":{"line":179,"column":7}},"loc":{"start":{"line":179,"column":53},"end":{"line":210,"column":3}}}},"branchMap":{"0":{"loc":{"start":{"line":27,"column":23},"end":{"line":27,"column":73}},"type":"binary-expr","locations":[{"start":{"line":27,"column":23},"end":{"line":27,"column":67}},{"start":{"line":27,"column":71},"end":{"line":27,"column":73}}]},"1":{"loc":{"start":{"line":28,"column":11},"end":{"line":28,"column":53}},"type":"cond-expr","locations":[{"start":{"line":28,"column":45},"end":{"line":28,"column":48}},{"start":{"line":28,"column":51},"end":{"line":28,"column":53}}]},"2":{"loc":{"start":{"line":28,"column":11},"end":{"line":28,"column":42}},"type":"binary-expr","locations":[{"start":{"line":28,"column":11},"end":{"line":28,"column":31}},{"start":{"line":28,"column":35},"end":{"line":28,"column":42}}]},"3":{"loc":{"start":{"line":32,"column":24},"end":{"line":32,"column":75}},"type":"binary-expr","locations":[{"start":{"line":32,"column":24},"end":{"line":32,"column":48}},{"start":{"line":32,"column":52},"end":{"line":32,"column":75}}]},"4":{"loc":{"start":{"line":41,"column":4},"end":{"line":43,"column":5}},"type":"if","locations":[{"start":{"line":41,"column":4},"end":{"line":43,"column":5}}]},"5":{"loc":{"start":{"line":41,"column":8},"end":{"line":41,"column":89}},"type":"binary-expr","locations":[{"start":{"line":41,"column":8},"end":{"line":41,"column":27}},{"start":{"line":41,"column":31},"end":{"line":41,"column":61}},{"start":{"line":41,"column":65},"end":{"line":41,"column":89}}]},"6":{"loc":{"start":{"line":56,"column":4},"end":{"line":58,"column":5}},"type":"if","locations":[{"start":{"line":56,"column":4},"end":{"line":58,"column":5}}]},"7":{"loc":{"start":{"line":90,"column":4},"end":{"line":92,"column":5}},"type":"if","locations":[{"start":{"line":90,"column":4},"end":{"line":92,"column":5}}]},"8":{"loc":{"start":{"line":95,"column":4},"end":{"line":97,"column":5}},"type":"if","locations":[{"start":{"line":95,"column":4},"end":{"line":97,"column":5}}]},"9":{"loc":{"start":{"line":99,"column":4},"end":{"line":107,"column":5}},"type":"if","locations":[{"start":{"line":99,"column":4},"end":{"line":107,"column":5}}]},"10":{"loc":{"start":{"line":99,"column":8},"end":{"line":99,"column":60}},"type":"binary-expr","locations":[{"start":{"line":99,"column":8},"end":{"line":99,"column":42}},{"start":{"line":99,"column":46},"end":{"line":99,"column":60}}]},"11":{"loc":{"start":{"line":100,"column":21},"end":{"line":100,"column":85}},"type":"binary-expr","locations":[{"start":{"line":100,"column":21},"end":{"line":100,"column":43}},{"start":{"line":100,"column":47},"end":{"line":100,"column":85}}]},"12":{"loc":{"start":{"line":138,"column":4},"end":{"line":140,"column":5}},"type":"if","locations":[{"start":{"line":138,"column":4},"end":{"line":140,"column":5}}]},"13":{"loc":{"start":{"line":168,"column":4},"end":{"line":172,"column":5}},"type":"if","locations":[{"start":{"line":168,"column":4},"end":{"line":172,"column":5}}]},"14":{"loc":{"start":{"line":180,"column":4},"end":{"line":182,"column":5}},"type":"if","locations":[{"start":{"line":180,"column":4},"end":{"line":182,"column":5}}]},"15":{"loc":{"start":{"line":188,"column":4},"end":{"line":192,"column":5}},"type":"if","locations":[{"start":{"line":188,"column":4},"end":{"line":192,"column":5}}]},"16":{"loc":{"start":{"line":195,"column":4},"end":{"line":199,"column":5}},"type":"if","locations":[{"start":{"line":195,"column":4},"end":{"line":199,"column":5}}]}},"s":{"0":1,"1":1,"2":1,"3":1,"4":1,"5":1,"6":1,"7":5,"8":5,"9":5,"10":5,"11":0,"12":0,"13":0,"14":0,"15":0,"16":1,"17":1,"18":0,"19":0,"20":1,"21":1,"22":0,"23":0,"24":0,"25":0,"26":0,"27":0,"28":3,"29":3,"30":1,"31":2,"32":2,"33":0,"34":2,"35":1,"36":1,"37":1,"38":1,"39":1,"40":0,"41":0,"42":0,"43":0,"44":0,"45":0,"46":0,"47":0,"48":0,"49":0,"50":0,"51":0,"52":0,"53":0,"54":0,"55":0,"56":1,"57":1,"58":0,"59":0,"60":0,"61":0,"62":0,"63":0,"64":0,"65":0,"66":1,"67":1},"f":{"0":5,"1":0,"2":0,"3":0,"4":1,"5":1,"6":3,"7":0,"8":0,"9":0,"10":1},"b":{"0":[0,0],"1":[0,0],"2":[0,0],"3":[0,0],"4":[1],"5":[1,0,0],"6":[1],"7":[1],"8":[0],"9":[1],"10":[2,1],"11":[1,0],"12":[0],"13":[0],"14":[1],"15":[0],"16":[0]}}
,"C:\\Users\\gitav\\Downloads\\cuidar-bem\\backend\\src\\auth\\jwt-auth.guard.ts": {"path":"C:\\Users\\gitav\\Downloads\\cuidar-bem\\backend\\src\\auth\\jwt-auth.guard.ts","statementMap":{"0":{"start":{"line":1,"column":0},"end":{"line":1,"column":44}},"1":{"start":{"line":2,"column":0},"end":{"line":2,"column":45}},"2":{"start":{"line":5,"column":7},"end":{"line":5,"column":null}},"3":{"start":{"line":5,"column":13},"end":{"line":5,"column":25}},"4":{"start":{"line":5,"column":13},"end":{"line":5,"column":null}}},"fnMap":{},"branchMap":{},"s":{"0":0,"1":0,"2":0,"3":0,"4":0},"f":{},"b":{}}
,"C:\\Users\\gitav\\Downloads\\cuidar-bem\\backend\\src\\auth\\jwt.strategy.ts": {"path":"C:\\Users\\gitav\\Downloads\\cuidar-bem\\backend\\src\\auth\\jwt.strategy.ts","statementMap":{"0":{"start":{"line":1,"column":0},"end":{"line":1,"column":67}},"1":{"start":{"line":2,"column":0},"end":{"line":2,"column":52}},"2":{"start":{"line":3,"column":0},"end":{"line":3,"column":52}},"3":{"start":{"line":4,"column":0},"end":{"line":4,"column":47}},"4":{"start":{"line":5,"column":0},"end":{"line":5,"column":54}},"5":{"start":{"line":6,"column":0},"end":{"line":6,"column":69}},"6":{"start":{"line":10,"column":7},"end":{"line":55,"column":null}},"7":{"start":{"line":16,"column":4},"end":{"line":21,"column":7}},"8":{"start":{"line":12,"column":12},"end":{"line":12,"column":27}},"9":{"start":{"line":13,"column":12},"end":{"line":13,"column":26}},"10":{"start":{"line":14,"column":12},"end":{"line":14,"column":33}},"11":{"start":{"line":25,"column":18},"end":{"line":25,"column":63}},"12":{"start":{"line":28,"column":4},"end":{"line":30,"column":5}},"13":{"start":{"line":29,"column":6},"end":{"line":29,"column":58}},"14":{"start":{"line":33,"column":4},"end":{"line":35,"column":5}},"15":{"start":{"line":34,"column":6},"end":{"line":34,"column":64}},"16":{"start":{"line":37,"column":17},"end":{"line":37,"column":68}},"17":{"start":{"line":39,"column":4},"end":{"line":41,"column":5}},"18":{"start":{"line":40,"column":6},"end":{"line":40,"column":64}},"19":{"start":{"line":43,"column":4},"end":{"line":46,"column":5}},"20":{"start":{"line":44,"column":21},"end":{"line":44,"column":85}},"21":{"start":{"line":45,"column":6},"end":{"line":45,"column":82}},"22":{"start":{"line":48,"column":4},"end":{"line":53,"column":6}},"23":{"start":{"line":10,"column":13},"end":{"line":10,"column":24}},"24":{"start":{"line":10,"column":13},"end":{"line":55,"column":null}}},"fnMap":{"0":{"name":"(anonymous_2)","decl":{"start":{"line":11,"column":2},"end":{"line":11,"column":null}},"loc":{"start":{"line":14,"column":52},"end":{"line":22,"column":3}}},"1":{"name":"(anonymous_3)","decl":{"start":{"line":24,"column":2},"end":{"line":24,"column":7}},"loc":{"start":{"line":24,"column":43},"end":{"line":54,"column":3}}}},"branchMap":{"0":{"loc":{"start":{"line":19,"column":19},"end":{"line":19,"column":73}},"type":"binary-expr","locations":[{"start":{"line":19,"column":19},"end":{"line":19,"column":50}},{"start":{"line":19,"column":54},"end":{"line":19,"column":73}}]},"1":{"loc":{"start":{"line":28,"column":4},"end":{"line":30,"column":5}},"type":"if","locations":[{"start":{"line":28,"column":4},"end":{"line":30,"column":5}}]},"2":{"loc":{"start":{"line":28,"column":8},"end":{"line":28,"column":73}},"type":"binary-expr","locations":[{"start":{"line":28,"column":8},"end":{"line":28,"column":13}},{"start":{"line":28,"column":17},"end":{"line":28,"column":73}}]},"3":{"loc":{"start":{"line":33,"column":4},"end":{"line":35,"column":5}},"type":"if","locations":[{"start":{"line":33,"column":4},"end":{"line":35,"column":5}}]},"4":{"loc":{"start":{"line":39,"column":4},"end":{"line":41,"column":5}},"type":"if","locations":[{"start":{"line":39,"column":4},"end":{"line":41,"column":5}}]},"5":{"loc":{"start":{"line":43,"column":4},"end":{"line":46,"column":5}},"type":"if","locations":[{"start":{"line":43,"column":4},"end":{"line":46,"column":5}}]},"6":{"loc":{"start":{"line":43,"column":8},"end":{"line":43,"column":60}},"type":"binary-expr","locations":[{"start":{"line":43,"column":8},"end":{"line":43,"column":42}},{"start":{"line":43,"column":46},"end":{"line":43,"column":60}}]},"7":{"loc":{"start":{"line":44,"column":21},"end":{"line":44,"column":85}},"type":"binary-expr","locations":[{"start":{"line":44,"column":21},"end":{"line":44,"column":43}},{"start":{"line":44,"column":47},"end":{"line":44,"column":85}}]}},"s":{"0":0,"1":0,"2":0,"3":0,"4":0,"5":0,"6":0,"7":0,"8":0,"9":0,"10":0,"11":0,"12":0,"13":0,"14":0,"15":0,"16":0,"17":0,"18":0,"19":0,"20":0,"21":0,"22":0,"23":0,"24":0},"f":{"0":0,"1":0},"b":{"0":[0,0],"1":[0],"2":[0,0],"3":[0],"4":[0],"5":[0],"6":[0,0],"7":[0,0]}}
,"C:\\Users\\gitav\\Downloads\\cuidar-bem\\backend\\src\\auth\\decorators\\rate-limit.decorator.ts": {"path":"C:\\Users\\gitav\\Downloads\\cuidar-bem\\backend\\src\\auth\\decorators\\rate-limit.decorator.ts","statementMap":{"0":{"start":{"line":1,"column":0},"end":{"line":1,"column":45}},"1":{"start":{"line":3,"column":13},"end":{"line":3,"column":43}},"2":{"start":{"line":11,"column":25},"end":{"line":20,"column":24}},"3":{"start":{"line":16,"column":2},"end":{"line":20,"column":24}},"4":{"start":{"line":11,"column":13},"end":{"line":11,"column":25}}},"fnMap":{"0":{"name":"(anonymous_0)","decl":{"start":{"line":11,"column":25},"end":{"line":11,"column":null}},"loc":{"start":{"line":16,"column":2},"end":{"line":20,"column":24}}}},"branchMap":{},"s":{"0":0,"1":0,"2":0,"3":0,"4":0},"f":{"0":0},"b":{}}
,"C:\\Users\\gitav\\Downloads\\cuidar-bem\\backend\\src\\auth\\guards\\rate-limit.guard.ts": {"path":"C:\\Users\\gitav\\Downloads\\cuidar-bem\\backend\\src\\auth\\guards\\rate-limit.guard.ts","statementMap":{"0":{"start":{"line":1,"column":0},"end":{"line":1,"column":null}},"1":{"start":{"line":9,"column":0},"end":{"line":9,"column":41}},"2":{"start":{"line":10,"column":0},"end":{"line":10,"column":86}},"3":{"start":{"line":11,"column":0},"end":{"line":11,"column":66}},"4":{"start":{"line":14,"column":27},"end":{"line":72,"column":null}},"5":{"start":{"line":18,"column":21},"end":{"line":18,"column":32}},"6":{"start":{"line":19,"column":21},"end":{"line":19,"column":39}},"7":{"start":{"line":15,"column":19},"end":{"line":15,"column":60}},"8":{"start":{"line":23,"column":20},"end":{"line":25,"column":null}},"9":{"start":{"line":29,"column":4},"end":{"line":31,"column":5}},"10":{"start":{"line":30,"column":6},"end":{"line":30,"column":18}},"11":{"start":{"line":33,"column":20},"end":{"line":33,"column":55}},"12":{"start":{"line":34,"column":21},"end":{"line":34,"column":57}},"13":{"start":{"line":36,"column":15},"end":{"line":36,"column":55}},"14":{"start":{"line":37,"column":18},"end":{"line":37,"column":53}},"15":{"start":{"line":38,"column":16},"end":{"line":38,"column":32}},"16":{"start":{"line":40,"column":19},"end":{"line":43,"column":null}},"17":{"start":{"line":47,"column":4},"end":{"line":47,"column":54}},"18":{"start":{"line":48,"column":4},"end":{"line":48,"column":88}},"19":{"start":{"line":49,"column":4},"end":{"line":49,"column":64}},"20":{"start":{"line":51,"column":4},"end":{"line":68,"column":5}},"21":{"start":{"line":52,"column":6},"end":{"line":54,"column":8}},"22":{"start":{"line":57,"column":8},"end":{"line":58,"column":97}},"23":{"start":{"line":60,"column":6},"end":{"line":67,"column":8}},"24":{"start":{"line":70,"column":4},"end":{"line":70,"column":16}},"25":{"start":{"line":14,"column":13},"end":{"line":14,"column":27}},"26":{"start":{"line":14,"column":13},"end":{"line":72,"column":null}}},"fnMap":{"0":{"name":"(anonymous_2)","decl":{"start":{"line":17,"column":2},"end":{"line":17,"column":null}},"loc":{"start":{"line":19,"column":55},"end":{"line":20,"column":6}}},"1":{"name":"(anonymous_3)","decl":{"start":{"line":22,"column":2},"end":{"line":22,"column":7}},"loc":{"start":{"line":22,"column":45},"end":{"line":71,"column":3}}}},"branchMap":{"0":{"loc":{"start":{"line":29,"column":4},"end":{"line":31,"column":5}},"type":"if","locations":[{"start":{"line":29,"column":4},"end":{"line":31,"column":5}}]},"1":{"loc":{"start":{"line":51,"column":4},"end":{"line":68,"column":5}},"type":"if","locations":[{"start":{"line":51,"column":4},"end":{"line":68,"column":5}}]},"2":{"loc":{"start":{"line":57,"column":8},"end":{"line":58,"column":97}},"type":"binary-expr","locations":[{"start":{"line":57,"column":8},"end":{"line":57,"column":23}},{"start":{"line":58,"column":8},"end":{"line":58,"column":97}}]}},"s":{"0":0,"1":0,"2":0,"3":0,"4":0,"5":0,"6":0,"7":0,"8":0,"9":0,"10":0,"11":0,"12":0,"13":0,"14":0,"15":0,"16":0,"17":0,"18":0,"19":0,"20":0,"21":0,"22":0,"23":0,"24":0,"25":0,"26":0},"f":{"0":0,"1":0},"b":{"0":[0],"1":[0],"2":[0,0]}}
,"C:\\Users\\gitav\\Downloads\\cuidar-bem\\backend\\src\\auth\\services\\rate-limit.service.ts": {"path":"C:\\Users\\gitav\\Downloads\\cuidar-bem\\backend\\src\\auth\\services\\rate-limit.service.ts","statementMap":{"0":{"start":{"line":1,"column":0},"end":{"line":1,"column":60}},"1":{"start":{"line":2,"column":0},"end":{"line":2,"column":32}},"2":{"start":{"line":3,"column":0},"end":{"line":3,"column":59}},"3":{"start":{"line":13,"column":29},"end":{"line":66,"column":null}},"4":{"start":{"line":16,"column":53},"end":{"line":16,"column":60}},"5":{"start":{"line":14,"column":19},"end":{"line":14,"column":62}},"6":{"start":{"line":23,"column":21},"end":{"line":23,"column":39}},"7":{"start":{"line":25,"column":4},"end":{"line":47,"column":5}},"8":{"start":{"line":27,"column":22},"end":{"line":27,"column":53}},"9":{"start":{"line":29,"column":6},"end":{"line":32,"column":7}},"10":{"start":{"line":31,"column":8},"end":{"line":31,"column":57}},"11":{"start":{"line":34,"column":18},"end":{"line":34,"column":48}},"12":{"start":{"line":35,"column":29},"end":{"line":35,"column":58}},"13":{"start":{"line":37,"column":6},"end":{"line":42,"column":8}},"14":{"start":{"line":45,"column":6},"end":{"line":45,"column":75}},"15":{"start":{"line":46,"column":6},"end":{"line":46,"column":79}},"16":{"start":{"line":52,"column":22},"end":{"line":52,"column":56}},"17":{"start":{"line":54,"column":4},"end":{"line":57,"column":5}},"18":{"start":{"line":56,"column":6},"end":{"line":56,"column":44}},"19":{"start":{"line":59,"column":4},"end":{"line":64,"column":6}},"20":{"start":{"line":13,"column":13},"end":{"line":13,"column":29}},"21":{"start":{"line":13,"column":13},"end":{"line":66,"column":null}}},"fnMap":{"0":{"name":"(anonymous_4)","decl":{"start":{"line":16,"column":2},"end":{"line":16,"column":15}},"loc":{"start":{"line":16,"column":65},"end":{"line":16,"column":69}}},"1":{"name":"(anonymous_5)","decl":{"start":{"line":18,"column":2},"end":{"line":18,"column":7}},"loc":{"start":{"line":21,"column":25},"end":{"line":48,"column":3}}},"2":{"name":"(anonymous_6)","decl":{"start":{"line":51,"column":2},"end":{"line":51,"column":11}},"loc":{"start":{"line":51,"column":24},"end":{"line":65,"column":3}}}},"branchMap":{"0":{"loc":{"start":{"line":29,"column":6},"end":{"line":32,"column":7}},"type":"if","locations":[{"start":{"line":29,"column":6},"end":{"line":32,"column":7}}]},"1":{"loc":{"start":{"line":35,"column":29},"end":{"line":35,"column":58}},"type":"cond-expr","locations":[{"start":{"line":35,"column":39},"end":{"line":35,"column":42}},{"start":{"line":35,"column":45},"end":{"line":35,"column":58}}]},"2":{"loc":{"start":{"line":54,"column":4},"end":{"line":57,"column":5}},"type":"if","locations":[{"start":{"line":54,"column":4},"end":{"line":57,"column":5}}]},"3":{"loc":{"start":{"line":60,"column":6},"end":{"line":63,"column":15}},"type":"binary-expr","locations":[{"start":{"line":60,"column":6},"end":{"line":60,"column":34}},{"start":{"line":61,"column":6},"end":{"line":61,"column":39}},{"start":{"line":62,"column":6},"end":{"line":62,"column":35}},{"start":{"line":63,"column":6},"end":{"line":63,"column":15}}]}},"s":{"0":0,"1":0,"2":0,"3":0,"4":0,"5":0,"6":0,"7":0,"8":0,"9":0,"10":0,"11":0,"12":0,"13":0,"14":0,"15":0,"16":0,"17":0,"18":0,"19":0,"20":0,"21":0},"f":{"0":0,"1":0,"2":0},"b":{"0":[0],"1":[0,0],"2":[0],"3":[0,0,0,0]}}
,"C:\\Users\\gitav\\Downloads\\cuidar-bem\\backend\\src\\bookings\\bookings.controller.ts": {"path":"C:\\Users\\gitav\\Downloads\\cuidar-bem\\backend\\src\\bookings\\bookings.controller.ts","statementMap":{"0":{"start":{"line":1,"column":0},"end":{"line":1,"column":null}},"1":{"start":{"line":12,"column":0},"end":{"line":12,"column":90}},"2":{"start":{"line":13,"column":0},"end":{"line":13,"column":53}},"3":{"start":{"line":14,"column":0},"end":{"line":14,"column":60}},"4":{"start":{"line":15,"column":0},"end":{"line":15,"column":54}},"5":{"start":{"line":16,"column":0},"end":{"line":16,"column":63}},"6":{"start":{"line":22,"column":7},"end":{"line":75,"column":null}},"7":{"start":{"line":23,"column":31},"end":{"line":23,"column":48}},"8":{"start":{"line":29,"column":4},"end":{"line":29,"column":71}},"9":{"start":{"line":35,"column":4},"end":{"line":37,"column":5}},"10":{"start":{"line":36,"column":6},"end":{"line":36,"column":67}},"11":{"start":{"line":38,"column":4},"end":{"line":38,"column":62}},"12":{"start":{"line":43,"column":4},"end":{"line":43,"column":72}},"13":{"start":{"line":48,"column":4},"end":{"line":48,"column":44}},"14":{"start":{"line":53,"column":4},"end":{"line":59,"column":6}},"15":{"start":{"line":68,"column":4},"end":{"line":73,"column":6}},"16":{"start":{"line":22,"column":13},"end":{"line":22,"column":31}},"17":{"start":{"line":28,"column":2},"end":{"line":30,"column":null}},"18":{"start":{"line":34,"column":2},"end":{"line":39,"column":null}},"19":{"start":{"line":42,"column":2},"end":{"line":44,"column":null}},"20":{"start":{"line":47,"column":2},"end":{"line":49,"column":null}},"21":{"start":{"line":52,"column":2},"end":{"line":60,"column":null}},"22":{"start":{"line":63,"column":2},"end":{"line":74,"column":null}},"23":{"start":{"line":22,"column":13},"end":{"line":75,"column":null}}},"fnMap":{"0":{"name":"(anonymous_4)","decl":{"start":{"line":23,"column":2},"end":{"line":23,"column":31}},"loc":{"start":{"line":23,"column":63},"end":{"line":23,"column":67}}},"1":{"name":"(anonymous_5)","decl":{"start":{"line":28,"column":2},"end":{"line":28,"column":8}},"loc":{"start":{"line":28,"column":54},"end":{"line":30,"column":3}}},"2":{"name":"(anonymous_6)","decl":{"start":{"line":34,"column":2},"end":{"line":34,"column":8}},"loc":{"start":{"line":34,"column":23},"end":{"line":39,"column":3}}},"3":{"name":"(anonymous_7)","decl":{"start":{"line":42,"column":2},"end":{"line":42,"column":11}},"loc":{"start":{"line":42,"column":69},"end":{"line":44,"column":3}}},"4":{"name":"(anonymous_8)","decl":{"start":{"line":47,"column":2},"end":{"line":47,"column":9}},"loc":{"start":{"line":47,"column":33},"end":{"line":49,"column":3}}},"5":{"name":"(anonymous_9)","decl":{"start":{"line":52,"column":2},"end":{"line":52,"column":9}},"loc":{"start":{"line":52,"column":81},"end":{"line":60,"column":3}}},"6":{"name":"(anonymous_10)","decl":{"start":{"line":63,"column":2},"end":{"line":63,"column":14}},"loc":{"start":{"line":66,"column":34},"end":{"line":74,"column":3}}}},"branchMap":{"0":{"loc":{"start":{"line":35,"column":4},"end":{"line":37,"column":5}},"type":"if","locations":[{"start":{"line":35,"column":4},"end":{"line":37,"column":5}}]}},"s":{"0":0,"1":0,"2":0,"3":0,"4":0,"5":0,"6":0,"7":0,"8":0,"9":0,"10":0,"11":0,"12":0,"13":0,"14":0,"15":0,"16":0,"17":0,"18":0,"19":0,"20":0,"21":0,"22":0,"23":0},"f":{"0":0,"1":0,"2":0,"3":0,"4":0,"5":0,"6":0},"b":{"0":[0]}}
,"C:\\Users\\gitav\\Downloads\\cuidar-bem\\backend\\src\\bookings\\bookings.module.ts": {"path":"C:\\Users\\gitav\\Downloads\\cuidar-bem\\backend\\src\\bookings\\bookings.module.ts","statementMap":{"0":{"start":{"line":1,"column":0},"end":{"line":1,"column":52}},"1":{"start":{"line":2,"column":0},"end":{"line":2,"column":50}},"2":{"start":{"line":3,"column":0},"end":{"line":3,"column":53}},"3":{"start":{"line":4,"column":0},"end":{"line":4,"column":59}},"4":{"start":{"line":5,"column":0},"end":{"line":5,"column":66}},"5":{"start":{"line":6,"column":0},"end":{"line":6,"column":52}},"6":{"start":{"line":7,"column":0},"end":{"line":7,"column":49}},"7":{"start":{"line":19,"column":7},"end":{"line":19,"column":null}},"8":{"start":{"line":19,"column":13},"end":{"line":19,"column":27}},"9":{"start":{"line":19,"column":13},"end":{"line":19,"column":null}},"10":{"start":{"line":13,"column":21},"end":{"line":13,"column":31}}},"fnMap":{"0":{"name":"(anonymous_1)","decl":{"start":{"line":13,"column":15},"end":{"line":13,"column":18}},"loc":{"start":{"line":13,"column":21},"end":{"line":13,"column":31}}}},"branchMap":{},"s":{"0":0,"1":0,"2":0,"3":0,"4":0,"5":0,"6":0,"7":0,"8":0,"9":0,"10":0},"f":{"0":0},"b":{}}
,"C:\\Users\\gitav\\Downloads\\cuidar-bem\\backend\\src\\bookings\\bookings.service.ts": {"path":"C:\\Users\\gitav\\Downloads\\cuidar-bem\\backend\\src\\bookings\\bookings.service.ts","statementMap":{"0":{"start":{"line":1,"column":0},"end":{"line":1,"column":null}},"1":{"start":{"line":10,"column":0},"end":{"line":10,"column":47}},"2":{"start":{"line":11,"column":0},"end":{"line":11,"column":33}},"3":{"start":{"line":12,"column":0},"end":{"line":12,"column":68}},"4":{"start":{"line":15,"column":0},"end":{"line":15,"column":51}},"5":{"start":{"line":16,"column":0},"end":{"line":16,"column":61}},"6":{"start":{"line":17,"column":0},"end":{"line":17,"column":null}},"7":{"start":{"line":21,"column":0},"end":{"line":21,"column":57}},"8":{"start":{"line":24,"column":28},"end":{"line":812,"column":null}},"9":{"start":{"line":38,"column":39},"end":{"line":38,"column":53}},"10":{"start":{"line":39,"column":12},"end":{"line":39,"column":27}},"11":{"start":{"line":41,"column":12},"end":{"line":41,"column":25}},"12":{"start":{"line":25,"column":19},"end":{"line":25,"column":61}},"13":{"start":{"line":26,"column":19},"end":{"line":26,"column":45}},"14":{"start":{"line":27,"column":19},"end":{"line":27,"column":61}},"15":{"start":{"line":28,"column":19},"end":{"line":28,"column":52}},"16":{"start":{"line":30,"column":19},"end":{"line":35,"column":4}},"17":{"start":{"line":45,"column":4},"end":{"line":45,"column":43}},"18":{"start":{"line":49,"column":4},"end":{"line":49,"column":59}},"19":{"start":{"line":57,"column":4},"end":{"line":57,"column":63}},"20":{"start":{"line":61,"column":4},"end":{"line":61,"column":35}},"21":{"start":{"line":70,"column":30},"end":{"line":70,"column":37}},"22":{"start":{"line":71,"column":21},"end":{"line":71,"column":48}},"23":{"start":{"line":72,"column":21},"end":{"line":72,"column":48}},"24":{"start":{"line":73,"column":20},"end":{"line":73,"column":40}},"25":{"start":{"line":74,"column":20},"end":{"line":74,"column":40}},"26":{"start":{"line":77,"column":6},"end":{"line":81,"column":25}},"27":{"start":{"line":83,"column":14},"end":{"line":83,"column":60}},"28":{"start":{"line":84,"column":4},"end":{"line":84,"column":33}},"29":{"start":{"line":95,"column":18},"end":{"line":95,"column":41}},"30":{"start":{"line":96,"column":16},"end":{"line":96,"column":37}},"31":{"start":{"line":97,"column":23},"end":{"line":97,"column":38}},"32":{"start":{"line":98,"column":4},"end":{"line":98,"column":36}},"33":{"start":{"line":99,"column":21},"end":{"line":99,"column":36}},"34":{"start":{"line":100,"column":4},"end":{"line":100,"column":39}},"35":{"start":{"line":102,"column":4},"end":{"line":104,"column":5}},"36":{"start":{"line":103,"column":6},"end":{"line":103,"column":74}},"37":{"start":{"line":106,"column":4},"end":{"line":110,"column":5}},"38":{"start":{"line":107,"column":6},"end":{"line":109,"column":8}},"39":{"start":{"line":112,"column":30},"end":{"line":118,"column":6}},"40":{"start":{"line":120,"column":4},"end":{"line":124,"column":5}},"41":{"start":{"line":121,"column":6},"end":{"line":123,"column":8}},"42":{"start":{"line":126,"column":4},"end":{"line":136,"column":5}},"43":{"start":{"line":128,"column":8},"end":{"line":128,"column":55}},"44":{"start":{"line":129,"column":38},"end":{"line":129,"column":60}},"45":{"start":{"line":131,"column":6},"end":{"line":135,"column":7}},"46":{"start":{"line":132,"column":8},"end":{"line":134,"column":10}},"47":{"start":{"line":138,"column":4},"end":{"line":142,"column":5}},"48":{"start":{"line":139,"column":6},"end":{"line":141,"column":8}},"49":{"start":{"line":144,"column":4},"end":{"line":151,"column":5}},"50":{"start":{"line":148,"column":6},"end":{"line":150,"column":8}},"51":{"start":{"line":153,"column":35},"end":{"line":153,"column":74}},"52":{"start":{"line":154,"column":22},"end":{"line":156,"column":25}},"53":{"start":{"line":158,"column":4},"end":{"line":160,"column":5}},"54":{"start":{"line":159,"column":6},"end":{"line":159,"column":61}},"55":{"start":{"line":162,"column":28},"end":{"line":164,"column":null}},"56":{"start":{"line":164,"column":8},"end":{"line":164,"column":69}},"57":{"start":{"line":167,"column":4},"end":{"line":171,"column":5}},"58":{"start":{"line":168,"column":6},"end":{"line":170,"column":8}},"59":{"start":{"line":173,"column":4},"end":{"line":177,"column":5}},"60":{"start":{"line":174,"column":6},"end":{"line":176,"column":8}},"61":{"start":{"line":179,"column":35},"end":{"line":180,"column":null}},"62":{"start":{"line":183,"column":4},"end":{"line":204,"column":5}},"63":{"start":{"line":184,"column":27},"end":{"line":184,"column":54}},"64":{"start":{"line":185,"column":35},"end":{"line":187,"column":33}},"65":{"start":{"line":186,"column":26},"end":{"line":186,"column":42}},"66":{"start":{"line":187,"column":23},"end":{"line":187,"column":32}},"67":{"start":{"line":189,"column":31},"end":{"line":190,"column":null}},"68":{"start":{"line":190,"column":18},"end":{"line":190,"column":54}},"69":{"start":{"line":193,"column":6},"end":{"line":197,"column":7}},"70":{"start":{"line":194,"column":8},"end":{"line":196,"column":10}},"71":{"start":{"line":198,"column":11},"end":{"line":204,"column":5}},"72":{"start":{"line":201,"column":6},"end":{"line":203,"column":8}},"73":{"start":{"line":206,"column":26},"end":{"line":206,"column":74}},"74":{"start":{"line":207,"column":24},"end":{"line":207,"column":70}},"75":{"start":{"line":209,"column":29},"end":{"line":213,"column":6}},"76":{"start":{"line":215,"column":4},"end":{"line":219,"column":5}},"77":{"start":{"line":216,"column":6},"end":{"line":218,"column":8}},"78":{"start":{"line":221,"column":20},"end":{"line":225,"column":6}},"79":{"start":{"line":227,"column":18},"end":{"line":235,"column":6}},"80":{"start":{"line":237,"column":35},"end":{"line":237,"column":59}},"81":{"start":{"line":238,"column":26},"end":{"line":238,"column":52}},"82":{"start":{"line":239,"column":19},"end":{"line":239,"column":40}},"83":{"start":{"line":241,"column":4},"end":{"line":241,"column":55}},"84":{"start":{"line":242,"column":4},"end":{"line":242,"column":67}},"85":{"start":{"line":243,"column":4},"end":{"line":243,"column":75}},"86":{"start":{"line":246,"column":42},"end":{"line":246,"column":44}},"87":{"start":{"line":249,"column":4},"end":{"line":266,"column":5}},"88":{"start":{"line":250,"column":22},"end":{"line":261,"column":96}},"89":{"start":{"line":261,"column":22},"end":{"line":261,"column":95}},"90":{"start":{"line":263,"column":6},"end":{"line":263,"column":34}},"91":{"start":{"line":265,"column":6},"end":{"line":265,"column":59}},"92":{"start":{"line":269,"column":4},"end":{"line":285,"column":5}},"93":{"start":{"line":272,"column":22},"end":{"line":280,"column":95}},"94":{"start":{"line":280,"column":22},"end":{"line":280,"column":94}},"95":{"start":{"line":282,"column":6},"end":{"line":282,"column":34}},"96":{"start":{"line":284,"column":6},"end":{"line":284,"column":58}},"97":{"start":{"line":288,"column":4},"end":{"line":291,"column":5}},"98":{"start":{"line":289,"column":6},"end":{"line":289,"column":46}},"99":{"start":{"line":290,"column":6},"end":{"line":290,"column":74}},"100":{"start":{"line":293,"column":4},"end":{"line":293,"column":17}},"101":{"start":{"line":307,"column":4},"end":{"line":311,"column":5}},"102":{"start":{"line":308,"column":6},"end":{"line":310,"column":8}},"103":{"start":{"line":313,"column":4},"end":{"line":320,"column":5}},"104":{"start":{"line":317,"column":6},"end":{"line":319,"column":8}},"105":{"start":{"line":322,"column":20},"end":{"line":328,"column":59}},"106":{"start":{"line":330,"column":4},"end":{"line":332,"column":5}},"107":{"start":{"line":331,"column":6},"end":{"line":331,"column":64}},"108":{"start":{"line":334,"column":22},"end":{"line":334,"column":48}},"109":{"start":{"line":335,"column":26},"end":{"line":335,"column":43}},"110":{"start":{"line":336,"column":24},"end":{"line":336,"column":65}},"111":{"start":{"line":338,"column":4},"end":{"line":340,"column":5}},"112":{"start":{"line":339,"column":6},"end":{"line":339,"column":52}},"113":{"start":{"line":342,"column":4},"end":{"line":344,"column":5}},"114":{"start":{"line":343,"column":6},"end":{"line":343,"column":21}},"115":{"start":{"line":346,"column":4},"end":{"line":350,"column":5}},"116":{"start":{"line":347,"column":6},"end":{"line":349,"column":8}},"117":{"start":{"line":352,"column":4},"end":{"line":359,"column":5}},"118":{"start":{"line":356,"column":6},"end":{"line":358,"column":8}},"119":{"start":{"line":361,"column":31},"end":{"line":362,"column":null}},"120":{"start":{"line":365,"column":4},"end":{"line":369,"column":5}},"121":{"start":{"line":366,"column":6},"end":{"line":368,"column":8}},"122":{"start":{"line":371,"column":27},"end":{"line":375,"column":null}},"123":{"start":{"line":378,"column":4},"end":{"line":382,"column":5}},"124":{"start":{"line":379,"column":6},"end":{"line":381,"column":8}},"125":{"start":{"line":384,"column":4},"end":{"line":384,"column":35}},"126":{"start":{"line":385,"column":4},"end":{"line":385,"column":35}},"127":{"start":{"line":386,"column":4},"end":{"line":386,"column":34}},"128":{"start":{"line":387,"column":4},"end":{"line":387,"column":35}},"129":{"start":{"line":388,"column":4},"end":{"line":388,"column":63}},"130":{"start":{"line":390,"column":18},"end":{"line":390,"column":38}},"131":{"start":{"line":392,"column":4},"end":{"line":394,"column":6}},"132":{"start":{"line":396,"column":19},"end":{"line":396,"column":42}},"133":{"start":{"line":398,"column":4},"end":{"line":412,"column":5}},"134":{"start":{"line":399,"column":6},"end":{"line":411,"column":8}},"135":{"start":{"line":414,"column":4},"end":{"line":414,"column":17}},"136":{"start":{"line":421,"column":20},"end":{"line":427,"column":59}},"137":{"start":{"line":429,"column":4},"end":{"line":429,"column":76}},"138":{"start":{"line":429,"column":18},"end":{"line":429,"column":76}},"139":{"start":{"line":431,"column":19},"end":{"line":431,"column":42}},"140":{"start":{"line":432,"column":22},"end":{"line":432,"column":48}},"141":{"start":{"line":433,"column":26},"end":{"line":433,"column":43}},"142":{"start":{"line":435,"column":21},"end":{"line":435,"column":55}},"143":{"start":{"line":436,"column":24},"end":{"line":436,"column":65}},"144":{"start":{"line":438,"column":4},"end":{"line":440,"column":5}},"145":{"start":{"line":439,"column":6},"end":{"line":439,"column":52}},"146":{"start":{"line":442,"column":4},"end":{"line":448,"column":5}},"147":{"start":{"line":447,"column":6},"end":{"line":447,"column":75}},"148":{"start":{"line":450,"column":4},"end":{"line":452,"column":5}},"149":{"start":{"line":451,"column":6},"end":{"line":451,"column":78}},"150":{"start":{"line":454,"column":27},"end":{"line":454,"column":41}},"151":{"start":{"line":456,"column":4},"end":{"line":458,"column":5}},"152":{"start":{"line":457,"column":6},"end":{"line":457,"column":21}},"153":{"start":{"line":460,"column":4},"end":{"line":464,"column":5}},"154":{"start":{"line":461,"column":6},"end":{"line":463,"column":8}},"155":{"start":{"line":466,"column":4},"end":{"line":470,"column":5}},"156":{"start":{"line":467,"column":6},"end":{"line":469,"column":8}},"157":{"start":{"line":472,"column":4},"end":{"line":472,"column":28}},"158":{"start":{"line":473,"column":18},"end":{"line":473,"column":38}},"159":{"start":{"line":475,"column":4},"end":{"line":477,"column":6}},"160":{"start":{"line":484,"column":4},"end":{"line":502,"column":5}},"161":{"start":{"line":485,"column":6},"end":{"line":485,"column":84}},"162":{"start":{"line":489,"column":9},"end":{"line":502,"column":5}},"163":{"start":{"line":490,"column":6},"end":{"line":490,"column":76}},"164":{"start":{"line":494,"column":9},"end":{"line":502,"column":5}},"165":{"start":{"line":495,"column":6},"end":{"line":501,"column":8}},"166":{"start":{"line":504,"column":4},"end":{"line":504,"column":17}},"167":{"start":{"line":518,"column":4},"end":{"line":546,"column":5}},"168":{"start":{"line":519,"column":6},"end":{"line":532,"column":7}},"169":{"start":{"line":520,"column":8},"end":{"line":531,"column":10}},"170":{"start":{"line":535,"column":27},"end":{"line":537,"column":null}},"171":{"start":{"line":539,"column":6},"end":{"line":541,"column":8}},"172":{"start":{"line":543,"column":6},"end":{"line":545,"column":8}},"173":{"start":{"line":555,"column":4},"end":{"line":592,"column":5}},"174":{"start":{"line":557,"column":6},"end":{"line":563,"column":7}},"175":{"start":{"line":558,"column":24},"end":{"line":558,"column":75}},"176":{"start":{"line":559,"column":8},"end":{"line":562,"column":9}},"177":{"start":{"line":560,"column":10},"end":{"line":560,"column":62}},"178":{"start":{"line":561,"column":10},"end":{"line":561,"column":79}},"179":{"start":{"line":566,"column":23},"end":{"line":566,"column":46}},"180":{"start":{"line":567,"column":30},"end":{"line":567,"column":60}},"181":{"start":{"line":569,"column":6},"end":{"line":587,"column":7}},"182":{"start":{"line":570,"column":31},"end":{"line":572,"column":null}},"183":{"start":{"line":575,"column":8},"end":{"line":586,"column":9}},"184":{"start":{"line":576,"column":10},"end":{"line":580,"column":12}},"185":{"start":{"line":581,"column":10},"end":{"line":583,"column":12}},"186":{"start":{"line":585,"column":10},"end":{"line":585,"column":81}},"187":{"start":{"line":589,"column":6},"end":{"line":591,"column":8}},"188":{"start":{"line":602,"column":4},"end":{"line":713,"column":5}},"189":{"start":{"line":603,"column":28},"end":{"line":603,"column":33}},"190":{"start":{"line":604,"column":24},"end":{"line":608,"column":8}},"191":{"start":{"line":610,"column":6},"end":{"line":655,"column":7}},"192":{"start":{"line":611,"column":24},"end":{"line":611,"column":75}},"193":{"start":{"line":612,"column":8},"end":{"line":654,"column":9}},"194":{"start":{"line":614,"column":12},"end":{"line":614,"column":63}},"195":{"start":{"line":615,"column":10},"end":{"line":617,"column":12}},"196":{"start":{"line":619,"column":10},"end":{"line":629,"column":12}},"197":{"start":{"line":630,"column":15},"end":{"line":654,"column":9}},"198":{"start":{"line":631,"column":27},"end":{"line":631,"column":79}},"199":{"start":{"line":632,"column":10},"end":{"line":634,"column":12}},"200":{"start":{"line":635,"column":10},"end":{"line":635,"column":33}},"201":{"start":{"line":638,"column":10},"end":{"line":645,"column":11}},"202":{"start":{"line":639,"column":12},"end":{"line":644,"column":14}},"203":{"start":{"line":647,"column":10},"end":{"line":653,"column":12}},"204":{"start":{"line":659,"column":6},"end":{"line":671,"column":7}},"205":{"start":{"line":660,"column":10},"end":{"line":670,"column":null}},"206":{"start":{"line":674,"column":6},"end":{"line":686,"column":7}},"207":{"start":{"line":675,"column":8},"end":{"line":685,"column":10}},"208":{"start":{"line":689,"column":23},"end":{"line":689,"column":46}},"209":{"start":{"line":690,"column":30},"end":{"line":690,"column":60}},"210":{"start":{"line":692,"column":6},"end":{"line":708,"column":7}},"211":{"start":{"line":693,"column":31},"end":{"line":695,"column":null}},"212":{"start":{"line":698,"column":8},"end":{"line":707,"column":9}},"213":{"start":{"line":699,"column":10},"end":{"line":703,"column":12}},"214":{"start":{"line":704,"column":10},"end":{"line":706,"column":12}},"215":{"start":{"line":710,"column":6},"end":{"line":712,"column":8}},"216":{"start":{"line":721,"column":4},"end":{"line":727,"column":31}},"217":{"start":{"line":731,"column":4},"end":{"line":740,"column":65}},"218":{"start":{"line":740,"column":26},"end":{"line":740,"column":63}},"219":{"start":{"line":740,"column":49},"end":{"line":740,"column":62}},"220":{"start":{"line":744,"column":4},"end":{"line":751,"column":31}},"221":{"start":{"line":755,"column":4},"end":{"line":761,"column":9}},"222":{"start":{"line":768,"column":29},"end":{"line":774,"column":30}},"223":{"start":{"line":776,"column":4},"end":{"line":778,"column":5}},"224":{"start":{"line":777,"column":6},"end":{"line":777,"column":34}},"225":{"start":{"line":780,"column":4},"end":{"line":780,"column":75}},"226":{"start":{"line":784,"column":4},"end":{"line":790,"column":31}},"227":{"start":{"line":794,"column":35},"end":{"line":794,"column":74}},"228":{"start":{"line":795,"column":22},"end":{"line":797,"column":6}},"229":{"start":{"line":799,"column":4},"end":{"line":801,"column":5}},"230":{"start":{"line":800,"column":6},"end":{"line":800,"column":16}},"231":{"start":{"line":803,"column":16},"end":{"line":803,"column":26}},"232":{"start":{"line":805,"column":4},"end":{"lin
[...]
{"line":153,"column":3}}},"10":{"name":"(anonymous_23)","decl":{"start":{"line":157,"column":2},"end":{"line":157,"column":7}},"loc":{"start":{"line":157,"column":44},"end":{"line":159,"column":3}}},"11":{"name":"(anonymous_24)","decl":{"start":{"line":163,"column":2},"end":{"line":163,"column":7}},"loc":{"start":{"line":165,"column":45},"end":{"line":168,"column":3}}}},"branchMap":{"0":{"loc":{"start":{"line":27,"column":2},"end":{"line":32,"column":3}},"type":"if","locations":[{"start":{"line":27,"column":2},"end":{"line":32,"column":3}}]},"1":{"loc":{"start":{"line":72,"column":4},"end":{"line":74,"column":5}},"type":"if","locations":[{"start":{"line":72,"column":4},"end":{"line":74,"column":5}}]},"2":{"loc":{"start":{"line":83,"column":4},"end":{"line":89,"column":5}},"type":"if","locations":[{"start":{"line":83,"column":4},"end":{"line":89,"column":5}}]},"3":{"loc":{"start":{"line":102,"column":4},"end":{"line":104,"column":5}},"type":"if","locations":[{"start":{"line":102,"column":4},"end":{"line":104,"column":5}}]},"4":{"loc":{"start":{"line":106,"column":4},"end":{"line":112,"column":5}},"type":"if","locations":[{"start":{"line":106,"column":4},"end":{"line":112,"column":5}}]},"5":{"loc":{"start":{"line":140,"column":4},"end":{"line":140,"column":71}},"type":"if","locations":[{"start":{"line":140,"column":4},"end":{"line":140,"column":71}}]},"6":{"loc":{"start":{"line":142,"column":4},"end":{"line":142,"column":73}},"type":"if","locations":[{"start":{"line":142,"column":4},"end":{"line":142,"column":73}}]}},"s":{"0":0,"1":0,"2":0,"3":0,"4":0,"5":0,"6":0,"7":0,"8":0,"9":0,"10":0,"11":0,"12":0,"13":0,"14":0,"15":0,"16":0,"17":0,"18":0,"19":0,"20":0,"21":0,"22":0,"23":0,"24":0,"25":0,"26":0,"27":0,"28":0,"29":0,"30":0,"31":0,"32":0,"33":0,"34":0,"35":0,"36":0,"37":0,"38":0,"39":0,"40":0,"41":0,"42":0,"43":0,"44":0,"45":0,"46":0,"47":0,"48":0,"49":0,"50":0,"51":0,"52":0,"53":0,"54":0,"55":0,"56":0,"57":0,"58":0,"59":0},"f":{"0":0,"1":0,"2":0,"3":0,"4":0,"5":0,"6":0,"7":0,"8":0,"9":0,"10":0,"11":0},"b":{"0":[0],"1":[0],"2":[0],"3":[0],"4":[0],"5":[0],"6":[0]}}
,"C:\\Users\\gitav\\Downloads\\cuidar-bem\\backend\\src\\users\\users.module.ts": {"path":"C:\\Users\\gitav\\Downloads\\cuidar-bem\\backend\\src\\users\\users.module.ts","statementMap":{"0":{"start":{"line":1,"column":0},"end":{"line":1,"column":50}},"1":{"start":{"line":2,"column":0},"end":{"line":2,"column":50}},"2":{"start":{"line":3,"column":0},"end":{"line":3,"column":47}},"3":{"start":{"line":4,"column":0},"end":{"line":4,"column":53}},"4":{"start":{"line":5,"column":0},"end":{"line":5,"column":57}},"5":{"start":{"line":6,"column":0},"end":{"line":6,"column":62}},"6":{"start":{"line":7,"column":0},"end":{"line":7,"column":53}},"7":{"start":{"line":15,"column":7},"end":{"line":15,"column":null}},"8":{"start":{"line":15,"column":13},"end":{"line":15,"column":24}},"9":{"start":{"line":15,"column":13},"end":{"line":15,"column":null}}},"fnMap":{},"branchMap":{},"s":{"0":0,"1":0,"2":0,"3":0,"4":0,"5":0,"6":0,"7":0,"8":0,"9":0},"f":{},"b":{}}
,"C:\\Users\\gitav\\Downloads\\cuidar-bem\\backend\\src\\users\\users.service.ts": {"path":"C:\\Users\\gitav\\Downloads\\cuidar-bem\\backend\\src\\users\\users.service.ts","statementMap":{"0":{"start":{"line":1,"column":0},"end":{"line":1,"column":98}},"1":{"start":{"line":2,"column":0},"end":{"line":2,"column":47}},"2":{"start":{"line":3,"column":0},"end":{"line":3,"column":40}},"3":{"start":{"line":4,"column":0},"end":{"line":4,"column":35}},"4":{"start":{"line":5,"column":0},"end":{"line":5,"column":28}},"5":{"start":{"line":6,"column":0},"end":{"line":6,"column":59}},"6":{"start":{"line":9,"column":0},"end":{"line":9,"column":56}},"7":{"start":{"line":12,"column":25},"end":{"line":237,"column":null}},"8":{"start":{"line":18,"column":36},"end":{"line":18,"column":47}},"9":{"start":{"line":20,"column":43},"end":{"line":20,"column":50}},"10":{"start":{"line":13,"column":19},"end":{"line":13,"column":58}},"11":{"start":{"line":14,"column":19},"end":{"line":14,"column":48}},"12":{"start":{"line":15,"column":19},"end":{"line":15,"column":59}},"13":{"start":{"line":24,"column":21},"end":{"line":24,"column":81}},"14":{"start":{"line":25,"column":4},"end":{"line":27,"column":5}},"15":{"start":{"line":26,"column":6},"end":{"line":26,"column":57}},"16":{"start":{"line":29,"column":27},"end":{"line":29,"column":72}},"17":{"start":{"line":30,"column":17},"end":{"line":36,"column":6}},"18":{"start":{"line":37,"column":4},"end":{"line":37,"column":23}},"19":{"start":{"line":41,"column":4},"end":{"line":41,"column":45}},"20":{"start":{"line":44,"column":4},"end":{"line":44,"column":39}},"21":{"start":{"line":47,"column":17},"end":{"line":47,"column":78}},"22":{"start":{"line":48,"column":4},"end":{"line":48,"column":69}},"23":{"start":{"line":48,"column":15},"end":{"line":48,"column":69}},"24":{"start":{"line":49,"column":4},"end":{"line":49,"column":16}},"25":{"start":{"line":53,"column":17},"end":{"line":55,"column":34}},"26":{"start":{"line":56,"column":4},"end":{"line":56,"column":69}},"27":{"start":{"line":56,"column":15},"end":{"line":56,"column":69}},"28":{"start":{"line":57,"column":4},"end":{"line":57,"column":16}},"29":{"start":{"line":61,"column":27},"end":{"line":61,"column":61}},"30":{"start":{"line":62,"column":4},"end":{"line":62,"column":77}},"31":{"start":{"line":70,"column":4},"end":{"line":76,"column":7}},"32":{"start":{"line":82,"column":4},"end":{"line":85,"column":7}},"33":{"start":{"line":89,"column":27},"end":{"line":89,"column":61}},"34":{"start":{"line":91,"column":4},"end":{"line":100,"column":7}},"35":{"start":{"line":104,"column":21},"end":{"line":104,"column":55}},"36":{"start":{"line":105,"column":22},"end":{"line":105,"column":43}},"37":{"start":{"line":108,"column":4},"end":{"line":108,"column":57}},"38":{"start":{"line":112,"column":21},"end":{"line":112,"column":55}},"39":{"start":{"line":115,"column":4},"end":{"line":115,"column":35}},"40":{"start":{"line":118,"column":4},"end":{"line":118,"column":83}},"41":{"start":{"line":123,"column":4},"end":{"line":148,"column":5}},"42":{"start":{"line":124,"column":19},"end":{"line":124,"column":68}},"43":{"start":{"line":125,"column":18},"end":{"line":125,"column":28}},"44":{"start":{"line":126,"column":38},"end":{"line":126,"column":40}},"45":{"start":{"line":128,"column":6},"end":{"line":131,"column":7}},"46":{"start":{"line":129,"column":23},"end":{"line":129,"column":60}},"47":{"start":{"line":130,"column":8},"end":{"line":130,"column":35}},"48":{"start":{"line":133,"column":6},"end":{"line":139,"column":7}},"49":{"start":{"line":135,"column":8},"end":{"line":138,"column":10}},"50":{"start":{"line":142,"column":6},"end":{"line":145,"column":8}},"51":{"start":{"line":147,"column":6},"end":{"line":147,"column":86}},"52":{"start":{"line":152,"column":4},"end":{"line":156,"column":7}},"53":{"start":{"line":160,"column":17},"end":{"line":160,"column":56}},"54":{"start":{"line":162,"column":4},"end":{"line":164,"column":5}},"55":{"start":{"line":163,"column":6},"end":{"line":163,"column":77}},"56":{"start":{"line":166,"column":4},"end":{"line":170,"column":5}},"57":{"start":{"line":167,"column":6},"end":{"line":169,"column":8}},"58":{"start":{"line":172,"column":4},"end":{"line":172,"column":41}},"59":{"start":{"line":173,"column":4},"end":{"line":173,"column":54}},"60":{"start":{"line":174,"column":4},"end":{"line":174,"column":40}},"61":{"start":{"line":175,"column":4},"end":{"line":175,"column":22}},"62":{"start":{"line":177,"column":4},"end":{"line":180,"column":6}},"63":{"start":{"line":184,"column":17},"end":{"line":184,"column":54}},"64":{"start":{"line":185,"column":4},"end":{"line":185,"column":69}},"65":{"start":{"line":185,"column":15},"end":{"line":185,"column":69}},"66":{"start":{"line":187,"column":4},"end":{"line":189,"column":6}},"67":{"start":{"line":188,"column":36},"end":{"line":188,"column":87}},"68":{"start":{"line":191,"column":31},"end":{"line":192,"column":null}},"69":{"start":{"line":192,"column":14},"end":{"line":192,"column":43}},"70":{"start":{"line":195,"column":4},"end":{"line":201,"column":5}},"71":{"start":{"line":196,"column":6},"end":{"line":198,"column":8}},"72":{"start":{"line":197,"column":16},"end":{"line":197,"column":45}},"73":{"start":{"line":200,"column":6},"end":{"line":200,"column":68}},"74":{"start":{"line":203,"column":4},"end":{"line":203,"column":22}},"75":{"start":{"line":204,"column":4},"end":{"line":207,"column":6}},"76":{"start":{"line":211,"column":17},"end":{"line":220,"column":13}},"77":{"start":{"line":222,"column":4},"end":{"line":222,"column":69}},"78":{"start":{"line":222,"column":15},"end":{"line":222,"column":69}},"79":{"start":{"line":223,"column":4},"end":{"line":223,"column":41}},"80":{"start":{"line":227,"column":17},"end":{"line":227,"column":54}},"81":{"start":{"line":228,"column":4},"end":{"line":228,"column":69}},"82":{"start":{"line":228,"column":15},"end":{"line":228,"column":69}},"83":{"start":{"line":230,"column":4},"end":{"line":232,"column":53}},"84":{"start":{"line":231,"column":44},"end":{"line":231,"column":95}},"85":{"start":{"line":232,"column":22},"end":{"line":232,"column":51}},"86":{"start":{"line":234,"column":4},"end":{"line":234,"column":22}},"87":{"start":{"line":235,"column":4},"end":{"line":235,"column":56}},"88":{"start":{"line":12,"column":13},"end":{"line":12,"column":25}},"89":{"start":{"line":12,"column":13},"end":{"line":237,"column":null}}},"fnMap":{"0":{"name":"(anonymous_14)","decl":{"start":{"line":17,"column":2},"end":{"line":17,"column":null}},"loc":{"start":{"line":20,"column":55},"end":{"line":21,"column":6}}},"1":{"name":"(anonymous_15)","decl":{"start":{"line":23,"column":2},"end":{"line":23,"column":7}},"loc":{"start":{"line":23,"column":43},"end":{"line":38,"column":3}}},"2":{"name":"(anonymous_16)","decl":{"start":{"line":40,"column":2},"end":{"line":40,"column":7}},"loc":{"start":{"line":40,"column":33},"end":{"line":42,"column":3}}},"3":{"name":"(anonymous_17)","decl":{"start":{"line":43,"column":2},"end":{"line":43,"column":7}},"loc":{"start":{"line":43,"column":30},"end":{"line":45,"column":3}}},"4":{"name":"(anonymous_18)","decl":{"start":{"line":46,"column":2},"end":{"line":46,"column":7}},"loc":{"start":{"line":46,"column":27},"end":{"line":50,"column":3}}},"5":{"name":"(anonymous_19)","decl":{"start":{"line":52,"column":2},"end":{"line":52,"column":7}},"loc":{"start":{"line":52,"column":55},"end":{"line":58,"column":3}}},"6":{"name":"(anonymous_20)","decl":{"start":{"line":60,"column":2},"end":{"line":60,"column":7}},"loc":{"start":{"line":60,"column":54},"end":{"line":63,"column":3}}},"7":{"name":"(anonymous_21)","decl":{"start":{"line":65,"column":2},"end":{"line":65,"column":7}},"loc":{"start":{"line":68,"column":19},"end":{"line":77,"column":3}}},"8":{"name":"(anonymous_22)","decl":{"start":{"line":79,"column":2},"end":{"line":79,"column":7}},"loc":{"start":{"line":80,"column":21},"end":{"line":86,"column":3}}},"9":{"name":"(anonymous_23)","decl":{"start":{"line":88,"column":2},"end":{"line":88,"column":7}},"loc":{"start":{"line":88,"column":62},"end":{"line":101,"column":3}}},"10":{"name":"(anonymous_24)","decl":{"start":{"line":103,"column":2},"end":{"line":103,"column":7}},"loc":{"start":{"line":103,"column":36},"end":{"line":109,"column":3}}},"11":{"name":"(anonymous_25)","decl":{"start":{"line":111,"column":2},"end":{"line":111,"column":7}},"loc":{"start":{"line":111,"column":33},"end":{"line":119,"column":3}}},"12":{"name":"(anonymous_26)","decl":{"start":{"line":122,"column":2},"end":{"line":122,"column":7}},"loc":{"start":{"line":122,"column":27},"end":{"line":149,"column":3}}},"13":{"name":"(anonymous_27)","decl":{"start":{"line":151,"column":2},"end":{"line":151,"column":7}},"loc":{"start":{"line":151,"column":42},"end":{"line":157,"column":3}}},"14":{"name":"(anonymous_28)","decl":{"start":{"line":159,"column":2},"end":{"line":159,"column":7}},"loc":{"start":{"line":159,"column":56},"end":{"line":181,"column":3}}},"15":{"name":"(anonymous_29)","decl":{"start":{"line":183,"column":2},"end":{"line":183,"column":7}},"loc":{"start":{"line":183,"column":61},"end":{"line":208,"column":3}}},"16":{"name":"(anonymous_30)","decl":{"start":{"line":188,"column":6},"end":{"line":188,"column":7}},"loc":{"start":{"line":188,"column":36},"end":{"line":188,"column":87}}},"17":{"name":"(anonymous_31)","decl":{"start":{"line":192,"column":6},"end":{"line":192,"column":7}},"loc":{"start":{"line":192,"column":14},"end":{"line":192,"column":43}}},"18":{"name":"(anonymous_32)","decl":{"start":{"line":197,"column":8},"end":{"line":197,"column":9}},"loc":{"start":{"line":197,"column":16},"end":{"line":197,"column":45}}},"19":{"name":"(anonymous_33)","decl":{"start":{"line":210,"column":2},"end":{"line":210,"column":7}},"loc":{"start":{"line":210,"column":44},"end":{"line":224,"column":3}}},"20":{"name":"(anonymous_34)","decl":{"start":{"line":226,"column":2},"end":{"line":226,"column":7}},"loc":{"start":{"line":226,"column":67},"end":{"line":236,"column":3}}},"21":{"name":"(anonymous_35)","decl":{"start":{"line":231,"column":14},"end":{"line":231,"column":15}},"loc":{"start":{"line":231,"column":44},"end":{"line":231,"column":95}}},"22":{"name":"(anonymous_36)","decl":{"start":{"line":232,"column":14},"end":{"line":232,"column":15}},"loc":{"start":{"line":232,"column":22},"end":{"line":232,"column":51}}}},"branchMap":{"0":{"loc":{"start":{"line":25,"column":4},"end":{"line":27,"column":5}},"type":"if","locations":[{"start":{"line":25,"column":4},"end":{"line":27,"column":5}}]},"1":{"loc":{"start":{"line":48,"column":4},"end":{"line":48,"column":69}},"type":"if","locations":[{"start":{"line":48,"column":4},"end":{"line":48,"column":69}}]},"2":{"loc":{"start":{"line":56,"column":4},"end":{"line":56,"column":69}},"type":"if","locations":[{"start":{"line":56,"column":4},"end":{"line":56,"column":69}}]},"3":{"loc":{"start":{"line":133,"column":6},"end":{"line":139,"column":7}},"type":"if","locations":[{"start":{"line":133,"column":6},"end":{"line":139,"column":7}}]},"4":{"loc":{"start":{"line":162,"column":4},"end":{"line":164,"column":5}},"type":"if","locations":[{"start":{"line":162,"column":4},"end":{"line":164,"column":5}}]},"5":{"loc":{"start":{"line":166,"column":4},"end":{"line":170,"column":5}},"type":"if","locations":[{"start":{"line":166,"column":4},"end":{"line":170,"column":5}}]},"6":{"loc":{"start":{"line":166,"column":8},"end":{"line":166,"column":59}},"type":"binary-expr","locations":[{"start":{"line":166,"column":8},"end":{"line":166,"column":42}},{"start":{"line":166,"column":46},"end":{"line":166,"column":59}}]},"7":{"loc":{"start":{"line":173,"column":32},"end":{"line":173,"column":53}},"type":"binary-expr","locations":[{"start":{"line":173,"column":32},"end":{"line":173,"column":47}},{"start":{"line":173,"column":51},"end":{"line":173,"column":53}}]},"8":{"loc":{"start":{"line":185,"column":4},"end":{"line":185,"column":69}},"type":"if","locations":[{"start":{"line":185,"column":4},"end":{"line":185,"column":69}}]},"9":{"loc":{"start":{"line":188,"column":36},"end":{"line":188,"column":87}},"type":"binary-expr","locations":[{"start":{"line":188,"column":36},"end":{"line":188,"column":46}},{"start":{"line":188,"column":50},"end":{"line":188,"column":87}}]},"10":{"loc":{"start":{"line":195,"column":4},"end":{"line":201,"column":5}},"type":"if","locations":[{"start":{"line":195,"column":4},"end":{"line":201,"column":5}},{"start":{"line":199,"column":11},"end":{"line":201,"column":5}}]},"11":{"loc":{"start":{"line":222,"column":4},"end":{"line":222,"column":69}},"type":"if","locations":[{"start":{"line":222,"column":4},"end":{"line":222,"column":69}}]},"12":{"loc":{"start":{"line":223,"column":11},"end":{"line":223,"column":40}},"type":"binary-expr","locations":[{"start":{"line":223,"column":11},"end":{"line":223,"column":34}},{"start":{"line":223,"column":38},"end":{"line":223,"column":40}}]},"13":{"loc":{"start":{"line":228,"column":4},"end":{"line":228,"column":69}},"type":"if","locations":[{"start":{"line":228,"column":4},"end":{"line":228,"column":69}}]},"14":{"loc":{"start":{"line":231,"column":44},"end":{"line":231,"column":95}},"type":"binary-expr","locations":[{"start":{"line":231,"column":44},"end":{"line":231,"column":54}},{"start":{"line":231,"column":58},"end":{"line":231,"column":95}}]}},"s":{"0":2,"1":2,"2":2,"3":2,"4":2,"5":2,"6":2,"7":2,"8":0,"9":0,"10":0,"11":0,"12":0,"13":0,"14":0,"15":0,"16":0,"17":0,"18":0,"19":0,"20":0,"21":0,"22":0,"23":0,"24":0,"25":0,"26":0,"27":0,"28":0,"29":0,"30":0,"31":0,"32":0,"33":0,"34":0,"35":0,"36":0,"37":0,"38":0,"39":0,"40":0,"41":0,"42":0,"43":0,"44":0,"45":0,"46":0,"47":0,"48":0,"49":0,"50":0,"51":0,"52":0,"53":0,"54":0,"55":0,"56":0,"57":0,"58":0,"59":0,"60":0,"61":0,"62":0,"63":0,"64":0,"65":0,"66":0,"67":0,"68":0,"69":0,"70":0,"71":0,"72":0,"73":0,"74":0,"75":0,"76":0,"77":0,"78":0,"79":0,"80":0,"81":0,"82":0,"83":0,"84":0,"85":0,"86":0,"87":0,"88":2,"89":2},"f":{"0":0,"1":0,"2":0,"3":0,"4":0,"5":0,"6":0,"7":0,"8":0,"9":0,"10":0,"11":0,"12":0,"13":0,"14":0,"15":0,"16":0,"17":0,"18":0,"19":0,"20":0,"21":0,"22":0},"b":{"0":[0],"1":[0],"2":[0],"3":[0],"4":[0],"5":[0],"6":[0,0],"7":[0,0],"8":[0],"9":[0,0],"10":[0,0],"11":[0],"12":[0,0],"13":[0],"14":[0,0]}}
,"C:\\Users\\gitav\\Downloads\\cuidar-bem\\backend\\src\\users\\schemas\\user.schema.ts": {"path":"C:\\Users\\gitav\\Downloads\\cuidar-bem\\backend\\src\\users\\schemas\\user.schema.ts","statementMap":{"0":{"start":{"line":1,"column":0},"end":{"line":1,"column":63}},"1":{"start":{"line":2,"column":0},"end":{"line":2,"column":43}},"2":{"start":{"line":7,"column":7},"end":{"line":89,"column":null}},"3":{"start":{"line":7,"column":13},"end":{"line":7,"column":17}},"4":{"start":{"line":9,"column":2},"end":{"line":9,"column":null}},"5":{"start":{"line":12,"column":2},"end":{"line":12,"column":null}},"6":{"start":{"line":15,"column":2},"end":{"line":15,"column":null}},"7":{"start":{"line":18,"column":2},"end":{"line":18,"column":null}},"8":{"start":{"line":21,"column":2},"end":{"line":21,"column":null}},"9":{"start":{"line":24,"column":2},"end":{"line":24,"column":null}},"10":{"start":{"line":27,"column":2},"end":{"line":27,"column":null}},"11":{"start":{"line":30,"column":2},"end":{"line":30,"column":null}},"12":{"start":{"line":33,"column":2},"end":{"line":33,"column":null}},"13":{"start":{"line":36,"column":2},"end":{"line":36,"column":null}},"14":{"start":{"line":39,"column":2},"end":{"line":39,"column":null}},"15":{"start":{"line":42,"column":2},"end":{"line":42,"column":null}},"16":{"start":{"line":45,"column":2},"end":{"line":45,"column":null}},"17":{"start":{"line":48,"column":2},"end":{"line":48,"column":null}},"18":{"start":{"line":51,"column":2},"end":{"line":51,"column":null}},"19":{"start":{"line":54,"column":2},"end":{"line":54,"column":null}},"20":{"start":{"line":57,"column":2},"end":{"line":57,"column":null}},"21":{"start":{"line":60,"column":2},"end":{"line":60,"column":null}},"22":{"start":{"line":63,"column":2},"end":{"line":63,"column":null}},"23":{"start":{"line":66,"column":2},"end":{"line":66,"column":null}},"24":{"start":{"line":69,"column":2},"end":{"line":69,"column":null}},"25":{"start":{"line":72,"column":2},"end":{"line":72,"column":null}},"26":{"start":{"line":75,"column":2},"end":{"line":75,"column":null}},"27":{"start":{"line":78,"column":2},"end":{"line":78,"column":null}},"28":{"start":{"line":81,"column":2},"end":{"line":81,"column":null}},"29":{"start":{"line":88,"column":2},"end":{"line":88,"column":null}},"30":{"start":{"line":7,"column":13},"end":{"line":89,"column":null}},"31":{"start":{"line":91,"column":13},"end":{"line":91,"column":61}}},"fnMap":{},"branchMap":{},"s":{"0":2,"1":2,"2":2,"3":2,"4":2,"5":2,"6":2,"7":2,"8":2,"9":2,"10":2,"11":2,"12":2,"13":2,"14":2,"15":2,"16":2,"17":2,"18":2,"19":2,"20":2,"21":2,"22":2,"23":2,"24":2,"25":2,"26":2,"27":2,"28":2,"29":2,"30":2,"31":2},"f":{},"b":{}}
}
