TN:
SF:src\app.module.ts
FN:48,(anonymous_2)
FN:53,(anonymous_3)
FNF:2
FNH:0
FNDA:0,(anonymous_2)
FNDA:0,(anonymous_3)
DA:1,0
DA:2,0
DA:3,0
DA:4,0
DA:5,0
DA:6,0
DA:7,0
DA:8,0
DA:9,0
DA:10,0
DA:11,0
DA:12,0
DA:13,0
DA:14,0
DA:15,0
DA:16,0
DA:17,0
DA:18,0
DA:19,0
DA:20,0
DA:21,0
DA:47,0
DA:49,0
DA:50,0
DA:54,0
LF:25
LH:0
BRDA:28,0,0,0
BRDA:28,0,1,0
BRF:2
BRH:0
end_of_record
TN:
SF:src\create-admin.ts
FN:45,loadEnvFiles
FN:95,parseArgs
FN:156,resolveInput
FN:194,getUserModel
FN:200,upsertAdmin
FN:236,main
FN:247,(anonymous_15)
FNF:7
FNH:0
FNDA:0,loadEnvFiles
FNDA:0,parseArgs
FNDA:0,resolveInput
FNDA:0,getUserModel
FNDA:0,upsertAdmin
FNDA:0,main
FNDA:0,(anonymous_15)
DA:1,0
DA:2,0
DA:3,0
DA:4,0
DA:5,0
DA:7,0
DA:20,0
DA:35,0
DA:46,0
DA:47,0
DA:52,0
DA:53,0
DA:54,0
DA:57,0
DA:58,0
DA:60,0
DA:61,0
DA:63,0
DA:64,0
DA:67,0
DA:69,0
DA:70,0
DA:73,0
DA:74,0
DA:77,0
DA:80,0
DA:81,0
DA:84,0
DA:87,0
DA:88,0
DA:89,0
DA:96,0
DA:97,0
DA:99,0
DA:100,0
DA:102,0
DA:103,0
DA:104,0
DA:107,0
DA:108,0
DA:110,0
DA:111,0
DA:113,0
DA:114,0
DA:115,0
DA:116,0
DA:119,0
DA:122,0
DA:124,0
DA:125,0
DA:128,0
DA:129,0
DA:132,0
DA:135,0
DA:136,0
DA:139,0
DA:140,0
DA:143,0
DA:144,0
DA:147,0
DA:148,0
DA:153,0
DA:157,0
DA:158,0
DA:161,0
DA:162,0
DA:164,0
DA:166,0
DA:167,0
DA:170,0
DA:171,0
DA:174,0
DA:175,0
DA:178,0
DA:179,0
DA:182,0
DA:183,0
DA:186,0
DA:195,0
DA:197,0
DA:201,0
DA:202,0
DA:203,0
DA:205,0
DA:206,0
DA:207,0
DA:208,0
DA:209,0
DA:210,0
DA:211,0
DA:213,0
DA:214,0
DA:217,0
DA:218,0
DA:219,0
DA:222,0
DA:233,0
DA:237,0
DA:239,0
DA:240,0
DA:242,0
DA:243,0
DA:244,0
DA:247,0
DA:248,0
DA:250,0
DA:251,0
DA:252,0
DA:253,0
DA:254,0
DA:257,0
DA:258,0
DA:259,0
LF:113
LH:0
BRDA:53,0,0,0
BRDA:63,1,0,0
BRDA:63,2,0,0
BRDA:63,2,1,0
BRDA:69,3,0,0
BRDA:77,4,0,0
BRDA:77,4,1,0
BRDA:77,4,2,0
BRDA:77,4,3,0
BRDA:80,5,0,0
BRDA:88,6,0,0
BRDA:102,7,0,0
BRDA:102,8,0,0
BRDA:102,8,1,0
BRDA:108,9,0,0
BRDA:108,9,1,0
BRDA:110,10,0,0
BRDA:110,10,1,0
BRDA:113,11,0,0
BRDA:114,12,0,0
BRDA:122,13,0,0
BRDA:122,13,1,0
BRDA:124,14,0,0
BRDA:124,15,0,0
BRDA:124,15,1,0
BRDA:124,15,2,0
BRDA:128,16,0,0
BRDA:135,17,0,0
BRDA:135,18,0,0
BRDA:135,18,1,0
BRDA:139,19,0,0
BRDA:139,20,0,0
BRDA:139,20,1,0
BRDA:143,21,0,0
BRDA:143,22,0,0
BRDA:143,22,1,0
BRDA:147,23,0,0
BRDA:158,24,0,0
BRDA:158,24,1,0
BRDA:158,24,2,0
BRDA:161,25,0,0
BRDA:161,25,1,0
BRDA:161,25,2,0
BRDA:162,26,0,0
BRDA:162,26,1,0
BRDA:162,26,2,0
BRDA:164,27,0,0
BRDA:164,27,1,0
BRDA:166,28,0,0
BRDA:170,29,0,0
BRDA:174,30,0,0
BRDA:178,31,0,0
BRDA:182,32,0,0
BRDA:190,33,0,0
BRDA:190,33,1,0
BRDA:197,34,0,0
BRDA:197,34,1,0
BRDA:205,35,0,0
BRDA:213,36,0,0
BRDA:240,37,0,0
BRDA:240,37,1,0
BRDA:250,38,0,0
BRF:62
BRH:0
end_of_record
TN:
SF:src\redis-io.adapter.ts
FN:9,(anonymous_0)
FN:20,(anonymous_1)
FN:21,(anonymous_2)
FN:23,(anonymous_3)
FN:24,(anonymous_4)
FN:32,(anonymous_5)
FNF:6
FNH:0
FNDA:0,(anonymous_0)
FNDA:0,(anonymous_1)
FNDA:0,(anonymous_2)
FNDA:0,(anonymous_3)
FNDA:0,(anonymous_4)
FNDA:0,(anonymous_5)
DA:1,0
DA:3,0
DA:4,0
DA:6,0
DA:11,0
DA:13,0
DA:17,0
DA:18,0
DA:20,0
DA:21,0
DA:23,0
DA:24,0
DA:27,0
DA:29,0
DA:33,0
DA:34,0
DA:35,0
LF:17
LH:0
BRDA:11,0,0,0
BRDA:11,0,1,0
BRDA:13,1,0,0
BRDA:13,1,1,0
BRF:4
BRH:0
end_of_record
TN:
SF:src\seed.ts
FN:16,formatDate
FN:23,buildUpcomingAvailability
FN:31,(anonymous_11)
FN:32,(anonymous_12)
FN:39,(anonymous_13)
FN:44,(anonymous_14)
FN:45,(anonymous_15)
FN:52,seed
FNF:8
FNH:0
FNDA:0,formatDate
FNDA:0,buildUpcomingAvailability
FNDA:0,(anonymous_11)
FNDA:0,(anonymous_12)
FNDA:0,(anonymous_13)
FNDA:0,(anonymous_14)
FNDA:0,(anonymous_15)
FNDA:0,seed
DA:1,0
DA:2,0
DA:3,0
DA:4,0
DA:6,0
DA:17,0
DA:18,0
DA:19,0
DA:20,0
DA:29,0
DA:31,0
DA:32,0
DA:35,0
DA:36,0
DA:38,0
DA:40,0
DA:41,0
DA:42,0
DA:44,0
DA:45,0
DA:53,0
DA:55,0
DA:56,0
DA:58,0
DA:59,0
DA:61,0
DA:63,0
DA:72,0
DA:80,0
DA:90,0
DA:201,0
DA:202,0
DA:203,0
DA:204,0
DA:205,0
DA:208,0
LF:36
LH:0
BRDA:25,0,0,0
BRDA:26,1,0,0
BRDA:27,2,0,0
BRF:3
BRH:0
end_of_record
TN:
SF:src\auth\admin.guard.ts
FN:10,(anonymous_1)
FNF:1
FNH:1
FNDA:2,(anonymous_1)
DA:1,1
DA:9,1
DA:11,2
DA:12,2
DA:14,2
DA:15,1
DA:18,1
LF:7
LH:7
BRDA:14,0,0,1
BRF:1
BRH:1
end_of_record
TN:
SF:src\auth\auth.controller.ts
FN:20,(anonymous_4)
FN:25,(anonymous_5)
FN:34,(anonymous_6)
FN:43,(anonymous_7)
FN:50,(anonymous_8)
FN:57,(anonymous_9)
FN:66,(anonymous_10)
FNF:7
FNH:0
FNDA:0,(anonymous_4)
FNDA:0,(anonymous_5)
FNDA:0,(anonymous_6)
FNDA:0,(anonymous_7)
FNDA:0,(anonymous_8)
FNDA:0,(anonymous_9)
FNDA:0,(anonymous_10)
DA:1,0
DA:2,0
DA:7,0
DA:8,0
DA:9,0
DA:10,0
DA:11,0
DA:12,0
DA:13,0
DA:14,0
DA:15,0
DA:19,0
DA:20,0
DA:25,0
DA:26,0
DA:34,0
DA:35,0
DA:43,0
DA:44,0
DA:50,0
DA:51,0
DA:57,0
DA:58,0
DA:66,0
DA:67,0
LF:25
LH:0
BRF:0
BRH:0
end_of_record
TN:
SF:src\auth\auth.module.ts
FN:20,(anonymous_1)
FNF:1
FNH:0
FNDA:0,(anonymous_1)
DA:1,0
DA:2,0
DA:3,0
DA:4,0
DA:5,0
DA:6,0
DA:7,0
DA:8,0
DA:9,0
DA:10,0
DA:20,0
DA:31,0
LF:12
LH:0
BRF:0
BRH:0
end_of_record
TN:
SF:src\auth\auth.service.ts
FN:20,(anonymous_11)
FN:26,(anonymous_12)
FN:31,(anonymous_13)
FN:36,(anonymous_14)
FN:40,(anonymous_15)
FN:55,(anonymous_16)
FN:88,(anonymous_17)
FN:126,(anonymous_18)
FN:130,(anonymous_19)
FN:163,(anonymous_20)
FN:179,(anonymous_21)
FNF:11
FNH:5
FNDA:5,(anonymous_11)
FNDA:0,(anonymous_12)
FNDA:0,(anonymous_13)
FNDA:0,(anonymous_14)
FNDA:1,(anonymous_15)
FNDA:1,(anonymous_16)
FNDA:3,(anonymous_17)
FNDA:0,(anonymous_18)
FNDA:0,(anonymous_19)
FNDA:0,(anonymous_20)
FNDA:1,(anonymous_21)
DA:1,1
DA:8,1
DA:9,1
DA:10,1
DA:11,1
DA:14,1
DA:17,1
DA:18,5
DA:21,5
DA:22,5
DA:23,5
DA:27,0
DA:28,0
DA:32,0
DA:33,0
DA:37,0
DA:41,1
DA:42,1
DA:45,0
DA:52,0
DA:56,1
DA:57,1
DA:60,0
DA:61,0
DA:64,0
DA:65,0
DA:71,0
DA:74,0
DA:89,3
DA:90,3
DA:91,1
DA:94,2
DA:95,2
DA:96,0
DA:99,2
DA:100,1
DA:101,1
DA:109,1
DA:111,1
DA:112,1
DA:127,0
DA:131,0
DA:137,0
DA:138,0
DA:139,0
DA:142,0
DA:143,0
DA:144,0
DA:145,0
DA:147,0
DA:153,0
DA:160,0
DA:164,0
DA:168,0
DA:169,0
DA:174,0
DA:180,1
DA:181,1
DA:184,0
DA:188,0
DA:189,0
DA:194,0
DA:195,0
DA:196,0
DA:201,0
DA:206,0
LF:66
LH:28
BRDA:27,0,0,0
BRDA:27,0,1,0
BRDA:28,1,0,0
BRDA:28,1,1,0
BRDA:28,2,0,0
BRDA:28,2,1,0
BRDA:32,3,0,0
BRDA:32,3,1,0
BRDA:41,4,0,1
BRDA:41,5,0,1
BRDA:41,5,1,0
BRDA:41,5,2,0
BRDA:56,6,0,1
BRDA:90,7,0,1
BRDA:95,8,0,0
BRDA:99,9,0,1
BRDA:99,10,0,2
BRDA:99,10,1,1
BRDA:100,11,0,1
BRDA:100,11,1,0
BRDA:138,12,0,0
BRDA:168,13,0,0
BRDA:180,14,0,1
BRDA:188,15,0,0
BRDA:195,16,0,0
BRF:25
BRH:9
end_of_record
TN:
SF:src\auth\jwt-auth.guard.ts
FNF:0
FNH:0
DA:1,0
DA:2,0
DA:5,0
LF:3
LH:0
BRF:0
BRH:0
end_of_record
TN:
SF:src\auth\jwt.strategy.ts
FN:11,(anonymous_2)
FN:24,(anonymous_3)
FNF:2
FNH:0
FNDA:0,(anonymous_2)
FNDA:0,(anonymous_3)
DA:1,0
DA:2,0
DA:3,0
DA:4,0
DA:5,0
DA:6,0
DA:10,0
DA:12,0
DA:13,0
DA:14,0
DA:16,0
DA:25,0
DA:28,0
DA:29,0
DA:33,0
DA:34,0
DA:37,0
DA:39,0
DA:40,0
DA:43,0
DA:44,0
DA:45,0
DA:48,0
LF:23
LH:0
BRDA:19,0,0,0
BRDA:19,0,1,0
BRDA:28,1,0,0
BRDA:28,2,0,0
BRDA:28,2,1,0
BRDA:33,3,0,0
BRDA:39,4,0,0
BRDA:43,5,0,0
BRDA:43,6,0,0
BRDA:43,6,1,0
BRDA:44,7,0,0
BRDA:44,7,1,0
BRF:12
BRH:0
end_of_record
TN:
SF:src\auth\decorators\rate-limit.decorator.ts
FN:11,(anonymous_0)
FNF:1
FNH:0
FNDA:0,(anonymous_0)
DA:1,0
DA:3,0
DA:11,0
DA:16,0
LF:4
LH:0
BRF:0
BRH:0
end_of_record
TN:
SF:src\auth\guards\rate-limit.guard.ts
FN:17,(anonymous_2)
FN:22,(anonymous_3)
FNF:2
FNH:0
FNDA:0,(anonymous_2)
FNDA:0,(anonymous_3)
DA:1,0
DA:9,0
DA:10,0
DA:11,0
DA:14,0
DA:15,0
DA:18,0
DA:19,0
DA:23,0
DA:29,0
DA:30,0
DA:33,0
DA:34,0
DA:36,0
DA:37,0
DA:38,0
DA:40,0
DA:47,0
DA:48,0
DA:49,0
DA:51,0
DA:52,0
DA:57,0
DA:60,0
DA:70,0
LF:25
LH:0
BRDA:29,0,0,0
BRDA:51,1,0,0
BRDA:57,2,0,0
BRDA:57,2,1,0
BRF:4
BRH:0
end_of_record
TN:
SF:src\auth\services\rate-limit.service.ts
FN:16,(anonymous_4)
FN:18,(anonymous_5)
FN:51,(anonymous_6)
FNF:3
FNH:0
FNDA:0,(anonymous_4)
FNDA:0,(anonymous_5)
FNDA:0,(anonymous_6)
DA:1,0
DA:2,0
DA:3,0
DA:13,0
DA:14,0
DA:16,0
DA:23,0
DA:25,0
DA:27,0
DA:29,0
DA:31,0
DA:34,0
DA:35,0
DA:37,0
DA:45,0
DA:46,0
DA:52,0
DA:54,0
DA:56,0
DA:59,0
LF:20
LH:0
BRDA:29,0,0,0
BRDA:35,1,0,0
BRDA:35,1,1,0
BRDA:54,2,0,0
BRDA:60,3,0,0
BRDA:60,3,1,0
BRDA:60,3,2,0
BRDA:60,3,3,0
BRF:8
BRH:0
end_of_record
TN:
SF:src\bookings\bookings.controller.ts
FN:23,(anonymous_4)
FN:28,(anonymous_5)
FN:34,(anonymous_6)
FN:42,(anonymous_7)
FN:47,(anonymous_8)
FN:52,(anonymous_9)
FN:63,(anonymous_10)
FNF:7
FNH:0
FNDA:0,(anonymous_4)
FNDA:0,(anonymous_5)
FNDA:0,(anonymous_6)
FNDA:0,(anonymous_7)
FNDA:0,(anonymous_8)
FNDA:0,(anonymous_9)
FNDA:0,(anonymous_10)
DA:1,0
DA:12,0
DA:13,0
DA:14,0
DA:15,0
DA:16,0
DA:22,0
DA:23,0
DA:28,0
DA:29,0
DA:34,0
DA:35,0
DA:36,0
DA:38,0
DA:42,0
DA:43,0
DA:47,0
DA:48,0
DA:52,0
DA:53,0
DA:63,0
DA:68,0
LF:22
LH:0
BRDA:35,0,0,0
BRF:1
BRH:0
end_of_record
TN:
SF:src\bookings\bookings.module.ts
FN:13,(anonymous_1)
FNF:1
FNH:0
FNDA:0,(anonymous_1)
DA:1,0
DA:2,0
DA:3,0
DA:4,0
DA:5,0
DA:6,0
DA:7,0
DA:13,0
DA:19,0
LF:9
LH:0
BRF:0
BRH:0
end_of_record
TN:
SF:src\bookings\bookings.service.ts
FN:37,(anonymous_4)
FN:44,(anonymous_5)
FN:48,(anonymous_6)
FN:56,(anonymous_7)
FN:60,(anonymous_8)
FN:64,(anonymous_9)
FN:90,(anonymous_10)
FN:163,(anonymous_11)
FN:186,(anonymous_12)
FN:187,(anonymous_13)
FN:190,(anonymous_14)
FN:261,(anonymous_15)
FN:280,(anonymous_16)
FN:300,(anonymous_17)
FN:420,(anonymous_18)
FN:511,(anonymous_19)
FN:549,(anonymous_20)
FN:595,(anonymous_21)
FN:720,(anonymous_22)
FN:730,(anonymous_23)
FN:740,(anonymous_24)
FN:740,(anonymous_25)
FN:743,(anonymous_26)
FN:754,(anonymous_27)
FN:764,(anonymous_28)
FN:783,(anonymous_29)
FN:793,(anonymous_30)
FN:40,(anonymous_31)
FNF:28
FNH:3
FNDA:2,(anonymous_4)
FNDA:0,(anonymous_5)
FNDA:0,(anonymous_6)
FNDA:3,(anonymous_7)
FNDA:0,(anonymous_8)
FNDA:0,(anonymous_9)
FNDA:0,(anonymous_10)
FNDA:0,(anonymous_11)
FNDA:0,(anonymous_12)
FNDA:0,(anonymous_13)
FNDA:0,(anonymous_14)
FNDA:0,(anonymous_15)
FNDA:0,(anonymous_16)
FNDA:3,(anonymous_17)
FNDA:0,(anonymous_18)
FNDA:0,(anonymous_19)
FNDA:0,(anonymous_20)
FNDA:0,(anonymous_21)
FNDA:0,(anonymous_22)
FNDA:0,(anonymous_23)
FNDA:0,(anonymous_24)
FNDA:0,(anonymous_25)
FNDA:0,(anonymous_26)
FNDA:0,(anonymous_27)
FNDA:0,(anonymous_28)
FNDA:0,(anonymous_29)
FNDA:0,(anonymous_30)
FNDA:0,(anonymous_31)
DA:1,2
DA:10,2
DA:11,2
DA:12,2
DA:15,2
DA:16,2
DA:17,2
DA:21,2
DA:24,2
DA:25,2
DA:26,2
DA:27,2
DA:28,2
DA:30,2
DA:38,2
DA:39,2
DA:40,0
DA:41,2
DA:45,0
DA:49,0
DA:57,3
DA:61,0
DA:70,0
DA:71,0
DA:72,0
DA:73,0
DA:74,0
DA:77,0
DA:83,0
DA:84,0
DA:95,0
DA:96,0
DA:97,0
DA:98,0
DA:99,0
DA:100,0
DA:102,0
DA:103,0
DA:106,0
DA:107,0
DA:112,0
DA:120,0
DA:121,0
DA:126,0
DA:128,0
DA:129,0
DA:131,0
DA:132,0
DA:138,0
DA:139,0
DA:144,0
DA:148,0
DA:153,0
DA:154,0
DA:158,0
DA:159,0
DA:162,0
DA:164,0
DA:167,0
DA:168,0
DA:173,0
DA:174,0
DA:179,0
DA:183,0
DA:184,0
DA:185,0
DA:186,0
DA:187,0
DA:189,0
DA:190,0
DA:193,0
DA:194,0
DA:198,0
DA:201,0
DA:206,0
DA:207,0
DA:209,0
DA:215,0
DA:216,0
DA:221,0
DA:227,0
DA:237,0
DA:238,0
DA:239,0
DA:241,0
DA:242,0
DA:243,0
DA:246,0
DA:249,0
DA:250,0
DA:261,0
DA:263,0
DA:265,0
DA:269,0
DA:272,0
DA:280,0
DA:282,0
DA:284,0
DA:288,0
DA:289,0
DA:290,0
DA:293,0
DA:307,3
DA:308,1
DA:313,2
DA:317,2
DA:322,0
DA:330,0
DA:331,0
DA:334,0
DA:335,0
DA:336,0
DA:338,0
DA:339,0
DA:342,0
DA:343,0
DA:346,0
DA:347,0
DA:352,0
DA:356,0
DA:361,0
DA:365,0
DA:366,0
DA:371,0
DA:378,0
DA:379,0
DA:384,0
DA:385,0
DA:386,0
DA:387,0
DA:388,0
DA:390,0
DA:392,0
DA:396,0
DA:398,0
DA:399,0
DA:414,0
DA:421,0
DA:429,0
DA:431,0
DA:432,0
DA:433,0
DA:435,0
DA:436,0
DA:438,0
DA:439,0
DA:442,0
DA:447,0
DA:450,0
DA:451,0
DA:454,0
DA:456,0
DA:457,0
DA:460,0
DA:461,0
DA:466,0
DA:467,0
DA:472,0
DA:473,0
DA:475,0
DA:484,0
DA:485,0
DA:489,0
DA:490,0
DA:494,0
DA:495,0
DA:504,0
DA:518,0
DA:519,0
DA:520,0
DA:535,0
DA:539,0
DA:543,0
DA:555,0
DA:557,0
DA:558,0
DA:559,0
DA:560,0
DA:561,0
DA:566,0
DA:567,0
DA:569,0
DA:570,0
DA:575,0
DA:576,0
DA:581,0
DA:585,0
DA:589,0
DA:602,0
DA:603,0
DA:604,0
DA:610,0
DA:611,0
DA:612,0
DA:614,0
DA:615,0
DA:619,0
DA:630,0
DA:631,0
DA:632,0
DA:635,0
DA:638,0
DA:639,0
DA:647,0
DA:659,0
DA:660,0
DA:674,0
DA:675,0
DA:689,0
DA:690,0
DA:692,0
DA:693,0
DA:698,0
DA:699,0
DA:704,0
DA:710,0
DA:721,0
DA:731,0
DA:740,0
DA:744,0
DA:755,0
DA:768,0
DA:776,0
DA:777,0
DA:780,0
DA:784,0
DA:794,0
DA:795,0
DA:799,0
DA:800,0
DA:803,0
DA:805,0
LF:232
LH:22
BRDA:57,0,0,3
BRDA:57,0,1,3
BRDA:102,1,0,0
BRDA:102,2,0,0
BRDA:102,2,1,0
BRDA:106,3,0,0
BRDA:120,4,0,0
BRDA:126,5,0,0
BRDA:131,6,0,0
BRDA:138,7,0,0
BRDA:144,8,0,0
BRDA:145,9,0,0
BRDA:145,9,1,0
BRDA:158,10,0,0
BRDA:164,11,0,0
BRDA:164,11,1,0
BRDA:167,12,0,0
BRDA:173,13,0,0
BRDA:180,14,0,0
BRDA:180,14,1,0
BRDA:183,15,0,0
BRDA:183,15,1,0
BRDA:193,16,0,0
BRDA:198,17,0,0
BRDA:215,18,0,0
BRDA:242,19,0,0
BRDA:242,19,1,0
BRDA:243,20,0,0
BRDA:243,20,1,0
BRDA:249,21,0,0
BRDA:249,21,1,0
BRDA:253,22,0,0
BRDA:253,22,1,0
BRDA:253,22,2,0
BRDA:254,23,0,0
BRDA:254,23,1,0
BRDA:254,23,2,0
BRDA:255,24,0,0
BRDA:255,24,1,0
BRDA:255,24,2,0
BRDA:256,25,0,0
BRDA:256,25,1,0
BRDA:258,26,0,0
BRDA:258,26,1,0
BRDA:269,27,0,0
BRDA:269,27,1,0
BRDA:274,28,0,0
BRDA:274,28,1,0
BRDA:274,28,2,0
BRDA:275,29,0,0
BRDA:275,29,1,0
BRDA:276,30,0,0
BRDA:276,30,1,0
BRDA:276,30,2,0
BRDA:279,31,0,0
BRDA:279,31,1,0
BRDA:288,32,0,0
BRDA:307,33,0,1
BRDA:313,34,0,2
BRDA:314,35,0,2
BRDA:314,35,1,1
BRDA:330,36,0,0
BRDA:338,37,0,0
BRDA:342,38,0,0
BRDA:342,39,0,0
BRDA:342,39,1,0
BRDA:346,40,0,0
BRDA:352,41,0,0
BRDA:353,42,0,0
BRDA:353,42,1,0
BRDA:365,43,0,0
BRDA:378,44,0,0
BRDA:398,45,0,0
BRDA:401,46,0,0
BRDA:401,46,1,0
BRDA:401,46,2,0
BRDA:402,47,0,0
BRDA:402,47,1,0
BRDA:404,48,0,0
BRDA:404,48,1,0
BRDA:404,48,2,0
BRDA:405,49,0,0
BRDA:405,49,1,0
BRDA:406,50,0,0
BRDA:406,50,1,0
BRDA:429,51,0,0
BRDA:438,52,0,0
BRDA:438,53,0,0
BRDA:438,53,1,0
BRDA:442,54,0,0
BRDA:450,55,0,0
BRDA:450,56,0,0
BRDA:450,56,1,0
BRDA:456,57,0,0
BRDA:460,58,0,0
BRDA:466,59,0,0
BRDA:466,60,0,0
BRDA:466,60,1,0
BRDA:484,61,0,0
BRDA:484,61,1,0
BRDA:484,62,0,0
BRDA:484,62,1,0
BRDA:489,63,0,0
BRDA:489,63,1,0
BRDA:489,64,0,0
BRDA:489,64,1,0
BRDA:494,65,0,0
BRDA:494,66,0,0
BRDA:494,66,1,0
BRDA:519,67,0,0
BRDA:522,68,0,0
BRDA:522,68,1,0
BRDA:522,68,2,0
BRDA:523,69,0,0
BRDA:523,69,1,0
BRDA:525,70,0,0
BRDA:525,70,1,0
BRDA:525,70,2,0
BRDA:529,71,0,0
BRDA:529,71,1,0
BRDA:557,72,0,0
BRDA:559,73,0,0
BRDA:559,74,0,0
BRDA:559,74,1,0
BRDA:569,75,0,0
BRDA:569,76,0,0
BRDA:569,76,1,0
BRDA:575,77,0,0
BRDA:575,77,1,0
BRDA:605,78,0,0
BRDA:605,78,1,0
BRDA:610,79,0,0
BRDA:612,80,0,0
BRDA:612,80,1,0
BRDA:620,81,0,0
BRDA:620,81,1,0
BRDA:621,82,0,0
BRDA:621,82,1,0
BRDA:623,83,0,0
BRDA:623,83,1,0
BRDA:625,84,0,0
BRDA:625,84,1,0
BRDA:626,85,0,0
BRDA:626,85,1,0
BRDA:630,86,0,0
BRDA:630,86,1,0
BRDA:638,87,0,0
BRDA:640,88,0,0
BRDA:640,88,1,0
BRDA:641,89,0,0
BRDA:641,89,1,0
BRDA:643,90,0,0
BRDA:643,90,1,0
BRDA:648,91,0,0
BRDA:648,91,1,0
BRDA:649,92,0,0
BRDA:649,92,1,0
BRDA:651,93,0,0
BRDA:651,93,1,0
BRDA:652,94,0,0
BRDA:652,94,1,0
BRDA:652,95,0,0
BRDA:652,95,1,0
BRDA:659,96,0,0
BRDA:663,97,0,0
BRDA:663,97,1,0
BRDA:665,98,0,0
BRDA:665,98,1,0
BRDA:665,98,2,0
BRDA:674,99,0,0
BRDA:674,100,0,0
BRDA:674,100,1,0
BRDA:678,101,0,0
BRDA:678,101,1,0
BRDA:680,102,0,0
BRDA:680,102,1,0
BRDA:680,102,2,0
BRDA:692,103,0,0
BRDA:692,104,0,0
BRDA:692,104,1,0
BRDA:698,105,0,0
BRDA:776,106,0,0
BRDA:799,107,0,0
BRF:183
BRH:6
end_of_record
TN:
SF:src\bookings\schemas\booking.schema.ts
FNF:0
FNH:0
DA:1,2
DA:2,2
DA:7,2
DA:9,2
DA:12,2
DA:16,2
DA:19,2
DA:23,2
DA:26,2
DA:29,2
DA:33,2
DA:36,2
DA:39,2
DA:42,2
DA:45,2
DA:52,2
DA:55,2
DA:58,2
DA:61,2
DA:64,2
DA:67,2
DA:70,2
DA:73,2
DA:76,2
DA:79,2
DA:82,2
DA:85,2
DA:88,2
DA:91,2
DA:94,2
DA:97,2
LF:31
LH:31
BRF:0
BRH:0
end_of_record
TN:
SF:src\caregivers\caregivers.controller.ts
FN:21,(anonymous_4)
FN:28,(anonymous_5)
FN:34,(anonymous_6)
FN:42,(anonymous_7)
FN:51,(anonymous_8)
FN:60,(anonymous_9)
FN:69,(anonymous_10)
FN:74,(anonymous_11)
FN:79,(anonymous_12)
FNF:9
FNH:0
FNDA:0,(anonymous_4)
FNDA:0,(anonymous_5)
FNDA:0,(anonymous_6)
FNDA:0,(anonymous_7)
FNDA:0,(anonymous_8)
FNDA:0,(anonymous_9)
FNDA:0,(anonymous_10)
FNDA:0,(anonymous_11)
FNDA:0,(anonymous_12)
DA:1,0
DA:12,0
DA:13,0
DA:14,0
DA:15,0
DA:16,0
DA:20,0
DA:21,0
DA:28,0
DA:29,0
DA:34,0
DA:35,0
DA:42,0
DA:43,0
DA:51,0
DA:52,0
DA:60,0
DA:65,0
DA:69,0
DA:70,0
DA:74,0
DA:75,0
DA:79,0
DA:80,0
LF:24
LH:0
BRF:0
BRH:0
end_of_record
TN:
SF:src\caregivers\caregivers.module.ts
FNF:0
FNH:0
DA:1,0
DA:2,0
DA:3,0
DA:4,0
DA:5,0
DA:15,0
LF:6
LH:0
BRF:0
BRH:0
end_of_record
TN:
SF:src\caregivers\caregivers.service.ts
FN:19,(anonymous_4)
FN:23,(anonymous_5)
FN:38,(anonymous_6)
FN:86,(anonymous_7)
FN:94,(anonymous_8)
FN:102,(anonymous_9)
FN:121,(anonymous_10)
FN:135,(anonymous_11)
FN:157,(anonymous_12)
FN:161,(anonymous_13)
FN:172,(anonymous_14)
FN:173,(anonymous_15)
FN:175,(anonymous_16)
FN:187,(anonymous_17)
FN:190,(anonymous_18)
FN:198,(anonymous_19)
FN:202,(anonymous_20)
FN:206,(anonymous_21)
FN:207,(anonymous_22)
FN:210,(anonymous_23)
FNF:20
FNH:0
FNDA:0,(anonymous_4)
FNDA:0,(anonymous_5)
FNDA:0,(anonymous_6)
FNDA:0,(anonymous_7)
FNDA:0,(anonymous_8)
FNDA:0,(anonymous_9)
FNDA:0,(anonymous_10)
FNDA:0,(anonymous_11)
FNDA:0,(anonymous_12)
FNDA:0,(anonymous_13)
FNDA:0,(anonymous_14)
FNDA:0,(anonymous_15)
FNDA:0,(anonymous_16)
FNDA:0,(anonymous_17)
FNDA:0,(anonymous_18)
FNDA:0,(anonymous_19)
FNDA:0,(anonymous_20)
FNDA:0,(anonymous_21)
FNDA:0,(anonymous_22)
FNDA:0,(anonymous_23)
DA:1,1
DA:2,1
DA:3,1
DA:4,1
DA:7,1
DA:16,1
DA:17,0
DA:20,0
DA:24,0
DA:25,0
DA:26,0
DA:28,0
DA:35,0
DA:39,0
DA:41,0
DA:42,0
DA:44,0
DA:47,0
DA:49,0
DA:50,0
DA:52,0
DA:53,0
DA:54,0
DA:55,0
DA:57,0
DA:58,0
DA:60,0
DA:61,0
DA:64,0
DA:65,0
DA:66,0
DA:68,0
DA:78,0
DA:87,0
DA:90,0
DA:91,0
DA:95,0
DA:98,0
DA:99,0
DA:103,0
DA:104,0
DA:105,0
DA:106,0
DA:108,0
DA:110,0
DA:111,0
DA:116,0
DA:122,0
DA:124,0
DA:125,0
DA:128,0
DA:136,0
DA:139,0
DA:141,0
DA:143,0
DA:148,0
DA:152,0
DA:157,0
DA:158,0
DA:162,0
DA:163,0
DA:167,0
DA:171,0
DA:172,0
DA:174,0
DA:175,0
DA:182,0
DA:187,0
DA:191,0
DA:194,0
DA:196,0
DA:198,0
DA:200,0
DA:201,0
DA:202,0
DA:205,0
DA:206,0
DA:207,0
DA:211,0
DA:212,0
DA:214,0
DA:216,0
LF:82
LH:6
BRDA:25,0,0,0
BRDA:31,1,0,0
BRDA:31,1,1,0
BRDA:41,2,0,0
BRDA:44,3,0,0
BRDA:49,4,0,0
BRDA:52,5,0,0
BRDA:52,6,0,0
BRDA:52,6,1,0
BRDA:54,7,0,0
BRDA:55,8,0,0
BRDA:57,9,0,0
BRDA:60,10,0,0
BRDA:64,11,0,0
BRDA:64,11,1,0
BRDA:65,12,0,0
BRDA:65,12,1,0
BRDA:90,13,0,0
BRDA:98,14,0,0
BRDA:104,15,0,0
BRDA:105,16,0,0
BRDA:110,17,0,0
BRDA:124,18,0,0
BRDA:139,19,0,0
BRDA:149,20,0,0
BRDA:149,20,1,0
BRDA:162,21,0,0
BRDA:162,21,1,0
BRDA:175,22,0,0
BRDA:175,22,1,0
BRDA:177,23,0,0
BRDA:177,23,1,0
BRDA:179,24,0,0
BRDA:179,24,1,0
BRDA:194,25,0,0
BRDA:197,26,0,0
BRDA:197,26,1,0
BRDA:212,27,0,0
BRF:38
BRH:0
end_of_record
TN:
SF:src\caregivers\schemas\caregiver.schema.ts
FNF:0
FNH:0
DA:1,1
DA:2,1
DA:8,1
DA:11,1
DA:14,1
DA:19,1
DA:22,1
DA:27,1
DA:34,1
DA:37,1
DA:40,1
DA:45,1
DA:48,1
DA:51,1
DA:56,1
DA:59,1
DA:62,1
DA:65,1
DA:68,1
DA:72,1
DA:74,1
DA:77,1
DA:92,1
DA:95,1
DA:98,1
DA:101,1
DA:104,1
DA:107,1
DA:111,1
DA:114,1
DA:117,1
DA:120,1
DA:123,1
DA:126,1
DA:129,1
DA:132,1
DA:135,1
DA:137,1
DA:138,1
DA:139,1
DA:140,1
DA:141,1
LF:42
LH:42
BRF:0
BRH:0
end_of_record
TN:
SF:src\chat\chat.controller.ts
FN:18,(anonymous_4)
FN:23,(anonymous_5)
FN:29,(anonymous_6)
FN:34,(anonymous_7)
FNF:4
FNH:0
FNDA:0,(anonymous_4)
FNDA:0,(anonymous_5)
FNDA:0,(anonymous_6)
FNDA:0,(anonymous_7)
DA:1,0
DA:9,0
DA:10,0
DA:11,0
DA:17,0
DA:18,0
DA:23,0
DA:24,0
DA:29,0
DA:30,0
DA:34,0
DA:35,0
DA:36,0
LF:13
LH:0
BRF:0
BRH:0
end_of_record
TN:
SF:src\chat\chat.gateway.ts
FN:32,(anonymous_4)
FN:42,(anonymous_5)
FN:69,(anonymous_6)
FN:94,(anonymous_7)
FNF:4
FNH:0
FNDA:0,(anonymous_4)
FNDA:0,(anonymous_5)
FNDA:0,(anonymous_6)
FNDA:0,(anonymous_7)
DA:1,0
DA:10,0
DA:11,0
DA:12,0
DA:13,0
DA:28,0
DA:30,0
DA:33,0
DA:34,0
DA:35,0
DA:43,0
DA:44,0
DA:45,0
DA:47,0
DA:48,0
DA:49,0
DA:52,0
DA:53,0
DA:54,0
DA:56,0
DA:57,0
DA:58,0
DA:62,0
DA:64,0
DA:69,0
DA:73,0
DA:76,0
DA:78,0
DA:79,0
DA:85,0
DA:86,0
DA:89,0
DA:94,0
DA:98,0
DA:99,0
DA:101,0
DA:102,0
DA:103,0
DA:106,0
DA:108,0
DA:116,0
DA:118,0
DA:120,0
LF:43
LH:0
BRDA:45,0,0,0
BRDA:45,0,1,0
BRDA:47,1,0,0
BRDA:56,2,0,0
BRDA:56,3,0,0
BRDA:56,3,1,0
BRDA:56,3,2,0
BRDA:76,4,0,0
BRDA:89,5,0,0
BRDA:89,5,1,0
BRDA:99,6,0,0
BRDA:102,7,0,0
BRF:12
BRH:0
end_of_record
TN:
SF:src\chat\chat.module.ts
FN:33,(anonymous_1)
FNF:1
FNH:0
FNDA:0,(anonymous_1)
DA:2,0
DA:3,0
DA:4,0
DA:5,0
DA:6,0
DA:7,0
DA:8,0
DA:9,0
DA:10,0
DA:11,0
DA:12,0
DA:13,0
DA:14,0
DA:15,0
DA:16,0
DA:17,0
DA:33,0
DA:42,0
LF:18
LH:0
BRF:0
BRH:0
end_of_record
TN:
SF:src\chat\chat.service.ts
FN:19,(anonymous_4)
FN:30,(anonymous_5)
FN:64,(anonymous_6)
FN:70,(anonymous_7)
FN:97,(anonymous_8)
FN:180,(anonymous_9)
FN:210,(anonymous_10)
FN:216,(anonymous_11)
FN:237,(anonymous_12)
FN:259,(anonymous_13)
FN:279,(anonymous_14)
FN:297,(anonymous_15)
FN:314,(anonymous_16)
FN:24,(anonymous_17)
FNF:14
FNH:0
FNDA:0,(anonymous_4)
FNDA:0,(anonymous_5)
FNDA:0,(anonymous_6)
FNDA:0,(anonymous_7)
FNDA:0,(anonymous_8)
FNDA:0,(anonymous_9)
FNDA:0,(anonymous_10)
FNDA:0,(anonymous_11)
FNDA:0,(anonymous_12)
FNDA:0,(anonymous_13)
FNDA:0,(anonymous_14)
FNDA:0,(anonymous_15)
FNDA:0,(anonymous_16)
FNDA:0,(anonymous_17)
DA:2,2
DA:9,2
DA:10,2
DA:11,2
DA:12,2
DA:13,2
DA:14,2
DA:17,2
DA:21,0
DA:23,0
DA:24,0
DA:25,0
DA:26,0
DA:31,0
DA:33,0
DA:34,0
DA:37,0
DA:38,0
DA:39,0
DA:42,0
DA:43,0
DA:45,0
DA:46,0
DA:48,0
DA:49,0
DA:53,0
DA:55,0
DA:56,0
DA:59,0
DA:62,0
DA:64,0
DA:71,0
DA:72,0
DA:73,0
DA:76,0
DA:77,0
DA:84,0
DA:85,0
DA:87,0
DA:88,0
DA:94,0
DA:102,0
DA:103,0
DA:104,0
DA:106,0
DA:108,0
DA:113,0
DA:115,0
DA:116,0
DA:118,0
DA:119,0
DA:120,0
DA:121,0
DA:122,0
DA:123,0
DA:125,0
DA:127,0
DA:130,0
DA:132,0
DA:133,0
DA:156,0
DA:157,0
DA:159,0
DA:161,0
DA:162,0
DA:164,0
DA:169,0
DA:170,0
DA:171,0
DA:175,0
DA:185,0
DA:187,0
DA:200,0
DA:201,0
DA:203,0
DA:206,0
DA:212,0
DA:213,0
DA:217,0
DA:218,0
DA:219,0
DA:223,0
DA:226,0
DA:227,0
DA:230,0
DA:231,0
DA:234,0
DA:238,0
DA:243,0
DA:250,0
DA:251,0
DA:252,0
DA:254,0
DA:260,0
DA:261,0
DA:262,0
DA:266,0
DA:269,0
DA:270,0
DA:273,0
DA:280,0
DA:283,0
DA:296,0
DA:298,0
DA:304,0
DA:311,0
DA:315,0
DA:316,0
DA:318,0
DA:320,0
LF:110
LH:8
BRDA:33,0,0,0
BRDA:38,1,0,0
BRDA:48,2,0,0
BRDA:48,3,0,0
BRDA:48,3,1,0
BRDA:53,4,0,0
BRDA:53,4,1,0
BRDA:55,5,0,0
BRDA:76,6,0,0
BRDA:87,7,0,0
BRDA:87,8,0,0
BRDA:87,8,1,0
BRDA:113,9,0,0
BRDA:115,10,0,0
BRDA:115,10,1,0
BRDA:161,11,0,0
BRDA:169,12,0,0
BRDA:200,13,0,0
BRDA:200,13,1,0
BRDA:218,14,0,0
BRDA:223,15,0,0
BRDA:223,15,1,0
BRDA:226,16,0,0
BRDA:230,17,0,0
BRDA:261,18,0,0
BRDA:266,19,0,0
BRDA:266,19,1,0
BRDA:269,20,0,0
BRDA:316,21,0,0
BRF:29
BRH:0
end_of_record
TN:
SF:src\chat\queues\chat.constants.ts
FNF:0
FNH:0
DA:2,0
DA:5,0
DA:16,0
LF:3
LH:0
BRF:0
BRH:0
end_of_record
TN:
SF:src\chat\queues\chat.producer.ts
FN:13,(anonymous_4)
FN:22,(anonymous_5)
FN:26,(anonymous_6)
FNF:3
FNH:0
FNDA:0,(anonymous_4)
FNDA:0,(anonymous_5)
FNDA:0,(anonymous_6)
DA:1,0
DA:2,0
DA:3,0
DA:4,0
DA:7,0
DA:10,0
DA:11,0
DA:15,0
DA:23,0
DA:27,0
DA:28,0
DA:41,0
DA:46,0
LF:13
LH:0
BRF:0
BRH:0
end_of_record
TN:
SF:src\chat\queues\chat.worker.ts
FN:19,(anonymous_4)
FN:30,(anonymous_5)
FN:43,(anonymous_6)
FN:71,(anonymous_7)
FNF:4
FNH:0
FNDA:0,(anonymous_4)
FNDA:0,(anonymous_5)
FNDA:0,(anonymous_6)
FNDA:0,(anonymous_7)
DA:1,0
DA:2,0
DA:3,0
DA:5,0
DA:6,0
DA:10,0
DA:13,0
DA:16,0
DA:17,0
DA:21,0
DA:23,0
DA:25,0
DA:31,0
DA:33,0
DA:34,0
DA:35,0
DA:38,0
DA:44,0
DA:45,0
DA:49,0
DA:52,0
DA:56,0
DA:58,0
DA:60,0
DA:71,0
DA:73,0
DA:75,0
DA:79,0
DA:88,0
DA:93,0
DA:99,0
DA:100,0
DA:104,0
LF:33
LH:0
BRDA:33,0,0,0
BRDA:73,1,0,0
BRDA:88,2,0,0
BRDA:89,3,0,0
BRDA:89,3,1,0
BRDA:89,3,2,0
BRF:6
BRH:0
end_of_record
TN:
SF:src\chat\schemas\conversation.schema.ts
FNF:0
FNH:0
DA:2,2
DA:3,2
DA:8,2
DA:10,2
DA:13,2
DA:16,2
DA:19,2
DA:22,2
DA:25,2
DA:29,2
DA:32,2
DA:35,2
DA:38,2
LF:13
LH:13
BRF:0
BRH:0
end_of_record
TN:
SF:src\chat\schemas\message.schema.ts
FNF:0
FNH:0
DA:1,2
DA:2,2
DA:7,2
DA:9,2
DA:12,2
DA:15,2
DA:18,2
DA:21,2
LF:8
LH:8
BRF:0
BRH:0
end_of_record
TN:
SF:src\cloudinary\cloudinary.module.ts
FNF:0
FNH:0
DA:1,0
DA:2,0
DA:9,0
LF:3
LH:0
BRF:0
BRH:0
end_of_record
TN:
SF:src\cloudinary\cloudinary.service.ts
FN:7,(anonymous_2)
FN:15,(anonymous_3)
FN:16,(anonymous_4)
FN:27,(anonymous_5)
FN:38,(anonymous_6)
FNF:5
FNH:0
FNDA:0,(anonymous_2)
FNDA:0,(anonymous_3)
FNDA:0,(anonymous_4)
FNDA:0,(anonymous_5)
FNDA:0,(anonymous_6)
DA:1,0
DA:2,0
DA:3,0
DA:6,0
DA:8,0
DA:16,0
DA:17,0
DA:28,0
DA:29,0
DA:33,0
DA:34,0
DA:39,0
DA:40,0
LF:13
LH:0
BRDA:15,0,0,0
BRDA:28,1,0,0
BRDA:39,2,0,0
BRF:3
BRH:0
end_of_record
TN:
SF:src\common\utils\availability.ts
FN:25,pad
FN:29,isValidTime
FN:36,toMinuteRange
FN:53,formatLocalDate
FN:57,timeToMinutes
FN:62,minutesToTime
FN:74,mergeMinuteRanges
FN:79,(anonymous_7)
FN:96,slotRangesToMinuteRanges
FN:103,(anonymous_9)
FN:106,(anonymous_10)
FN:107,(anonymous_11)
FN:111,serializeMinuteRanges
FN:115,(anonymous_13)
FN:116,(anonymous_14)
FN:122,normalizeAvailabilityCalendar
FN:142,(anonymous_16)
FN:143,(anonymous_17)
FN:161,(anonymous_18)
FN:170,(anonymous_19)
FN:171,(anonymous_20)
FN:179,getDateTimeMinutes
FN:186,getBookingSegmentsByDate
FN:213,subtractMinuteRanges
FN:221,(anonymous_24)
FN:241,(anonymous_25)
FN:245,isIntervalCoveredByAvailability
FN:252,(anonymous_27)
FN:255,(anonymous_28)
FN:256,(anonymous_29)
FN:260,(anonymous_30)
FN:264,(anonymous_31)
FNF:32
FNH:23
FNDA:32,pad
FNDA:14,isValidTime
FNDA:7,toMinuteRange
FNDA:6,formatLocalDate
FNDA:14,timeToMinutes
FNDA:10,minutesToTime
FNDA:10,mergeMinuteRanges
FNDA:0,(anonymous_7)
FNDA:0,slotRangesToMinuteRanges
FNDA:0,(anonymous_9)
FNDA:0,(anonymous_10)
FNDA:0,(anonymous_11)
FNDA:5,serializeMinuteRanges
FNDA:5,(anonymous_13)
FNDA:5,(anonymous_14)
FNDA:4,normalizeAvailabilityCalendar
FNDA:5,(anonymous_16)
FNDA:5,(anonymous_17)
FNDA:0,(anonymous_18)
FNDA:1,(anonymous_19)
FNDA:5,(anonymous_20)
FNDA:4,getDateTimeMinutes
FNDA:2,getBookingSegmentsByDate
FNDA:0,subtractMinuteRanges
FNDA:0,(anonymous_24)
FNDA:0,(anonymous_25)
FNDA:2,isIntervalCoveredByAvailability
FNDA:2,(anonymous_27)
FNDA:2,(anonymous_28)
FNDA:2,(anonymous_29)
FNDA:2,(anonymous_30)
FNDA:2,(anonymous_31)
DA:18,3
DA:26,32
DA:30,14
DA:39,7
DA:40,0
DA:43,7
DA:44,7
DA:46,7
DA:47,0
DA:50,7
DA:53,3
DA:54,6
DA:57,3
DA:58,14
DA:59,14
DA:62,3
DA:63,10
DA:65,10
DA:66,0
DA:69,10
DA:70,10
DA:71,10
DA:75,10
DA:76,0
DA:79,10
DA:80,10
DA:82,10
DA:83,0
DA:85,0
DA:86,0
DA:87,0
DA:90,0
DA:93,10
DA:97,0
DA:98,0
DA:101,0
DA:104,0
DA:106,0
DA:107,0
DA:111,3
DA:114,5
DA:115,5
DA:116,5
DA:122,3
DA:125,4
DA:130,4
DA:131,5
DA:132,0
DA:135,5
DA:136,5
DA:137,0
DA:140,5
DA:142,5
DA:143,5
DA:146,5
DA:147,0
DA:150,5
DA:156,5
DA:161,0
DA:169,4
DA:170,1
DA:171,5
DA:180,4
DA:181,4
DA:183,4
DA:186,3
DA:187,2
DA:189,2
DA:190,2
DA:191,2
DA:192,2
DA:194,2
DA:195,2
DA:197,2
DA:199,2
DA:201,2
DA:207,2
DA:210,2
DA:213,3
DA:217,0
DA:218,0
DA:220,0
DA:221,0
DA:222,0
DA:223,0
DA:226,0
DA:228,0
DA:229,0
DA:232,0
DA:233,0
DA:236,0
DA:240,0
DA:241,0
DA:245,3
DA:250,2
DA:251,2
DA:252,2
DA:255,2
DA:256,2
DA:260,2
DA:261,2
DA:263,2
DA:264,2
LF:103
LH:70
BRDA:31,0,0,14
BRDA:31,0,1,14
BRDA:39,1,0,0
BRDA:39,2,0,7
BRDA:39,2,1,7
BRDA:39,2,2,7
BRDA:44,3,0,0
BRDA:44,3,1,7
BRDA:46,4,0,0
BRDA:65,5,0,0
BRDA:75,6,0,0
BRDA:85,7,0,0
BRDA:97,8,0,0
BRDA:104,9,0,0
BRDA:104,9,1,0
BRDA:104,10,0,0
BRDA:104,10,1,0
BRDA:123,11,0,0
BRDA:131,12,0,0
BRDA:131,13,0,5
BRDA:131,13,1,5
BRDA:136,14,0,0
BRDA:140,15,0,5
BRDA:140,15,1,0
BRDA:140,16,0,5
BRDA:140,16,1,5
BRDA:146,17,0,0
BRDA:150,18,0,5
BRDA:150,18,1,5
BRDA:160,19,0,2
BRDA:160,19,1,3
BRDA:161,20,0,0
BRDA:161,20,1,0
BRDA:179,21,0,2
BRDA:181,22,0,4
BRDA:181,22,1,4
BRDA:183,23,0,0
BRDA:183,23,1,4
BRDA:183,24,0,4
BRDA:183,24,1,2
BRDA:197,25,0,2
BRDA:197,25,1,0
BRDA:199,26,0,2
BRDA:199,26,1,0
BRDA:222,27,0,0
BRDA:222,28,0,0
BRDA:222,28,1,0
BRDA:228,29,0,0
BRDA:232,30,0,0
BRDA:246,31,0,0
BRDA:254,32,0,2
BRDA:254,32,1,0
BRDA:261,33,0,2
BRDA:261,33,1,0
BRDA:264,34,0,2
BRDA:264,34,1,1
BRF:56
BRH:27
end_of_record
TN:
SF:src\common\utils\date-range.ts
FN:1,getDatesInRange
FNF:1
FNH:0
FNDA:0,getDatesInRange
DA:1,2
DA:2,0
DA:3,0
DA:4,0
DA:6,0
DA:7,0
DA:9,0
DA:10,0
DA:11,0
DA:14,0
LF:10
LH:1
BRF:0
BRH:0
end_of_record
TN:
SF:src\email\email.module.ts
FNF:0
FNH:0
DA:2,0
DA:3,0
DA:9,0
LF:3
LH:0
BRF:0
BRH:0
end_of_record
TN:
SF:src\email\email.service.ts
FN:6,(anonymous_1)
FN:11,(anonymous_2)
FN:30,(anonymous_3)
FN:67,(anonymous_4)
FN:82,(anonymous_5)
FN:119,(anonymous_6)
FN:170,(anonymous_7)
FN:217,(anonymous_8)
FN:302,(anonymous_9)
FN:375,(anonymous_10)
FN:469,(anonymous_11)
FN:514,(anonymous_12)
FN:577,(anonymous_13)
FN:644,(anonymous_14)
FN:693,(anonymous_15)
FN:758,(anonymous_16)
FN:780,(anonymous_17)
FNF:17
FNH:0
FNDA:0,(anonymous_1)
FNDA:0,(anonymous_2)
FNDA:0,(anonymous_3)
FNDA:0,(anonymous_4)
FNDA:0,(anonymous_5)
FNDA:0,(anonymous_6)
FNDA:0,(anonymous_7)
FNDA:0,(anonymous_8)
FNDA:0,(anonymous_9)
FNDA:0,(anonymous_10)
FNDA:0,(anonymous_11)
FNDA:0,(anonymous_12)
FNDA:0,(anonymous_13)
FNDA:0,(anonymous_14)
FNDA:0,(anonymous_15)
FNDA:0,(anonymous_16)
FNDA:0,(anonymous_17)
DA:2,0
DA:3,0
DA:6,0
DA:7,0
DA:8,0
DA:9,0
DA:12,0
DA:14,0
DA:15,0
DA:16,0
DA:18,0
DA:19,0
DA:20,0
DA:23,0
DA:24,0
DA:27,0
DA:35,0
DA:36,0
DA:37,0
DA:40,0
DA:41,0
DA:42,0
DA:43,0
DA:45,0
DA:52,0
DA:54,0
DA:55,0
DA:56,0
DA:59,0
DA:60,0
DA:62,0
DA:63,0
DA:72,0
DA:83,0
DA:124,0
DA:126,0
DA:163,0
DA:176,0
DA:206,0
DA:229,0
DA:291,0
DA:311,0
DA:364,0
DA:386,0
DA:458,0
DA:476,0
DA:507,0
DA:522,0
DA:570,0
DA:587,0
DA:591,0
DA:633,0
DA:653,0
DA:682,0
DA:702,0
DA:747,0
DA:767,0
DA:789,0
DA:795,0
DA:860,0
LF:60
LH:0
BRDA:15,0,0,0
BRDA:15,0,1,0
BRDA:16,1,0,0
BRDA:16,1,1,0
BRDA:18,2,0,0
BRDA:35,3,0,0
BRDA:35,4,0,0
BRDA:35,4,1,0
BRDA:46,5,0,0
BRDA:46,5,1,0
BRDA:54,6,0,0
BRDA:74,7,0,0
BRDA:74,7,1,0
BRDA:135,8,0,0
BRDA:135,8,1,0
BRDA:142,9,0,0
BRDA:142,9,1,0
BRDA:156,10,0,0
BRDA:156,10,1,0
BRDA:156,11,0,0
BRDA:156,11,1,0
BRDA:157,12,0,0
BRDA:157,12,1,0
BRDA:272,13,0,0
BRDA:272,13,1,0
BRDA:280,14,0,0
BRDA:280,14,1,0
BRDA:357,15,0,0
BRDA:357,15,1,0
BRDA:425,16,0,0
BRDA:425,16,1,0
BRDA:441,17,0,0
BRDA:441,17,1,0
BRDA:451,18,0,0
BRDA:451,18,1,0
BRDA:460,19,0,0
BRDA:460,19,1,0
BRDA:500,20,0,0
BRDA:500,20,1,0
BRDA:563,21,0,0
BRDA:563,21,1,0
BRDA:587,22,0,0
BRDA:587,22,1,0
BRDA:626,23,0,0
BRDA:626,23,1,0
BRDA:666,24,0,0
BRDA:666,24,1,0
BRDA:675,25,0,0
BRDA:675,25,1,0
BRDA:736,26,0,0
BRDA:736,26,1,0
BRDA:789,27,0,0
BRDA:789,27,1,0
BRDA:791,28,0,0
BRDA:791,28,1,0
BRDA:804,29,0,0
BRDA:804,29,1,0
BRDA:821,30,0,0
BRDA:821,30,1,0
BRDA:829,31,0,0
BRDA:829,31,1,0
BRDA:833,32,0,0
BRDA:833,32,1,0
BRDA:849,33,0,0
BRDA:849,33,1,0
BRF:65
BRH:0
end_of_record
TN:
SF:src\feedback\feedback.controller.ts
FN:23,(anonymous_4)
FN:28,(anonymous_5)
FN:41,(anonymous_6)
FN:55,(anonymous_7)
FN:62,(anonymous_8)
FN:79,(anonymous_9)
FN:87,(anonymous_10)
FN:104,(anonymous_11)
FNF:8
FNH:0
FNDA:0,(anonymous_4)
FNDA:0,(anonymous_5)
FNDA:0,(anonymous_6)
FNDA:0,(anonymous_7)
FNDA:0,(anonymous_8)
FNDA:0,(anonymous_9)
FNDA:0,(anonymous_10)
FNDA:0,(anonymous_11)
DA:1,0
DA:13,0
DA:14,0
DA:15,0
DA:16,0
DA:22,0
DA:23,0
DA:28,0
DA:29,0
DA:31,0
DA:32,0
DA:35,0
DA:41,0
DA:42,0
DA:44,0
DA:45,0
DA:48,0
DA:55,0
DA:56,0
DA:62,0
DA:66,0
DA:67,0
DA:68,0
DA:71,0
DA:72,0
DA:79,0
DA:80,0
DA:87,0
DA:92,0
DA:94,0
DA:95,0
DA:98,0
DA:104,0
DA:105,0
DA:107,0
DA:108,0
DA:111,0
LF:37
LH:0
BRDA:31,0,0,0
BRDA:44,1,0,0
BRDA:67,2,0,0
BRDA:67,3,0,0
BRDA:67,3,1,0
BRDA:94,4,0,0
BRDA:107,5,0,0
BRF:7
BRH:0
end_of_record
TN:
SF:src\feedback\feedback.module.ts
FNF:0
FNH:0
DA:1,0
DA:2,0
DA:3,0
DA:4,0
DA:5,0
DA:6,0
DA:7,0
DA:21,0
LF:8
LH:0
BRF:0
BRH:0
end_of_record
TN:
SF:src\feedback\feedback.service.ts
FN:20,(anonymous_4)
FN:28,(anonymous_5)
FN:152,(anonymous_6)
FN:174,(anonymous_7)
FN:206,(anonymous_8)
FN:210,(anonymous_9)
FN:217,(anonymous_10)
FN:218,(anonymous_11)
FN:234,(anonymous_12)
FN:243,(anonymous_13)
FN:276,(anonymous_14)
FN:301,(anonymous_15)
FNF:12
FNH:0
FNDA:0,(anonymous_4)
FNDA:0,(anonymous_5)
FNDA:0,(anonymous_6)
FNDA:0,(anonymous_7)
FNDA:0,(anonymous_8)
FNDA:0,(anonymous_9)
FNDA:0,(anonymous_10)
FNDA:0,(anonymous_11)
FNDA:0,(anonymous_12)
FNDA:0,(anonymous_13)
FNDA:0,(anonymous_14)
FNDA:0,(anonymous_15)
DA:1,0
DA:8,0
DA:9,0
DA:10,0
DA:11,0
DA:14,0
DA:17,0
DA:18,0
DA:22,0
DA:24,0
DA:25,0
DA:29,0
DA:32,0
DA:37,0
DA:38,0
DA:42,0
DA:44,0
DA:46,0
DA:47,0
DA:51,0
DA:52,0
DA:58,0
DA:59,0
DA:61,0
DA:62,0
DA:68,0
DA:69,0
DA:71,0
DA:72,0
DA:73,0
DA:74,0
DA:77,0
DA:81,0
DA:82,0
DA:87,0
DA:88,0
DA:95,0
DA:106,0
DA:107,0
DA:110,0
DA:111,0
DA:112,0
DA:115,0
DA:122,0
DA:124,0
DA:125,0
DA:141,0
DA:144,0
DA:148,0
DA:153,0
DA:166,0
DA:167,0
DA:170,0
DA:175,0
DA:179,0
DA:180,0
DA:184,0
DA:185,0
DA:186,0
DA:188,0
DA:190,0
DA:191,0
DA:194,0
DA:206,0
DA:212,0
DA:216,0
DA:217,0
DA:218,0
DA:220,0
DA:221,0
DA:224,0
DA:230,0
DA:235,0
DA:239,0
DA:244,0
DA:246,0
DA:247,0
DA:251,0
DA:255,0
DA:257,0
DA:258,0
DA:262,0
DA:263,0
DA:264,0
DA:266,0
DA:267,0
DA:270,0
DA:272,0
DA:277,0
DA:279,0
DA:280,0
DA:284,0
DA:288,0
DA:290,0
DA:291,0
DA:294,0
DA:295,0
DA:297,0
DA:302,0
DA:304,0
LF:100
LH:0
BRDA:37,0,0,0
BRDA:46,1,0,0
BRDA:51,2,0,0
BRDA:58,3,0,0
BRDA:58,3,1,0
BRDA:61,4,0,0
BRDA:61,5,0,0
BRDA:61,5,1,0
BRDA:68,6,0,0
BRDA:68,6,1,0
BRDA:71,7,0,0
BRDA:71,8,0,0
BRDA:71,8,1,0
BRDA:81,9,0,0
BRDA:87,10,0,0
BRDA:102,11,0,0
BRDA:102,11,1,0
BRDA:107,12,0,0
BRDA:107,12,1,0
BRDA:122,13,0,0
BRDA:122,13,1,0
BRDA:124,14,0,0
BRDA:127,15,0,0
BRDA:127,15,1,0
BRDA:129,16,0,0
BRDA:129,16,1,0
BRDA:138,17,0,0
BRDA:138,17,1,0
BRDA:166,18,0,0
BRDA:179,19,0,0
BRDA:190,20,0,0
BRDA:190,21,0,0
BRDA:190,21,1,0
BRDA:220,22,0,0
BRDA:246,23,0,0
BRDA:257,24,0,0
BRDA:266,25,0,0
BRDA:279,26,0,0
BRDA:290,27,0,0
BRDA:302,28,0,0
BRDA:302,28,1,0
BRDA:308,29,0,0
BRDA:308,29,1,0
BRF:43
BRH:0
end_of_record
TN:
SF:src\feedback\schemas\feedback.schema.ts
FNF:0
FNH:0
DA:1,0
DA:2,0
DA:7,0
DA:9,0
DA:12,0
DA:15,0
DA:19,0
DA:23,0
DA:27,0
DA:31,0
DA:38,0
DA:41,0
DA:44,0
DA:47,0
DA:50,0
DA:53,0
DA:56,0
DA:59,0
DA:62,0
DA:65,0
DA:68,0
DA:71,0
DA:78,0
DA:81,0
DA:84,0
DA:87,0
DA:90,0
DA:93,0
DA:96,0
DA:99,0
DA:106,0
DA:109,0
DA:112,0
DA:115,0
DA:118,0
DA:121,0
DA:124,0
DA:127,0
DA:130,0
DA:133,0
DA:140,0
DA:143,0
DA:146,0
DA:149,0
DA:152,0
DA:155,0
DA:158,0
DA:161,0
DA:168,0
DA:171,0
DA:174,0
DA:177,0
DA:180,0
DA:183,0
DA:190,0
DA:193,0
DA:196,0
DA:199,0
DA:202,0
DA:205,0
DA:208,0
DA:211,0
DA:214,0
DA:217,0
DA:224,0
DA:227,0
DA:234,0
DA:237,0
DA:240,0
DA:243,0
DA:246,0
DA:249,0
DA:252,0
DA:255,0
DA:258,0
DA:261,0
DA:268,0
DA:271,0
DA:278,0
DA:281,0
DA:284,0
DA:287,0
DA:290,0
DA:293,0
DA:296,0
DA:299,0
DA:300,0
DA:301,0
DA:302,0
DA:303,0
LF:90
LH:0
BRF:0
BRH:0
end_of_record
TN:
SF:src\geocoding\geocoding.controller.ts
FN:9,(anonymous_4)
FN:14,(anonymous_5)
FN:22,(anonymous_6)
FN:35,(anonymous_7)
FNF:4
FNH:0
FNDA:0,(anonymous_4)
FNDA:0,(anonymous_5)
FNDA:0,(anonymous_6)
FNDA:0,(anonymous_7)
DA:2,0
DA:3,0
DA:4,0
DA:8,0
DA:9,0
DA:14,0
DA:15,0
DA:22,0
DA:26,0
DA:35,0
DA:36,0
LF:11
LH:0
BRF:0
BRH:0
end_of_record
TN:
SF:src\geocoding\geocoding.module.ts
FNF:0
FNH:0
DA:2,0
DA:3,0
DA:4,0
DA:5,0
DA:13,0
LF:5
LH:0
BRF:0
BRH:0
end_of_record
TN:
SF:src\geocoding\geocoding.service.ts
FN:17,(anonymous_5)
FN:23,(anonymous_6)
FN:29,(anonymous_7)
FN:36,(anonymous_8)
FN:50,(anonymous_9)
FN:64,(anonymous_10)
FN:66,(anonymous_11)
FN:79,(anonymous_12)
FN:116,(anonymous_13)
FN:134,(anonymous_14)
FN:162,(anonymous_15)
FN:178,(anonymous_16)
FN:197,(anonymous_17)
FNF:13
FNH:0
FNDA:0,(anonymous_5)
FNDA:0,(anonymous_6)
FNDA:0,(anonymous_7)
FNDA:0,(anonymous_8)
FNDA:0,(anonymous_9)
FNDA:0,(anonymous_10)
FNDA:0,(anonymous_11)
FNDA:0,(anonymous_12)
FNDA:0,(anonymous_13)
FNDA:0,(anonymous_14)
FNDA:0,(anonymous_15)
FNDA:0,(anonymous_16)
FNDA:0,(anonymous_17)
DA:1,0
DA:2,0
DA:3,0
DA:6,0
DA:7,0
DA:8,0
DA:11,0
DA:14,0
DA:15,0
DA:19,0
DA:24,0
DA:25,0
DA:27,0
DA:28,0
DA:29,0
DA:32,0
DA:37,0
DA:38,0
DA:39,0
DA:40,0
DA:41,0
DA:44,0
DA:46,0
DA:51,0
DA:53,0
DA:60,0
DA:65,0
DA:66,0
DA:69,0
DA:70,0
DA:71,0
DA:72,0
DA:76,0
DA:80,0
DA:81,0
DA:84,0
DA:87,0
DA:88,0
DA:89,0
DA:92,0
DA:94,0
DA:96,0
DA:104,0
DA:106,0
DA:113,0
DA:114,0
DA:115,0
DA:116,0
DA:117,0
DA:119,0
DA:122,0
DA:125,0
DA:127,0
DA:129,0
DA:130,0
DA:135,0
DA:138,0
DA:139,0
DA:140,0
DA:143,0
DA:144,0
DA:146,0
DA:153,0
DA:160,0
DA:161,0
DA:162,0
DA:163,0
DA:165,0
DA:168,0
DA:169,0
DA:171,0
DA:173,0
DA:174,0
DA:179,0
DA:181,0
DA:182,0
DA:185,0
DA:188,0
DA:189,0
DA:190,0
DA:193,0
DA:194,0
DA:196,0
DA:197,0
DA:198,0
DA:201,0
DA:204,0
DA:206,0
DA:207,0
DA:210,0
DA:217,0
DA:236,0
DA:238,0
DA:240,0
DA:241,0
DA:243,0
DA:244,0
LF:97
LH:0
BRDA:27,0,0,0
BRDA:39,1,0,0
BRDA:71,2,0,0
BRDA:71,3,0,0
BRDA:71,3,1,0
BRDA:80,4,0,0
BRDA:80,5,0,0
BRDA:80,5,1,0
BRDA:88,6,0,0
BRDA:113,7,0,0
BRDA:114,8,0,0
BRDA:139,9,0,0
BRDA:160,10,0,0
BRDA:161,11,0,0
BRDA:181,12,0,0
BRDA:189,13,0,0
BRDA:196,14,0,0
BRDA:206,15,0,0
BRDA:212,16,0,0
BRDA:212,16,1,0
BRDA:213,17,0,0
BRDA:213,17,1,0
BRDA:213,18,0,0
BRDA:213,18,1,0
BRDA:214,19,0,0
BRDA:214,19,1,0
BRDA:218,20,0,0
BRDA:218,20,1,0
BRDA:218,21,0,0
BRDA:218,21,1,0
BRDA:220,22,0,0
BRDA:220,22,1,0
BRDA:221,23,0,0
BRDA:221,23,1,0
BRDA:227,24,0,0
BRDA:227,24,1,0
BRDA:228,25,0,0
BRDA:228,25,1,0
BRDA:230,26,0,0
BRDA:230,26,1,0
BRDA:231,27,0,0
BRDA:231,27,1,0
BRDA:240,28,0,0
BRF:43
BRH:0
end_of_record
TN:
SF:src\moderation\admin.controller.ts
FN:23,(anonymous_4)
FN:27,(anonymous_5)
FN:36,(anonymous_6)
FN:47,(anonymous_7)
FN:54,(anonymous_8)
FN:66,(anonymous_9)
FN:73,(anonymous_10)
FN:80,(anonymous_11)
FN:91,(anonymous_12)
FNF:9
FNH:0
FNDA:0,(anonymous_4)
FNDA:0,(anonymous_5)
FNDA:0,(anonymous_6)
FNDA:0,(anonymous_7)
FNDA:0,(anonymous_8)
FNDA:0,(anonymous_9)
FNDA:0,(anonymous_10)
FNDA:0,(anonymous_11)
FNDA:0,(anonymous_12)
DA:1,0
DA:11,0
DA:12,0
DA:13,0
DA:14,0
DA:15,0
DA:16,0
DA:22,0
DA:23,0
DA:27,0
DA:28,0
DA:36,0
DA:41,0
DA:47,0
DA:48,0
DA:54,0
DA:59,0
DA:66,0
DA:67,0
DA:73,0
DA:74,0
DA:80,0
DA:85,0
DA:91,0
DA:92,0
DA:93,0
LF:26
LH:0
BRDA:92,0,0,0
BRDA:92,0,1,0
BRDA:93,1,0,0
BRDA:93,1,1,0
BRF:4
BRH:0
end_of_record
TN:
SF:src\moderation\moderation.module.ts
FNF:0
FNH:0
DA:1,0
DA:2,0
DA:3,0
DA:4,0
DA:5,0
DA:6,0
DA:7,0
DA:8,0
DA:9,0
DA:10,0
DA:11,0
DA:12,0
DA:13,0
DA:14,0
DA:15,0
DA:16,0
DA:17,0
DA:18,0
DA:19,0
DA:20,0
DA:41,0
LF:21
LH:0
BRF:0
BRH:0
end_of_record
TN:
SF:src\moderation\moderation.service.ts
FN:60,(anonymous_4)
FN:83,(anonymous_5)
FN:174,(anonymous_6)
FN:178,(anonymous_7)
FN:182,(anonymous_8)
FN:284,(anonymous_9)
FN:306,(anonymous_10)
FN:328,(anonymous_11)
FN:356,(anonymous_12)
FN:373,(anonymous_13)
FN:375,(anonymous_14)
FN:378,(anonymous_15)
FN:415,(anonymous_16)
FN:441,(anonymous_17)
FN:509,(anonymous_18)
FN:516,(anonymous_19)
FN:523,(anonymous_20)
FN:530,(anonymous_21)
FN:539,(anonymous_22)
FN:557,(anonymous_23)
FN:578,(anonymous_24)
FN:618,(anonymous_25)
FN:649,(anonymous_26)
FN:728,(anonymous_27)
FN:752,(anonymous_28)
FN:763,(anonymous_29)
FN:767,(anonymous_30)
FN:776,(anonymous_31)
FN:865,(anonymous_32)
FN:938,(anonymous_33)
FN:949,(anonymous_34)
FN:955,(anonymous_35)
FN:975,(anonymous_36)
FN:1002,(anonymous_37)
FN:1009,(anonymous_38)
FN:1019,(anonymous_39)
FNF:36
FNH:0
FNDA:0,(anonymous_4)
FNDA:0,(anonymous_5)
FNDA:0,(anonymous_6)
FNDA:0,(anonymous_7)
FNDA:0,(anonymous_8)
FNDA:0,(anonymous_9)
FNDA:0,(anonymous_10)
FNDA:0,(anonymous_11)
FNDA:0,(anonymous_12)
FNDA:0,(anonymous_13)
FNDA:0,(anonymous_14)
FNDA:0,(anonymous_15)
FNDA:0,(anonymous_16)
FNDA:0,(anonymous_17)
FNDA:0,(anonymous_18)
FNDA:0,(anonymous_19)
FNDA:0,(anonymous_20)
FNDA:0,(anonymous_21)
FNDA:0,(anonymous_22)
FNDA:0,(anonymous_23)
FNDA:0,(anonymous_24)
FNDA:0,(anonymous_25)
FNDA:0,(anonymous_26)
FNDA:0,(anonymous_27)
FNDA:0,(anonymous_28)
FNDA:0,(anonymous_29)
FNDA:0,(anonymous_30)
FNDA:0,(anonymous_31)
FNDA:0,(anonymous_32)
FNDA:0,(anonymous_33)
FNDA:0,(anonymous_34)
FNDA:0,(anonymous_35)
FNDA:0,(anonymous_36)
FNDA:0,(anonymous_37)
FNDA:0,(anonymous_38)
FNDA:0,(anonymous_39)
DA:1,0
DA:7,0
DA:8,0
DA:9,0
DA:10,0
DA:11,0
DA:15,0
DA:16,0
DA:20,0
DA:27,0
DA:31,0
DA:35,0
DA:36,0
DA:37,0
DA:42,0
DA:44,0
DA:52,0
DA:59,0
DA:62,0
DA:64,0
DA:66,0
DA:68,0
DA:70,0
DA:72,0
DA:74,0
DA:76,0
DA:77,0
DA:78,0
DA:88,0
DA:89,0
DA:92,0
DA:93,0
DA:94,0
DA:99,0
DA:101,0
DA:109,0
DA:111,0
DA:113,0
DA:118,0
DA:120,0
DA:129,0
DA:130,0
DA:133,0
DA:134,0
DA:137,0
DA:138,0
DA:139,0
DA:146,0
DA:167,0
DA:169,0
DA:175,0
DA:178,0
DA:183,0
DA:184,0
DA:187,0
DA:188,0
DA:210,0
DA:259,0
DA:265,0
DA:284,0
DA:307,0
DA:309,0
DA:310,0
DA:311,0
DA:314,0
DA:315,0
DA:318,0
DA:319,0
DA:322,0
DA:328,0
DA:329,0
DA:351,0
DA:356,0
DA:372,0
DA:373,0
DA:375,0
DA:377,0
DA:378,0
DA:381,0
DA:386,0
DA:387,0
DA:388,0
DA:389,0
DA:390,0
DA:394,0
DA:395,0
DA:399,0
DA:400,0
DA:401,0
DA:404,0
DA:405,0
DA:409,0
DA:410,0
DA:411,0
DA:415,0
DA:416,0
DA:417,0
DA:418,0
DA:423,0
DA:442,0
DA:444,0
DA:445,0
DA:449,0
DA:458,0
DA:466,0
DA:474,0
DA:479,0
DA:483,0
DA:494,0
DA:508,0
DA:509,0
DA:516,0
DA:523,0
DA:530,0
DA:540,0
DA:545,0
DA:558,0
DA:560,0
DA:561,0
DA:564,0
DA:565,0
DA:568,0
DA:579,0
DA:607,0
DA:608,0
DA:611,0
DA:618,0
DA:621,0
DA:629,0
DA:639,0
DA:654,0
DA:656,0
DA:657,0
DA:660,0
DA:662,0
DA:663,0
DA:671,0
DA:672,0
DA:680,0
DA:681,0
DA:691,0
DA:692,0
DA:693,0
DA:694,0
DA:696,0
DA:697,0
DA:698,0
DA:699,0
DA:700,0
DA:701,0
DA:703,0
DA:706,0
DA:708,0
DA:723,0
DA:725,0
DA:733,0
DA:747,0
DA:749,0
DA:753,0
DA:764,0
DA:768,0
DA:781,0
DA:782,0
DA:783,0
DA:786,0
DA:788,0
DA:789,0
DA:792,0
DA:793,0
DA:795,0
DA:796,0
DA:799,0
DA:808,0
DA:809,0
DA:812,0
DA:824,0
DA:825,0
DA:828,0
DA:829,0
DA:834,0
DA:835,0
DA:837,0
DA:838,0
DA:839,0
DA:841,0
DA:842,0
DA:844,0
DA:851,0
DA:852,0
DA:853,0
DA:855,0
DA:862,0
DA:873,0
DA:875,0
DA:876,0
DA:879,0
DA:881,0
DA:882,0
DA:883,0
DA:884,0
DA:885,0
DA:886,0
DA:887,0
DA:888,0
DA:889,0
DA:890,0
DA:891,0
DA:892,0
DA:893,0
DA:894,0
DA:895,0
DA:896,0
DA:897,0
DA:898,0
DA:899,0
DA:901,0
DA:902,0
DA:903,0
DA:904,0
DA:905,0
DA:906,0
DA:907,0
DA:908,0
DA:909,0
DA:910,0
DA:911,0
DA:912,0
DA:915,0
DA:918,0
DA:920,0
DA:935,0
DA:939,0
DA:946,0
DA:950,0
DA:951,0
DA:952,0
DA:964,0
DA:981,0
DA:982,0
DA:983,0
DA:985,0
DA:993,0
DA:995,0
DA:996,0
DA:997,0
DA:998,0
DA:999,0
DA:1002,0
DA:1003,0
DA:1004,0
DA:1005,0
DA:1006,0
DA:1009,0
DA:1027,0
DA:1029,0
DA:1030,0
DA:1037,0
DA:1038,0
DA:1045,0
DA:1046,0
DA:1053,0
DA:1054,0
DA:1061,0
DA:1062,0
DA:1069,0
LF:265
LH:0
BRDA:88,0,0,0
BRDA:99,1,0,0
BRDA:99,1,1,0
BRDA:99,1,2,0
BRDA:111,2,0,0
BRDA:118,3,0,0
BRDA:129,4,0,0
BRDA:133,5,0,0
BRDA:138,6,0,0
BRDA:147,7,0,0
BRDA:147,7,1,0
BRDA:150,8,0,0
BRDA:150,8,1,0
BRDA:157,9,0,0
BRDA:157,9,1,0
BRDA:259,10,0,0
BRDA:259,10,1,0
BRDA:261,11,0,0
BRDA:261,11,1,0
BRDA:286,12,0,0
BRDA:286,12,1,0
BRDA:309,13,0,0
BRDA:314,14,0,0
BRDA:314,15,0,0
BRDA:314,15,1,0
BRDA:318,16,0,0
BRDA:318,17,0,0
BRDA:318,17,1,0
BRDA:391,18,0,0
BRDA:391,18,1,0
BRDA:394,19,0,0
BRDA:395,20,0,0
BRDA:395,20,1,0
BRDA:399,21,0,0
BRDA:400,22,0,0
BRDA:404,23,0,0
BRDA:405,24,0,0
BRDA:405,24,1,0
BRDA:409,25,0,0
BRDA:410,26,0,0
BRDA:418,27,0,0
BRDA:418,27,1,0
BRDA:426,28,0,0
BRDA:426,28,1,0
BRDA:428,29,0,0
BRDA:428,29,1,0
BRDA:432,30,0,0
BRDA:432,30,1,0
BRDA:433,31,0,0
BRDA:433,31,1,0
BRDA:434,32,0,0
BRDA:434,32,1,0
BRDA:444,33,0,0
BRDA:449,34,0,0
BRDA:449,34,1,0
BRDA:474,35,0,0
BRDA:474,35,1,0
BRDA:479,36,0,0
BRDA:479,36,1,0
BRDA:479,37,0,0
BRDA:479,37,1,0
BRDA:512,38,0,0
BRDA:512,38,1,0
BRDA:513,39,0,0
BRDA:513,39,1,0
BRDA:527,40,0,0
BRDA:527,40,1,0
BRDA:528,41,0,0
BRDA:528,41,1,0
BRDA:534,42,0,0
BRDA:534,42,1,0
BRDA:535,43,0,0
BRDA:535,43,1,0
BRDA:540,44,0,0
BRDA:540,44,1,0
BRDA:541,45,0,0
BRDA:541,45,1,0
BRDA:560,46,0,0
BRDA:560,47,0,0
BRDA:560,47,1,0
BRDA:564,48,0,0
BRDA:564,49,0,0
BRDA:564,49,1,0
BRDA:607,50,0,0
BRDA:611,51,0,0
BRDA:611,51,1,0
BRDA:621,52,0,0
BRDA:621,52,1,0
BRDA:656,53,0,0
BRDA:660,54,0,0
BRDA:660,54,1,0
BRDA:662,55,0,0
BRDA:662,55,1,0
BRDA:666,56,0,0
BRDA:666,56,1,0
BRDA:671,57,0,0
BRDA:671,57,1,0
BRDA:675,58,0,0
BRDA:675,58,1,0
BRDA:680,59,0,0
BRDA:684,60,0,0
BRDA:684,60,1,0
BRDA:693,61,0,0
BRDA:693,61,1,0
BRDA:696,62,0,0
BRDA:696,62,1,0
BRDA:698,63,0,0
BRDA:698,63,1,0
BRDA:700,64,0,0
BRDA:700,64,1,0
BRDA:736,65,0,0
BRDA:736,65,1,0
BRDA:752,66,0,0
BRDA:781,67,0,0
BRDA:782,68,0,0
BRDA:788,69,0,0
BRDA:795,70,0,0
BRDA:795,71,0,0
BRDA:795,71,1,0
BRDA:800,72,0,0
BRDA:800,72,1,0
BRDA:802,73,0,0
BRDA:802,73,1,0
BRDA:808,74,0,0
BRDA:824,75,0,0
BRDA:828,76,0,0
BRDA:837,77,0,0
BRDA:838,78,0,0
BRDA:841,79,0,0
BRDA:851,80,0,0
BRDA:852,81,0,0
BRDA:871,82,0,0
BRDA:875,83,0,0
BRDA:881,84,0,0
BRDA:881,84,1,0
BRDA:885,85,0,0
BRDA:885,85,1,0
BRDA:890,86,0,0
BRDA:890,86,1,0
BRDA:898,87,0,0
BRDA:901,88,0,0
BRDA:901,88,1,0
BRDA:908,89,0,0
BRDA:946,90,0,0
BRDA:946,90,1,0
BRDA:950,91,0,0
BRDA:951,92,0,0
BRDA:965,93,0,0
BRDA:965,93,1,0
BRDA:971,94,0,0
BRDA:971,94,1,0
BRDA:979,95,0,0
BRDA:1004,96,0,0
BRDA:1006,97,0,0
BRDA:1006,97,1,0
BRDA:1029,98,0,0
BRDA:1037,99,0,0
BRDA:1045,100,0,0
BRDA:1053,101,0,0
BRDA:1061,102,0,0
BRF:160
BRH:0
end_of_record
TN:
SF:src\moderation\reports.controller.ts
FN:18,(anonymous_4)
FN:23,(anonymous_5)
FNF:2
FNH:0
FNDA:0,(anonymous_4)
FNDA:0,(anonymous_5)
DA:1,0
DA:8,0
DA:9,0
DA:10,0
DA:11,0
DA:17,0
DA:18,0
DA:23,0
DA:24,0
LF:9
LH:0
BRF:0
BRH:0
end_of_record
TN:
SF:src\moderation\queues\moderation.constants.ts
FNF:0
FNH:0
DA:2,0
DA:5,0
LF:2
LH:0
BRF:0
BRH:0
end_of_record
TN:
SF:src\moderation\queues\moderation.producer.ts
FN:14,(anonymous_4)
FN:28,(anonymous_5)
FNF:2
FNH:0
FNDA:0,(anonymous_4)
FNDA:0,(anonymous_5)
DA:1,0
DA:2,0
DA:3,0
DA:4,0
DA:11,0
DA:12,0
DA:16,0
DA:29,0
DA:30,0
DA:44,0
DA:48,0
LF:11
LH:0
BRF:0
BRH:0
end_of_record
TN:
SF:src\moderation\queues\moderation.worker.ts
FN:51,(anonymous_4)
FN:65,(anonymous_5)
FN:78,(anonymous_6)
FN:107,(anonymous_7)
FN:194,(anonymous_8)
FNF:5
FNH:0
FNDA:0,(anonymous_4)
FNDA:0,(anonymous_5)
FNDA:0,(anonymous_6)
FNDA:0,(anonymous_7)
FNDA:0,(anonymous_8)
DA:1,0
DA:2,0
DA:3,0
DA:5,0
DA:6,0
DA:7,0
DA:11,0
DA:15,0
DA:16,0
DA:17,0
DA:26,0
DA:27,0
DA:28,0
DA:29,0
DA:31,0
DA:39,0
DA:48,0
DA:49,0
DA:53,0
DA:55,0
DA:57,0
DA:58,0
DA:60,0
DA:66,0
DA:68,0
DA:69,0
DA:70,0
DA:73,0
DA:79,0
DA:81,0
DA:82,0
DA:84,0
DA:85,0
DA:88,0
DA:90,0
DA:92,0
DA:93,0
DA:94,0
DA:95,0
DA:97,0
DA:102,0
DA:108,0
DA:109,0
DA:111,0
DA:114,0
DA:118,0
DA:124,0
DA:138,0
DA:139,0
DA:145,0
DA:148,0
DA:157,0
DA:159,0
DA:160,0
DA:161,0
DA:162,0
DA:166,0
DA:167,0
DA:173,0
DA:177,0
DA:185,0
DA:200,0
DA:202,0
DA:203,0
DA:204,0
DA:205,0
DA:206,0
DA:207,0
DA:208,0
DA:209,0
DA:210,0
DA:211,0
DA:212,0
DA:213,0
DA:214,0
DA:215,0
DA:216,0
DA:217,0
DA:220,0
DA:222,0
DA:231,0
LF:81
LH:0
BRDA:68,0,0,0
BRDA:82,1,0,0
BRDA:109,2,0,0
BRDA:109,2,1,0
BRDA:138,3,0,0
BRDA:145,4,0,0
BRDA:145,4,1,0
BRDA:146,5,0,0
BRDA:146,5,1,0
BRDA:159,6,0,0
BRDA:159,6,1,0
BRDA:159,7,0,0
BRDA:159,7,1,0
BRDA:161,8,0,0
BRDA:161,9,0,0
BRDA:161,9,1,0
BRDA:166,10,0,0
BRDA:166,10,1,0
BRDA:166,11,0,0
BRDA:166,11,1,0
BRDA:170,12,0,0
BRDA:170,12,1,0
BRDA:173,13,0,0
BRDA:174,14,0,0
BRDA:174,14,1,0
BRDA:180,15,0,0
BRDA:180,15,1,0
BRDA:202,16,0,0
BRDA:202,16,1,0
BRDA:211,17,0,0
BRF:30
BRH:0
end_of_record
TN:
SF:src\moderation\schemas\admin-action-log.schema.ts
FNF:0
FNH:0
DA:1,0
DA:2,0
DA:7,0
DA:9,0
DA:12,0
DA:15,0
DA:18,0
DA:21,0
DA:24,0
DA:27,0
DA:30,0
DA:32,0
DA:33,0
LF:13
LH:0
BRF:0
BRH:0
end_of_record
TN:
SF:src\moderation\schemas\platform-report.schema.ts
FNF:0
FNH:0
DA:1,0
DA:2,0
DA:7,0
DA:9,0
DA:12,0
DA:15,0
DA:18,0
DA:21,0
DA:33,0
DA:36,0
DA:39,0
DA:42,0
DA:45,0
DA:48,0
DA:51,0
DA:54,0
DA:57,0
DA:60,0
DA:63,0
DA:65,0
DA:66,0
DA:67,0
DA:68,0
LF:23
LH:0
BRF:0
BRH:0
end_of_record
TN:
SF:src\payments\mercado-pago-oauth.service.ts
FN:18,(anonymous_4)
FN:23,(anonymous_5)
FN:41,(anonymous_6)
FN:92,(anonymous_7)
FN:96,(anonymous_8)
FN:103,(anonymous_9)
FN:110,(anonymous_10)
FN:116,(anonymous_11)
FN:127,(anonymous_12)
FN:131,(anonymous_13)
FN:135,(anonymous_14)
FN:139,(anonymous_15)
FN:143,(anonymous_16)
FNF:13
FNH:0
FNDA:0,(anonymous_4)
FNDA:0,(anonymous_5)
FNDA:0,(anonymous_6)
FNDA:0,(anonymous_7)
FNDA:0,(anonymous_8)
FNDA:0,(anonymous_9)
FNDA:0,(anonymous_10)
FNDA:0,(anonymous_11)
FNDA:0,(anonymous_12)
FNDA:0,(anonymous_13)
FNDA:0,(anonymous_14)
FNDA:0,(anonymous_15)
FNDA:0,(anonymous_16)
DA:1,0
DA:7,0
DA:8,0
DA:9,0
DA:10,0
DA:15,0
DA:16,0
DA:20,0
DA:24,0
DA:25,0
DA:26,0
DA:31,0
DA:38,0
DA:42,0
DA:43,0
DA:45,0
DA:53,0
DA:58,0
DA:66,0
DA:67,0
DA:68,0
DA:71,0
DA:89,0
DA:93,0
DA:97,0
DA:98,0
DA:99,0
DA:100,0
DA:104,0
DA:105,0
DA:106,0
DA:107,0
DA:111,0
DA:112,0
DA:113,0
DA:117,0
DA:118,0
DA:119,0
DA:120,0
DA:121,0
DA:122,0
DA:123,0
DA:124,0
DA:128,0
DA:132,0
DA:136,0
DA:140,0
DA:144,0
DA:145,0
DA:146,0
LF:50
LH:0
BRDA:43,0,0,0
BRDA:66,1,0,0
BRDA:66,2,0,0
BRDA:66,2,1,0
BRDA:66,2,2,0
BRDA:66,2,3,0
BRDA:67,3,0,0
BRDA:67,3,1,0
BRDA:79,4,0,0
BRDA:79,4,1,0
BRDA:118,5,0,0
BRDA:118,6,0,0
BRDA:118,6,1,0
BRDA:120,7,0,0
BRDA:120,7,1,0
BRDA:121,8,0,0
BRDA:123,9,0,0
BRDA:123,10,0,0
BRDA:123,10,1,0
BRDA:136,11,0,0
BRDA:136,11,1,0
BRDA:140,12,0,0
BRDA:140,12,1,0
BRDA:145,13,0,0
BRF:24
BRH:0
end_of_record
TN:
SF:src\payments\payments.controller.ts
FN:18,(anonymous_4)
FN:28,(anonymous_5)
FN:60,(anonymous_6)
FN:68,(anonymous_7)
FN:75,(anonymous_8)
FN:82,(anonymous_9)
FN:88,(anonymous_10)
FN:94,(anonymous_11)
FN:100,(anonymous_12)
FN:105,(anonymous_13)
FNF:10
FNH:0
FNDA:0,(anonymous_4)
FNDA:0,(anonymous_5)
FNDA:0,(anonymous_6)
FNDA:0,(anonymous_7)
FNDA:0,(anonymous_8)
FNDA:0,(anonymous_9)
FNDA:0,(anonymous_10)
FNDA:0,(anonymous_11)
FNDA:0,(anonymous_12)
FNDA:0,(anonymous_13)
DA:1,0
DA:2,0
DA:4,0
DA:5,0
DA:6,0
DA:7,0
DA:8,0
DA:9,0
DA:10,0
DA:15,0
DA:16,0
DA:19,0
DA:20,0
DA:22,0
DA:28,0
DA:29,0
DA:32,0
DA:33,0
DA:35,0
DA:38,0
DA:44,0
DA:45,0
DA:47,0
DA:52,0
DA:60,0
DA:61,0
DA:68,0
DA:69,0
DA:75,0
DA:76,0
DA:82,0
DA:83,0
DA:88,0
DA:89,0
DA:94,0
DA:95,0
DA:100,0
DA:101,0
DA:105,0
DA:106,0
DA:107,0
DA:111,0
DA:113,0
DA:114,0
LF:44
LH:0
BRDA:32,0,0,0
BRDA:32,1,0,0
BRDA:32,1,1,0
BRF:3
BRH:0
end_of_record
TN:
SF:src\payments\payments.module.ts
FN:37,(anonymous_1)
FNF:1
FNH:0
FNDA:0,(anonymous_1)
DA:1,0
DA:2,0
DA:3,0
DA:4,0
DA:5,0
DA:6,0
DA:7,0
DA:8,0
DA:9,0
DA:10,0
DA:11,0
DA:12,0
DA:13,0
DA:14,0
DA:15,0
DA:16,0
DA:17,0
DA:37,0
DA:43,0
LF:19
LH:0
BRF:0
BRH:0
end_of_record
TN:
SF:src\payments\payments.service.ts
FN:24,(anonymous_4)
FN:40,(anonymous_5)
FN:46,(anonymous_6)
FN:86,(anonymous_7)
FN:120,(anonymous_8)
FN:126,(anonymous_9)
FN:134,(anonymous_10)
FN:249,(anonymous_11)
FN:331,(anonymous_12)
FN:343,(anonymous_13)
FN:412,(anonymous_14)
FN:420,(anonymous_15)
FN:454,(anonymous_16)
FN:486,(anonymous_17)
FN:524,(anonymous_18)
FN:541,(anonymous_19)
FNF:16
FNH:3
FNDA:2,(anonymous_4)
FNDA:0,(anonymous_5)
FNDA:0,(anonymous_6)
FNDA:0,(anonymous_7)
FNDA:1,(anonymous_8)
FNDA:2,(anonymous_9)
FNDA:0,(anonymous_10)
FNDA:0,(anonymous_11)
FNDA:0,(anonymous_12)
FNDA:0,(anonymous_13)
FNDA:0,(anonymous_14)
FNDA:0,(anonymous_15)
FNDA:0,(anonymous_16)
FNDA:0,(anonymous_17)
FNDA:0,(anonymous_18)
FNDA:0,(anonymous_19)
DA:1,1
DA:2,1
DA:3,1
DA:4,1
DA:5,1
DA:6,1
DA:7,1
DA:8,1
DA:9,1
DA:10,1
DA:11,1
DA:12,1
DA:14,1
DA:15,1
DA:17,1
DA:20,1
DA:22,2
DA:25,2
DA:26,2
DA:27,2
DA:28,2
DA:29,2
DA:30,2
DA:31,2
DA:32,2
DA:34,2
DA:40,1
DA:41,0
DA:42,0
DA:43,0
DA:47,0
DA:61,0
DA:63,0
DA:64,0
DA:65,0
DA:66,0
DA:68,0
DA:69,0
DA:82,0
DA:87,0
DA:97,0
DA:99,0
DA:114,0
DA:115,0
DA:116,0
DA:121,1
DA:122,1
DA:123,1
DA:127,2
DA:128,2
DA:129,1
DA:131,1
DA:135,0
DA:136,0
DA:138,0
DA:139,0
DA:142,0
DA:143,0
DA:145,0
DA:146,0
DA:148,0
DA:149,0
DA:150,0
DA:153,0
DA:154,0
DA:156,0
DA:158,0
DA:159,0
DA:161,0
DA:162,0
DA:163,0
DA:164,0
DA:192,0
DA:193,0
DA:194,0
DA:196,0
DA:197,0
DA:200,0
DA:224,0
DA:227,0
DA:229,0
DA:230,0
DA:241,0
DA:244,0
DA:245,0
DA:250,0
DA:252,0
DA:254,0
DA:256,0
DA:259,0
DA:263,0
DA:264,0
DA:265,0
DA:269,0
DA:270,0
DA:271,0
DA:274,0
DA:275,0
DA:278,0
DA:279,0
DA:283,0
DA:284,0
DA:285,0
DA:291,0
DA:292,0
DA:295,0
DA:303,0
DA:305,0
DA:306,0
DA:307,0
DA:313,0
DA:314,0
DA:322,0
DA:325,0
DA:327,0
DA:332,0
DA:333,0
DA:334,0
DA:335,0
DA:337,0
DA:340,0
DA:344,0
DA:345,0
DA:347,0
DA:348,0
DA:351,0
DA:352,0
DA:354,0
DA:355,0
DA:356,0
DA:357,0
DA:358,0
DA:360,0
DA:361,0
DA:362,0
DA:363,0
DA:378,0
DA:379,0
DA:380,0
DA:382,0
DA:383,0
DA:384,0
DA:385,0
DA:386,0
DA:392,0
DA:393,0
DA:395,0
DA:396,0
DA:398,0
DA:402,0
DA:406,0
DA:409,0
DA:413,0
DA:414,0
DA:421,0
DA:422,0
DA:423,0
DA:424,0
DA:425,0
DA:427,0
DA:428,0
DA:430,0
DA:431,0
DA:434,0
DA:435,0
DA:436,0
DA:437,0
DA:440,0
DA:451,0
DA:455,0
DA:456,0
DA:457,0
DA:461,0
DA:470,0
DA:474,0
DA:487,0
DA:488,0
DA:490,0
DA:492,0
DA:493,0
DA:494,0
DA:495,0
DA:496,0
DA:502,0
DA:504,0
DA:505,0
DA:507,0
DA:508,0
DA:509,0
DA:517,0
DA:521,0
DA:525,0
DA:526,0
DA:528,0
DA:529,0
DA:530,0
DA:531,0
DA:536,0
DA:538,0
DA:542,0
DA:543,0
DA:545,0
DA:546,0
DA:547,0
DA:548,0
DA:553,0
DA:555,0
LF:207
LH:34
BRDA:35,0,0,2
BRDA:35,0,1,2
BRDA:61,1,0,0
BRDA:66,2,0,0
BRDA:70,3,0,0
BRDA:70,3,1,0
BRDA:72,4,0,0
BRDA:72,4,1,0
BRDA:73,5,0,0
BRDA:73,5,1,0
BRDA:76,6,0,0
BRDA:76,6,1,0
BRDA:79,7,0,0
BRDA:79,7,1,0
BRDA:79,7,2,0
BRDA:97,8,0,0
BRDA:114,9,0,0
BRDA:128,10,0,1
BRDA:128,11,0,2
BRDA:128,11,1,2
BRDA:128,11,2,2
BRDA:136,12,0,0
BRDA:139,13,0,0
BRDA:142,14,0,0
BRDA:142,14,1,0
BRDA:143,15,0,0
BRDA:143,15,1,0
BRDA:149,16,0,0
BRDA:149,16,1,0
BRDA:153,17,0,0
BRDA:153,17,1,0
BRDA:153,17,2,0
BRDA:154,18,0,0
BRDA:154,18,1,0
BRDA:177,19,0,0
BRDA:177,19,1,0
BRDA:178,20,0,0
BRDA:178,20,1,0
BRDA:178,20,2,0
BRDA:188,21,0,0
BRDA:188,21,1,0
BRDA:192,22,0,0
BRDA:192,22,1,0
BRDA:193,23,0,0
BRDA:193,23,1,0
BRDA:193,23,2,0
BRDA:210,24,0,0
BRDA:210,24,1,0
BRDA:213,25,0,0
BRDA:213,25,1,0
BRDA:233,26,0,0
BRDA:233,26,1,0
BRDA:233,26,2,0
BRDA:263,27,0,0
BRDA:269,28,0,0
BRDA:269,29,0,0
BRDA:269,29,1,0
BRDA:278,30,0,0
BRDA:278,30,1,0
BRDA:297,31,0,0
BRDA:297,31,1,0
BRDA:298,32,0,0
BRDA:298,32,1,0
BRDA:305,33,0,0
BRDA:305,33,1,0
BRDA:313,34,0,0
BRDA:333,35,0,0
BRDA:345,36,0,0
BRDA:347,37,0,0
BRDA:347,38,0,0
BRDA:347,38,1,0
BRDA:347,38,2,0
BRDA:352,39,0,0
BRDA:355,40,0,0
BRDA:355,40,1,0
BRDA:355,40,2,0
BRDA:356,41,0,0
BRDA:356,41,1,0
BRDA:357,42,0,0
BRDA:357,42,1,0
BRDA:358,43,0,0
BRDA:358,43,1,0
BRDA:366,44,0,0
BRDA:366,44,1,0
BRDA:366,44,2,0
BRDA:374,45,0,0
BRDA:374,45,1,0
BRDA:378,46,0,0
BRDA:378,46,1,0
BRDA:379,47,0,0
BRDA:379,47,1,0
BRDA:380,48,0,0
BRDA:380,48,1,0
BRDA:383,49,0,0
BRDA:383,49,1,0
BRDA:396,50,0,0
BRDA:396,50,1,0
BRDA:398,51,0,0
BRDA:399,52,0,0
BRDA:399,52,1,0
BRDA:399,52,2,0
BRDA:413,53,0,0
BRDA:413,53,1,0
BRDA:424,54,0,0
BRDA:427,55,0,0
BRDA:427,56,0,0
BRDA:427,56,1,0
BRDA:430,57,0,0
BRDA:430,58,0,0
BRDA:430,58,1,0
BRDA:430,58,2,0
BRDA:436,59,0,0
BRDA:456,60,0,0
BRDA:456,60,1,0
BRDA:471,61,0,0
BRDA:471,61,1,0
BRDA:471,62,0,0
BRDA:471,62,1,0
BRDA:477,63,0,0
BRDA:477,63,1,0
BRDA:478,64,0,0
BRDA:478,64,1,0
BRDA:479,65,0,0
BRDA:479,65,1,0
BRDA:488,66,0,0
BRDA:507,67,0,0
BRDA:511,68,0,0
BRDA:511,68,1,0
BRDA:512,69,0,0
BRDA:512,69,1,0
BRDA:526,70,0,0
BRDA:528,71,0,0
BRDA:528,72,0,0
BRDA:528,72,1,0
BRDA:543,73,0,0
BRDA:545,74,0,0
BRF:136
BRH:6
end_of_record
TN:
SF:src\payments\schemas\payment.schema.ts
FNF:0
FNH:0
DA:1,1
DA:2,1
DA:7,1
DA:9,1
DA:12,1
DA:15,1
DA:18,1
DA:21,1
DA:24,1
DA:27,1
DA:42,1
DA:45,1
DA:48,1
DA:51,1
DA:54,1
DA:57,1
DA:60,1
DA:63,1
DA:66,1
DA:69,1
DA:72,1
DA:75,1
DA:78,1
DA:81,1
DA:88,1
DA:95,1
DA:97,1
DA:98,1
DA:99,1
LF:29
LH:29
BRF:0
BRH:0
end_of_record
TN:
SF:src\payments\schemas\withdrawal.schema.ts
FNF:0
FNH:0
DA:1,1
DA:2,1
DA:7,1
DA:9,1
DA:12,1
DA:15,1
DA:18,1
DA:29,1
DA:32,1
DA:35,1
DA:38,1
DA:39,1
LF:12
LH:12
BRF:0
BRH:0
end_of_record
TN:
SF:src\queue\email.producer.ts
FN:21,(anonymous_4)
FN:24,(anonymous_5)
FN:29,(anonymous_6)
FN:31,(anonymous_7)
FN:36,(anonymous_8)
FN:41,(anonymous_9)
FN:46,(anonymous_10)
FN:51,(anonymous_11)
FN:56,(anonymous_12)
FN:61,(anonymous_13)
FN:66,(anonymous_14)
FN:71,(anonymous_15)
FN:75,(anonymous_16)
FN:83,(anonymous_17)
FN:101,(anonymous_18)
FN:106,(anonymous_19)
FNF:16
FNH:0
FNDA:0,(anonymous_4)
FNDA:0,(anonymous_5)
FNDA:0,(anonymous_6)
FNDA:0,(anonymous_7)
FNDA:0,(anonymous_8)
FNDA:0,(anonymous_9)
FNDA:0,(anonymous_10)
FNDA:0,(anonymous_11)
FNDA:0,(anonymous_12)
FNDA:0,(anonymous_13)
FNDA:0,(anonymous_14)
FNDA:0,(anonymous_15)
FNDA:0,(anonymous_16)
FNDA:0,(anonymous_17)
FNDA:0,(anonymous_18)
FNDA:0,(anonymous_19)
DA:1,3
DA:2,3
DA:3,3
DA:4,3
DA:20,3
DA:22,0
DA:25,0
DA:27,0
DA:29,0
DA:32,0
DA:33,0
DA:37,0
DA:38,0
DA:42,0
DA:43,0
DA:47,0
DA:48,0
DA:52,0
DA:53,0
DA:57,0
DA:58,0
DA:62,0
DA:63,0
DA:67,0
DA:68,0
DA:72,0
DA:76,0
DA:88,0
DA:98,0
DA:102,0
DA:103,0
DA:107,0
DA:108,0
LF:33
LH:5
BRF:0
BRH:0
end_of_record
TN:
SF:src\queue\email.worker.ts
FN:11,(anonymous_2)
FN:15,(anonymous_3)
FNF:2
FNH:0
FNDA:0,(anonymous_2)
FNDA:0,(anonymous_3)
DA:1,0
DA:3,0
DA:4,0
DA:5,0
DA:8,0
DA:9,0
DA:11,0
DA:12,0
DA:16,0
DA:18,0
DA:20,0
DA:21,0
DA:23,0
DA:24,0
DA:26,0
DA:27,0
DA:29,0
DA:30,0
DA:32,0
DA:33,0
DA:35,0
DA:36,0
DA:38,0
DA:39,0
DA:41,0
DA:42,0
DA:44,0
DA:45,0
DA:47,0
DA:48,0
DA:50,0
DA:51,0
DA:53,0
DA:54,0
DA:56,0
DA:59,0
LF:36
LH:0
BRDA:18,0,0,0
BRDA:18,0,1,0
BRDA:18,0,2,0
BRDA:18,0,3,0
BRDA:18,0,4,0
BRDA:18,0,5,0
BRDA:18,0,6,0
BRDA:18,0,7,0
BRDA:18,0,8,0
BRDA:18,0,9,0
BRDA:18,0,10,0
BRDA:18,0,11,0
BRDA:18,0,12,0
BRF:13
BRH:0
end_of_record
TN:
SF:src\queue\payments.worker.ts
FN:12,(anonymous_2)
FN:16,(anonymous_3)
FNF:2
FNH:0
FNDA:0,(anonymous_2)
FNDA:0,(anonymous_3)
DA:2,0
DA:4,0
DA:5,0
DA:6,0
DA:9,0
DA:10,0
DA:12,0
DA:13,0
DA:17,0
DA:19,0
DA:20,0
DA:22,0
LF:12
LH:0
BRDA:19,0,0,0
BRF:1
BRH:0
end_of_record
TN:
SF:src\queue\queue.constants.ts
FNF:0
FNH:0
DA:1,3
DA:3,3
LF:2
LH:2
BRF:0
BRH:0
end_of_record
TN:
SF:src\queue\queue.module.ts
FNF:0
FNH:0
DA:1,0
DA:2,0
DA:3,0
DA:4,0
DA:5,0
DA:6,0
DA:47,0
LF:7
LH:0
BRDA:15,0,0,0
BRDA:15,0,1,0
BRF:2
BRH:0
end_of_record
TN:
SF:src\redis\cache-keys.ts
FN:18,(anonymous_0)
FNF:1
FNH:0
FNDA:0,(anonymous_0)
DA:5,0
DA:25,0
DA:30,0
LF:3
LH:0
BRDA:26,0,0,0
BRDA:26,0,1,0
BRF:2
BRH:0
end_of_record
TN:
SF:src\redis\jwt-blacklist.service.ts
FN:7,(anonymous_4)
FN:10,(anonymous_5)
FN:19,(anonymous_6)
FN:25,(anonymous_7)
FN:34,(anonymous_8)
FN:39,(anonymous_9)
FNF:6
FNH:0
FNDA:0,(anonymous_4)
FNDA:0,(anonymous_5)
FNDA:0,(anonymous_6)
FNDA:0,(anonymous_7)
FNDA:0,(anonymous_8)
FNDA:0,(anonymous_9)
DA:1,1
DA:2,1
DA:3,1
DA:6,1
DA:7,0
DA:11,0
DA:20,0
DA:21,0
DA:26,0
DA:35,0
DA:36,0
DA:40,0
LF:12
LH:4
BRF:0
BRH:0
end_of_record
TN:
SF:src\redis\redis-cache.service.ts
FN:11,(anonymous_3)
FN:13,(anonymous_4)
FN:29,(anonymous_5)
FN:36,(anonymous_6)
FN:41,(anonymous_7)
FN:52,(anonymous_8)
FN:54,(anonymous_9)
FN:60,(anonymous_10)
FN:73,(anonymous_11)
FN:83,(anonymous_12)
FN:97,(anonymous_13)
FN:133,(anonymous_14)
FN:150,(anonymous_15)
FN:167,(anonymous_16)
FNF:14
FNH:0
FNDA:0,(anonymous_3)
FNDA:0,(anonymous_4)
FNDA:0,(anonymous_5)
FNDA:0,(anonymous_6)
FNDA:0,(anonymous_7)
FNDA:0,(anonymous_8)
FNDA:0,(anonymous_9)
FNDA:0,(anonymous_10)
FNDA:0,(anonymous_11)
FNDA:0,(anonymous_12)
FNDA:0,(anonymous_13)
FNDA:0,(anonymous_14)
FNDA:0,(anonymous_15)
FNDA:0,(anonymous_16)
DA:1,0
DA:2,0
DA:3,0
DA:6,0
DA:7,0
DA:8,0
DA:9,0
DA:11,0
DA:14,0
DA:16,0
DA:17,0
DA:18,0
DA:21,0
DA:22,0
DA:29,0
DA:30,0
DA:31,0
DA:33,0
DA:36,0
DA:37,0
DA:38,0
DA:41,0
DA:42,0
DA:45,0
DA:47,0
DA:48,0
DA:53,0
DA:54,0
DA:61,0
DA:63,0
DA:64,0
DA:65,0
DA:66,0
DA:68,0
DA:69,0
DA:74,0
DA:76,0
DA:77,0
DA:79,0
DA:84,0
DA:86,0
DA:87,0
DA:89,0
DA:98,0
DA:100,0
DA:101,0
DA:102,0
DA:104,0
DA:105,0
DA:112,0
DA:113,0
DA:116,0
DA:117,0
DA:118,0
DA:121,0
DA:134,0
DA:136,0
DA:138,0
DA:139,0
DA:141,0
DA:142,0
DA:155,0
DA:156,0
DA:157,0
DA:158,0
DA:161,0
DA:162,0
DA:163,0
DA:164,0
DA:168,0
LF:70
LH:0
BRDA:16,0,0,0
BRDA:30,1,0,0
BRDA:53,2,0,0
BRDA:61,3,0,0
BRDA:61,4,0,0
BRDA:61,4,1,0
BRDA:65,5,0,0
BRDA:74,6,0,0
BRDA:74,7,0,0
BRDA:74,7,1,0
BRDA:84,8,0,0
BRDA:84,9,0,0
BRDA:84,9,1,0
BRDA:98,10,0,0
BRDA:98,11,0,0
BRDA:98,11,1,0
BRDA:116,12,0,0
BRDA:134,13,0,0
BRDA:134,14,0,0
BRDA:134,14,1,0
BRDA:156,15,0,0
BRDA:168,16,0,0
BRDA:168,16,1,0
BRF:23
BRH:0
end_of_record
TN:
SF:src\redis\redis-lock.service.ts
FN:12,(anonymous_4)
FN:14,(anonymous_5)
FN:18,(anonymous_6)
FN:37,(anonymous_7)
FN:52,(anonymous_8)
FN:58,(anonymous_9)
FN:74,(anonymous_10)
FNF:7
FNH:0
FNDA:0,(anonymous_4)
FNDA:0,(anonymous_5)
FNDA:0,(anonymous_6)
FNDA:0,(anonymous_7)
FNDA:0,(anonymous_8)
FNDA:0,(anonymous_9)
FNDA:0,(anonymous_10)
DA:1,2
DA:2,2
DA:3,2
DA:6,2
DA:7,0
DA:8,0
DA:9,0
DA:10,0
DA:12,0
DA:15,0
DA:19,0
DA:20,0
DA:22,0
DA:30,0
DA:31,0
DA:34,0
DA:41,0
DA:42,0
DA:44,0
DA:45,0
DA:48,0
DA:52,0
DA:55,0
DA:59,0
DA:63,0
DA:71,0
DA:79,0
DA:81,0
DA:82,0
DA:84,0
LF:30
LH:4
BRDA:18,0,0,0
BRDA:30,1,0,0
BRDA:39,2,0,0
BRDA:44,3,0,0
BRDA:77,4,0,0
BRF:5
BRH:0
end_of_record
TN:
SF:src\redis\redis.constants.ts
FNF:0
FNH:0
DA:1,3
LF:1
LH:1
BRF:0
BRH:0
end_of_record
TN:
SF:src\redis\redis.module.ts
FN:14,(anonymous_2)
FNF:1
FNH:0
FNDA:0,(anonymous_2)
DA:1,0
DA:2,0
DA:3,0
DA:4,0
DA:5,0
DA:6,0
DA:7,0
DA:8,0
DA:15,0
DA:17,0
DA:36,0
LF:11
LH:0
BRDA:15,0,0,0
BRDA:15,0,1,0
BRF:2
BRH:0
end_of_record
TN:
SF:src\reviews\reviews.controller.ts
FN:26,(anonymous_4)
FN:35,(anonymous_5)
FN:42,(anonymous_6)
FN:51,(anonymous_7)
FN:60,(anonymous_8)
FN:69,(anonymous_9)
FNF:6
FNH:0
FNDA:0,(anonymous_4)
FNDA:0,(anonymous_5)
FNDA:0,(anonymous_6)
FNDA:0,(anonymous_7)
FNDA:0,(anonymous_8)
FNDA:0,(anonymous_9)
DA:2,0
DA:14,0
DA:15,0
DA:16,0
DA:17,0
DA:18,0
DA:20,0
DA:25,0
DA:27,0
DA:28,0
DA:35,0
DA:36,0
DA:42,0
DA:43,0
DA:44,0
DA:46,0
DA:51,0
DA:52,0
DA:53,0
DA:55,0
DA:60,0
DA:61,0
DA:62,0
DA:64,0
DA:69,0
DA:70,0
DA:73,0
DA:75,0
DA:76,0
DA:79,0
LF:30
LH:0
BRDA:43,0,0,0
BRDA:52,1,0,0
BRDA:61,2,0,0
BRDA:75,3,0,0
BRF:4
BRH:0
end_of_record
TN:
SF:src\reviews\reviews.module.ts
FNF:0
FNH:0
DA:1,0
DA:2,0
DA:3,0
DA:4,0
DA:5,0
DA:6,0
DA:7,0
DA:18,0
LF:8
LH:0
BRF:0
BRH:0
end_of_record
TN:
SF:src\reviews\reviews.service.ts
FN:20,(anonymous_4)
FN:26,(anonymous_5)
FN:86,(anonymous_6)
FN:93,(anonymous_7)
FN:123,(anonymous_8)
FN:134,(anonymous_9)
FN:141,(anonymous_10)
FN:147,(anonymous_11)
FN:176,(anonymous_12)
FN:177,(anonymous_13)
FNF:10
FNH:0
FNDA:0,(anonymous_4)
FNDA:0,(anonymous_5)
FNDA:0,(anonymous_6)
FNDA:0,(anonymous_7)
FNDA:0,(anonymous_8)
FNDA:0,(anonymous_9)
FNDA:0,(anonymous_10)
FNDA:0,(anonymous_11)
FNDA:0,(anonymous_12)
FNDA:0,(anonymous_13)
DA:2,0
DA:8,0
DA:9,0
DA:10,0
DA:12,0
DA:13,0
DA:19,0
DA:21,0
DA:22,0
DA:23,0
DA:28,0
DA:29,0
DA:33,0
DA:34,0
DA:38,0
DA:39,0
DA:43,0
DA:45,0
DA:46,0
DA:50,0
DA:51,0
DA:52,0
DA:56,0
DA:57,0
DA:61,0
DA:65,0
DA:66,0
DA:70,0
DA:78,0
DA:81,0
DA:83,0
DA:87,0
DA:95,0
DA:101,0
DA:103,0
DA:104,0
DA:108,0
DA:109,0
DA:120,0
DA:124,0
DA:126,0
DA:135,0
DA:139,0
DA:141,0
DA:142,0
DA:144,0
DA:148,0
DA:150,0
DA:151,0
DA:152,0
DA:155,0
DA:169,0
DA:171,0
DA:172,0
DA:175,0
DA:176,0
DA:178,0
DA:179,0
DA:181,0
DA:201,0
DA:203,0
DA:205,0
DA:206,0
LF:63
LH:0
BRDA:28,0,0,0
BRDA:33,1,0,0
BRDA:38,2,0,0
BRDA:45,3,0,0
BRDA:50,4,0,0
BRDA:50,4,1,0
BRDA:51,5,0,0
BRDA:56,6,0,0
BRDA:65,7,0,0
BRDA:108,8,0,0
BRDA:111,9,0,0
BRDA:111,9,1,0
BRDA:111,9,2,0
BRDA:130,10,0,0
BRDA:130,10,1,0
BRDA:139,11,0,0
BRDA:151,12,0,0
BRDA:171,13,0,0
BRDA:184,14,0,0
BRDA:184,14,1,0
BRDA:194,15,0,0
BRDA:194,15,1,0
BRDA:195,16,0,0
BRDA:195,16,1,0
BRF:24
BRH:0
end_of_record
TN:
SF:src\reviews\schemas\review.schema.ts
FNF:0
FNH:0
DA:1,0
DA:2,0
DA:7,0
DA:9,0
DA:12,0
DA:15,0
DA:18,0
DA:21,0
DA:27,0
LF:9
LH:0
BRF:0
BRH:0
end_of_record
TN:
SF:src\services\services-module.ts
FNF:0
FNH:0
DA:1,0
DA:2,0
DA:3,0
DA:4,0
DA:5,0
DA:17,0
LF:6
LH:0
BRF:0
BRH:0
end_of_record
TN:
SF:src\services\services.controller.ts
FN:9,(anonymous_4)
FN:14,(anonymous_5)
FN:21,(anonymous_6)
FN:30,(anonymous_7)
FN:45,(anonymous_8)
FNF:5
FNH:0
FNDA:0,(anonymous_4)
FNDA:0,(anonymous_5)
FNDA:0,(anonymous_6)
FNDA:0,(anonymous_7)
FNDA:0,(anonymous_8)
DA:1,0
DA:2,0
DA:3,0
DA:8,0
DA:9,0
DA:14,0
DA:15,0
DA:21,0
DA:22,0
DA:30,0
DA:35,0
DA:45,0
DA:46,0
LF:13
LH:0
BRDA:38,0,0,0
BRDA:38,0,1,0
BRF:2
BRH:0
end_of_record
TN:
SF:src\services\services.service.ts
FN:8,(anonymous_4)
FN:13,(anonymous_5)
FN:20,(anonymous_6)
FN:291,(anonymous_7)
FN:392,(anonymous_8)
FN:400,(anonymous_9)
FN:404,(anonymous_10)
FN:414,(anonymous_11)
FN:446,(anonymous_12)
FNF:9
FNH:0
FNDA:0,(anonymous_4)
FNDA:0,(anonymous_5)
FNDA:0,(anonymous_6)
FNDA:0,(anonymous_7)
FNDA:0,(anonymous_8)
FNDA:0,(anonymous_9)
FNDA:0,(anonymous_10)
FNDA:0,(anonymous_11)
FNDA:0,(anonymous_12)
DA:1,0
DA:2,0
DA:3,0
DA:4,0
DA:7,0
DA:10,0
DA:14,0
DA:15,0
DA:16,0
DA:22,0
DA:61,0
DA:86,0
DA:110,0
DA:291,0
DA:388,0
DA:389,0
DA:393,0
DA:394,0
DA:395,0
DA:397,0
DA:401,0
DA:409,0
DA:410,0
DA:411,0
DA:414,0
DA:415,0
DA:416,0
DA:419,0
DA:420,0
DA:421,0
DA:422,0
DA:424,0
DA:447,0
DA:448,0
DA:449,0
LF:35
LH:0
BRDA:15,0,0,0
BRDA:394,1,0,0
BRDA:410,2,0,0
BRDA:415,3,0,0
BRDA:419,4,0,0
BRDA:419,4,1,0
BRF:6
BRH:0
end_of_record
TN:
SF:src\services\schemas\service-type.schema.ts
FNF:0
FNH:0
DA:1,0
DA:7,0
DA:9,0
DA:12,0
DA:15,0
DA:18,0
DA:21,0
DA:24,0
DA:33,0
DA:36,0
DA:39,0
DA:42,0
DA:45,0
DA:48,0
DA:51,0
DA:54,0
LF:16
LH:0
BRF:0
BRH:0
end_of_record
TN:
SF:src\users\presence-sync.service.ts
FN:9,(anonymous_2)
FN:13,(anonymous_3)
FNF:2
FNH:0
FNDA:0,(anonymous_2)
FNDA:0,(anonymous_3)
DA:1,0
DA:2,0
DA:3,0
DA:6,0
DA:7,0
DA:9,0
DA:13,0
DA:14,0
LF:8
LH:0
BRF:0
BRH:0
end_of_record
TN:
SF:src\users\users.controller.ts
FN:26,imageFileFilter
FN:40,(anonymous_14)
FN:48,(anonymous_15)
FN:56,(anonymous_16)
FN:71,(anonymous_17)
FN:99,(anonymous_18)
FN:123,(anonymous_19)
FN:131,(anonymous_20)
FN:138,(anonymous_21)
FN:148,(anonymous_22)
FN:157,(anonymous_23)
FN:163,(anonymous_24)
FNF:12
FNH:0
FNDA:0,imageFileFilter
FNDA:0,(anonymous_14)
FNDA:0,(anonymous_15)
FNDA:0,(anonymous_16)
FNDA:0,(anonymous_17)
FNDA:0,(anonymous_18)
FNDA:0,(anonymous_19)
FNDA:0,(anonymous_20)
FNDA:0,(anonymous_21)
FNDA:0,(anonymous_22)
FNDA:0,(anonymous_23)
FNDA:0,(anonymous_24)
DA:1,0
DA:17,0
DA:18,0
DA:19,0
DA:20,0
DA:21,0
DA:22,0
DA:23,0
DA:24,0
DA:27,0
DA:28,0
DA:33,0
DA:39,0
DA:41,0
DA:42,0
DA:48,0
DA:49,0
DA:56,0
DA:57,0
DA:71,0
DA:72,0
DA:73,0
DA:77,0
DA:80,0
DA:83,0
DA:84,0
DA:85,0
DA:87,0
DA:91,0
DA:99,0
DA:100,0
DA:102,0
DA:103,0
DA:106,0
DA:107,0
DA:108,0
DA:110,0
DA:114,0
DA:123,0
DA:124,0
DA:125,0
DA:131,0
DA:132,0
DA:133,0
DA:138,0
DA:139,0
DA:140,0
DA:141,0
DA:142,0
DA:143,0
DA:148,0
DA:152,0
DA:157,0
DA:158,0
DA:163,0
DA:167,0
LF:56
LH:0
BRDA:27,0,0,0
BRDA:72,1,0,0
BRDA:83,2,0,0
BRDA:102,3,0,0
BRDA:106,4,0,0
BRDA:140,5,0,0
BRDA:142,6,0,0
BRF:7
BRH:0
end_of_record
TN:
SF:src\users\users.module.ts
FNF:0
FNH:0
DA:1,0
DA:2,0
DA:3,0
DA:4,0
DA:5,0
DA:6,0
DA:7,0
DA:15,0
LF:8
LH:0
BRF:0
BRH:0
end_of_record
TN:
SF:src\users\users.service.ts
FN:17,(anonymous_14)
FN:23,(anonymous_15)
FN:40,(anonymous_16)
FN:43,(anonymous_17)
FN:46,(anonymous_18)
FN:52,(anonymous_19)
FN:60,(anonymous_20)
FN:65,(anonymous_21)
FN:79,(anonymous_22)
FN:88,(anonymous_23)
FN:103,(anonymous_24)
FN:111,(anonymous_25)
FN:122,(anonymous_26)
FN:151,(anonymous_27)
FN:159,(anonymous_28)
FN:183,(anonymous_29)
FN:188,(anonymous_30)
FN:192,(anonymous_31)
FN:197,(anonymous_32)
FN:210,(anonymous_33)
FN:226,(anonymous_34)
FN:231,(anonymous_35)
FN:232,(anonymous_36)
FNF:23
FNH:0
FNDA:0,(anonymous_14)
FNDA:0,(anonymous_15)
FNDA:0,(anonymous_16)
FNDA:0,(anonymous_17)
FNDA:0,(anonymous_18)
FNDA:0,(anonymous_19)
FNDA:0,(anonymous_20)
FNDA:0,(anonymous_21)
FNDA:0,(anonymous_22)
FNDA:0,(anonymous_23)
FNDA:0,(anonymous_24)
FNDA:0,(anonymous_25)
FNDA:0,(anonymous_26)
FNDA:0,(anonymous_27)
FNDA:0,(anonymous_28)
FNDA:0,(anonymous_29)
FNDA:0,(anonymous_30)
FNDA:0,(anonymous_31)
FNDA:0,(anonymous_32)
FNDA:0,(anonymous_33)
FNDA:0,(anonymous_34)
FNDA:0,(anonymous_35)
FNDA:0,(anonymous_36)
DA:1,2
DA:2,2
DA:3,2
DA:4,2
DA:5,2
DA:6,2
DA:9,2
DA:12,2
DA:13,0
DA:14,0
DA:15,0
DA:18,0
DA:20,0
DA:24,0
DA:25,0
DA:26,0
DA:29,0
DA:30,0
DA:37,0
DA:41,0
DA:44,0
DA:47,0
DA:48,0
DA:49,0
DA:53,0
DA:56,0
DA:57,0
DA:61,0
DA:62,0
DA:70,0
DA:82,0
DA:89,0
DA:91,0
DA:104,0
DA:105,0
DA:108,0
DA:112,0
DA:115,0
DA:118,0
DA:123,0
DA:124,0
DA:125,0
DA:126,0
DA:128,0
DA:129,0
DA:130,0
DA:133,0
DA:135,0
DA:142,0
DA:147,0
DA:152,0
DA:160,0
DA:162,0
DA:163,0
DA:166,0
DA:167,0
DA:172,0
DA:173,0
DA:174,0
DA:175,0
DA:177,0
DA:184,0
DA:185,0
DA:187,0
DA:188,0
DA:191,0
DA:192,0
DA:195,0
DA:196,0
DA:197,0
DA:200,0
DA:203,0
DA:204,0
DA:211,0
DA:222,0
DA:223,0
DA:227,0
DA:228,0
DA:230,0
DA:231,0
DA:232,0
DA:234,0
DA:235,0
LF:83
LH:8
BRDA:25,0,0,0
BRDA:48,1,0,0
BRDA:56,2,0,0
BRDA:133,3,0,0
BRDA:162,4,0,0
BRDA:166,5,0,0
BRDA:166,6,0,0
BRDA:166,6,1,0
BRDA:173,7,0,0
BRDA:173,7,1,0
BRDA:185,8,0,0
BRDA:188,9,0,0
BRDA:188,9,1,0
BRDA:195,10,0,0
BRDA:195,10,1,0
BRDA:222,11,0,0
BRDA:223,12,0,0
BRDA:223,12,1,0
BRDA:228,13,0,0
BRDA:231,14,0,0
BRDA:231,14,1,0
BRF:21
BRH:0
end_of_record
TN:
SF:src\users\schemas\user.schema.ts
FNF:0
FNH:0
DA:1,2
DA:2,2
DA:7,2
DA:9,2
DA:12,2
DA:15,2
DA:18,2
DA:21,2
DA:24,2
DA:27,2
DA:30,2
DA:33,2
DA:36,2
DA:39,2
DA:42,2
DA:45,2
DA:48,2
DA:51,2
DA:54,2
DA:57,2
DA:60,2
DA:63,2
DA:66,2
DA:69,2
DA:72,2
DA:75,2
DA:78,2
DA:81,2
DA:88,2
DA:91,2
LF:30
LH:30
BRF:0
BRH:0
end_of_record
